<testsuites>
  <testsuite package="elasticsearch-js" id="0" name="yaml -" timestamp="2013-12-12T23:04:57.708Z" hostname="localhost" tests="0" failures="0" errors="0" time="11.39">
    <system-out><![CDATA[INFO: 2013-12-12T23:04:57Z
  Adding connection to http://localhost:9200/

DEBUG: 2013-12-12T23:04:57Z
  starting request { method: 'HEAD', requestTimeout: 100, path: '/', query: {} }
  

TRACE: 2013-12-12T23:04:57Z
  curl 'http://localhost:9200/?pretty=true' -XHEAD
  <- 200
  

INFO: 2013-12-12T23:04:57Z
  Request complete

DEBUG: 2013-12-12T23:04:57Z
  starting request { method: 'DELETE', path: '/*', ignore: [ 404 ], query: {} }
  

TRACE: 2013-12-12T23:04:57Z
  curl 'http://localhost:9200/*?pretty=true' -XDELETE
  <- 404
  {
    "error": "IndexMissingException[[*] missing]",
    "status": 404
  }

INFO: 2013-12-12T23:04:57Z
  Request complete

]]></system-out>
  </testsuite>
  <testsuite package="elasticsearch-js" id="1" name="yaml - bulk/10_basic.yaml" timestamp="2013-12-12T23:04:57.728Z" hostname="localhost" tests="1" failures="0" errors="0" time="0.042">
    <testcase name="Array of objects" time="0.035" classname="node v0.10.23.yaml - bulk"/>
    <system-out><![CDATA[DEBUG: 2013-12-12T23:04:57Z
  starting request { method: 'POST',
    bulkBody: true,
    path: '/_bulk',
    body: 
     [ { index: [Object] },
       { f1: 'v1', f2: 42 },
       { index: [Object] },
       { f1: 'v2', f2: 47 } ],
    query: { refresh: true } }
  

TRACE: 2013-12-12T23:04:57Z
  curl 'http://localhost:9200/_bulk?pretty=true' -XPOST -d '{"index":{"_index":"test_index","_type":"test_type","_id":"test_id"}}
  {"f1":"v1","f2":42}
  {"index":{"_index":"test_index","_type":"test_type","_id":"test_id2"}}
  {"f1":"v2","f2":47}
  '
  <- 200
  {
    "took": 28,
    "items": [
      {
        "index": {
          "_index": "test_index",
          "_type": "test_type",
          "_id": "test_id",
          "_version": 1,
          "ok": true
        }
      },
      {
        "index": {
          "_index": "test_index",
          "_type": "test_type",
          "_id": "test_id2",
          "_version": 1,
          "ok": true
        }
      }
    ]
  }

INFO: 2013-12-12T23:04:57Z
  Request complete

DEBUG: 2013-12-12T23:04:57Z
  starting request { method: 'POST', path: '/test_index/_count', query: {} }
  

TRACE: 2013-12-12T23:04:57Z
  curl 'http://localhost:9200/test_index/_count?pretty=true' -XPOST
  <- 200
  {
    "count": 2,
    "_shards": {
      "total": 5,
      "successful": 5,
      "failed": 0
    }
  }

INFO: 2013-12-12T23:04:57Z
  Request complete

DEBUG: 2013-12-12T23:04:57Z
  starting request { method: 'DELETE', path: '/*', ignore: [ 404 ], query: {} }
  

TRACE: 2013-12-12T23:04:57Z
  curl 'http://localhost:9200/*?pretty=true' -XDELETE
  <- 200
  {
    "ok": true,
    "acknowledged": true
  }

INFO: 2013-12-12T23:04:57Z
  Request complete

]]></system-out>
  </testsuite>
  <testsuite package="elasticsearch-js" id="2" name="yaml - bulk/20_list_of_strings.yaml" timestamp="2013-12-12T23:04:57.770Z" hostname="localhost" tests="1" failures="0" errors="0" time="0.038">
    <testcase name="List of strings" time="0.031" classname="node v0.10.23.yaml - bulk"/>
    <system-out><![CDATA[DEBUG: 2013-12-12T23:04:57Z
  starting request { method: 'POST',
    bulkBody: true,
    path: '/_bulk',
    body: 
     [ '{"index": {"_index": "test_index", "_type": "test_type", "_id": "test_id"}}',
       '{"f1": "v1", "f2": 42}',
       '{"index": {"_index": "test_index", "_type": "test_type", "_id": "test_id2"}}',
       '{"f1": "v2", "f2": 47}' ],
    query: { refresh: true } }
  

TRACE: 2013-12-12T23:04:57Z
  curl 'http://localhost:9200/_bulk?pretty=true' -XPOST -d '{"index": {"_index": "test_index", "_type": "test_type", "_id": "test_id"}}
  {"f1": "v1", "f2": 42}
  {"index": {"_index": "test_index", "_type": "test_type", "_id": "test_id2"}}
  {"f1": "v2", "f2": 47}
  '
  <- 200
  {
    "took": 26,
    "items": [
      {
        "index": {
          "_index": "test_index",
          "_type": "test_type",
          "_id": "test_id",
          "_version": 1,
          "ok": true
        }
      },
      {
        "index": {
          "_index": "test_index",
          "_type": "test_type",
          "_id": "test_id2",
          "_version": 1,
          "ok": true
        }
      }
    ]
  }

INFO: 2013-12-12T23:04:57Z
  Request complete

DEBUG: 2013-12-12T23:04:57Z
  starting request { method: 'POST', path: '/test_index/_count', query: {} }
  

TRACE: 2013-12-12T23:04:57Z
  curl 'http://localhost:9200/test_index/_count?pretty=true' -XPOST
  <- 200
  {
    "count": 2,
    "_shards": {
      "total": 5,
      "successful": 5,
      "failed": 0
    }
  }

INFO: 2013-12-12T23:04:57Z
  Request complete

DEBUG: 2013-12-12T23:04:57Z
  starting request { method: 'DELETE', path: '/*', ignore: [ 404 ], query: {} }
  

TRACE: 2013-12-12T23:04:57Z
  curl 'http://localhost:9200/*?pretty=true' -XDELETE
  <- 200
  {
    "ok": true,
    "acknowledged": true
  }

INFO: 2013-12-12T23:04:57Z
  Request complete

]]></system-out>
  </testsuite>
  <testsuite package="elasticsearch-js" id="3" name="yaml - bulk/30_big_string.yaml" timestamp="2013-12-12T23:04:57.808Z" hostname="localhost" tests="1" failures="0" errors="0" time="0.041">
    <testcase name="One big string" time="0.035" classname="node v0.10.23.yaml - bulk"/>
    <system-out><![CDATA[DEBUG: 2013-12-12T23:04:57Z
  starting request { method: 'POST',
    bulkBody: true,
    path: '/_bulk',
    body: '\n{"index": {"_index": "test_index", "_type": "test_type", "_id": "test_id"}}\n{"f1": "v1", "f2": 42}\n{"index": {"_index": "test_index", "_type": "test_type", "_id": "test_id2"}}\n{"f1": "v2", "f2": 47}\n',
    query: { refresh: true } }
  

TRACE: 2013-12-12T23:04:57Z
  curl 'http://localhost:9200/_bulk?pretty=true' -XPOST -d '
  {"index": {"_index": "test_index", "_type": "test_type", "_id": "test_id"}}
  {"f1": "v1", "f2": 42}
  {"index": {"_index": "test_index", "_type": "test_type", "_id": "test_id2"}}
  {"f1": "v2", "f2": 47}
  '
  <- 200
  {
    "took": 29,
    "items": [
      {
        "index": {
          "_index": "test_index",
          "_type": "test_type",
          "_id": "test_id",
          "_version": 1,
          "ok": true
        }
      },
      {
        "index": {
          "_index": "test_index",
          "_type": "test_type",
          "_id": "test_id2",
          "_version": 1,
          "ok": true
        }
      }
    ]
  }

INFO: 2013-12-12T23:04:57Z
  Request complete

DEBUG: 2013-12-12T23:04:57Z
  starting request { method: 'POST', path: '/test_index/_count', query: {} }
  

TRACE: 2013-12-12T23:04:57Z
  curl 'http://localhost:9200/test_index/_count?pretty=true' -XPOST
  <- 200
  {
    "count": 2,
    "_shards": {
      "total": 5,
      "successful": 5,
      "failed": 0
    }
  }

INFO: 2013-12-12T23:04:57Z
  Request complete

DEBUG: 2013-12-12T23:04:57Z
  starting request { method: 'DELETE', path: '/*', ignore: [ 404 ], query: {} }
  

TRACE: 2013-12-12T23:04:57Z
  curl 'http://localhost:9200/*?pretty=true' -XDELETE
  <- 200
  {
    "ok": true,
    "acknowledged": true
  }

INFO: 2013-12-12T23:04:57Z
  Request complete

]]></system-out>
  </testsuite>
  <testsuite package="elasticsearch-js" id="4" name="yaml - cluster.node_info/10_basic.yaml" timestamp="2013-12-12T23:04:57.849Z" hostname="localhost" tests="1" failures="0" errors="0" time="0.004">
    <testcase name="node_info test" time="0.003" classname="node v0.10.23.yaml - cluster.node_info"/>
    <system-out><![CDATA[DEBUG: 2013-12-12T23:04:57Z
  starting request { method: 'GET', path: '/_nodes', query: {} }
  

TRACE: 2013-12-12T23:04:57Z
  curl 'http://localhost:9200/_nodes?pretty=true' -XGET
  <- 200
  {
    "ok": true,
    "cluster_name": "elasticsearch",
    "nodes": {
      "9Pp_v3peRvGnrAGvzx-8aA": {
        "name": "Death\'s-Head",
        "transport_address": "inet[/192.168.1.17:9300]",
        "hostname": "Spencers-MacBook-Pro.local",
        "version": "0.90.8-SNAPSHOT",
        "http_address": "inet[/192.168.1.17:9200]"
      }
    }
  }

INFO: 2013-12-12T23:04:57Z
  Request complete

DEBUG: 2013-12-12T23:04:57Z
  starting request { method: 'DELETE', path: '/*', ignore: [ 404 ], query: {} }
  

TRACE: 2013-12-12T23:04:57Z
  curl 'http://localhost:9200/*?pretty=true' -XDELETE
  <- 404
  {
    "error": "IndexMissingException[[*] missing]",
    "status": 404
  }

INFO: 2013-12-12T23:04:57Z
  Request complete

]]></system-out>
  </testsuite>
  <testsuite package="elasticsearch-js" id="5" name="yaml - cluster.node_stats/10_basic.yaml" timestamp="2013-12-12T23:04:57.853Z" hostname="localhost" tests="1" failures="0" errors="0" time="0.004">
    <testcase name="Nodes stats" time="0.003" classname="node v0.10.23.yaml - cluster.node_stats"/>
    <system-out><![CDATA[DEBUG: 2013-12-12T23:04:57Z
  starting request { method: 'GET',
    path: '/_nodes/stats',
    query: { indices: true, transport: true } }
  

TRACE: 2013-12-12T23:04:57Z
  curl 'http://localhost:9200/_nodes/stats?pretty=true' -XGET
  <- 200
  {
    "cluster_name": "elasticsearch",
    "nodes": {
      "9Pp_v3peRvGnrAGvzx-8aA": {
        "timestamp": 1386889497854,
        "name": "Death\'s-Head",
        "transport_address": "inet[/192.168.1.17:9300]",
        "hostname": "Spencers-MacBook-Pro.local",
        "indices": {
          "docs": {
            "count": 0,
            "deleted": 0
          },
          "store": {
            "size": "0b",
            "size_in_bytes": 0,
            "throttle_time": "0s",
            "throttle_time_in_millis": 0
          },
          "indexing": {
            "index_total": 5095,
            "index_time": "3.5s",
            "index_time_in_millis": 3593,
            "index_current": 220,
            "delete_total": 742,
            "delete_time": "1ms",
            "delete_time_in_millis": 1,
            "delete_current": 0
          },
          "get": {
            "total": 6059,
            "get_time": "4ms",
            "time_in_millis": 4,
            "exists_total": 4238,
            "exists_time": "4ms",
            "exists_time_in_millis": 4,
            "missing_total": 1821,
            "missing_time": "0s",
            "missing_time_in_millis": 0,
            "current": 0
          },
          "search": {
            "open_contexts": 0,
            "query_total": 2955,
            "query_time": "59ms",
            "query_time_in_millis": 59,
            "query_current": 0,
            "fetch_total": 490,
            "fetch_time": "6ms",
            "fetch_time_in_millis": 6,
            "fetch_current": 0
          },
          "merges": {
            "current": 0,
            "current_docs": 0,
            "current_size": "0b",
            "current_size_in_bytes": 0,
            "total": 0,
            "total_time": "0s",
            "total_time_in_millis": 0,
            "total_docs": 0,
            "total_size": "0b",
            "total_size_in_bytes": 0
          },
          "refresh": {
            "total": 25079,
            "total_time": "4.9s",
            "total_time_in_millis": 4910
          },
          "flush": {
            "total": 506,
            "total_time": "203ms",
            "total_time_in_millis": 203
          },
          "warmer": {
            "current": 0,
            "total": 0,
            "total_time": "0s",
            "total_time_in_millis": 0
          },
          "filter_cache": {
            "memory_size": "0b",
            "memory_size_in_bytes": 0,
            "evictions": 0
          },
          "id_cache": {
            "memory_size": "0b",
            "memory_size_in_bytes": 0
          },
          "fielddata": {
            "memory_size": "0b",
            "memory_size_in_bytes": 0,
            "evictions": 0
          },
          "completion": {
            "size": "0b",
            "size_in_bytes": 0
          },
          "segments": {
            "count": 0
          }
        },
        "transport": {
          "server_open": 13,
          "rx_count": 0,
          "rx_size": "0b",
          "rx_size_in_bytes": 0,
          "tx_count": 0,
          "tx_size": "0b",
          "tx_size_in_bytes": 0
        }
      }
    }
  }

INFO: 2013-12-12T23:04:57Z
  Request complete

DEBUG: 2013-12-12T23:04:57Z
  starting request { method: 'DELETE', path: '/*', ignore: [ 404 ], query: {} }
  

TRACE: 2013-12-12T23:04:57Z
  curl 'http://localhost:9200/*?pretty=true' -XDELETE
  <- 404
  {
    "error": "IndexMissingException[[*] missing]",
    "status": 404
  }

INFO: 2013-12-12T23:04:57Z
  Request complete

]]></system-out>
  </testsuite>
  <testsuite package="elasticsearch-js" id="6" name="yaml - cluster.put_settings/10_basic.yaml" timestamp="2013-12-12T23:04:57.857Z" hostname="localhost" tests="1" failures="0" errors="0" time="0.008">
    <testcase name="Test put settings" time="0.005" classname="node v0.10.23.yaml - cluster.put_settings"/>
    <system-out><![CDATA[DEBUG: 2013-12-12T23:04:57Z
  starting request { method: 'PUT',
    path: '/_cluster/settings',
    body: { transient: { 'discovery.zen.minimum_master_nodes': 1 } },
    query: {} }
  

TRACE: 2013-12-12T23:04:57Z
  curl 'http://localhost:9200/_cluster/settings?pretty=true' -XPUT -d '{
    "transient": {
      "discovery.zen.minimum_master_nodes": 1
    }
  }'
  <- 200
  {
    "ok": true,
    "acknowledged": true,
    "persistent": {},
    "transient": {
      "discovery.zen.minimum_master_nodes": "1"
    }
  }

INFO: 2013-12-12T23:04:57Z
  Request complete

DEBUG: 2013-12-12T23:04:57Z
  starting request { method: 'GET', path: '/_cluster/settings', query: {} }
  

TRACE: 2013-12-12T23:04:57Z
  curl 'http://localhost:9200/_cluster/settings?pretty=true' -XGET
  <- 200
  {
    "persistent": {},
    "transient": {
      "discovery.zen.minimum_master_nodes": "1"
    }
  }

INFO: 2013-12-12T23:04:57Z
  Request complete

DEBUG: 2013-12-12T23:04:57Z
  starting request { method: 'DELETE', path: '/*', ignore: [ 404 ], query: {} }
  

TRACE: 2013-12-12T23:04:57Z
  curl 'http://localhost:9200/*?pretty=true' -XDELETE
  <- 404
  {
    "error": "IndexMissingException[[*] missing]",
    "status": 404
  }

INFO: 2013-12-12T23:04:57Z
  Request complete

]]></system-out>
  </testsuite>
  <testsuite package="elasticsearch-js" id="7" name="yaml - cluster.reroute/10_basic.yaml" timestamp="2013-12-12T23:04:57.865Z" hostname="localhost" tests="1" failures="0" errors="0" time="0.005">
    <testcase name="Basic sanity check" time="0.002" classname="node v0.10.23.yaml - cluster.reroute"/>
    <system-out><![CDATA[DEBUG: 2013-12-12T23:04:57Z
  starting request { method: 'POST', path: '/_cluster/reroute', query: {} }
  

TRACE: 2013-12-12T23:04:57Z
  curl 'http://localhost:9200/_cluster/reroute?pretty=true' -XPOST
  <- 200
  {
    "ok": true,
    "acknowledged": true,
    "state": {
      "master_node": "9Pp_v3peRvGnrAGvzx-8aA",
      "blocks": {},
      "nodes": {
        "9Pp_v3peRvGnrAGvzx-8aA": {
          "name": "Death\'s-Head",
          "transport_address": "inet[/192.168.1.17:9300]",
          "attributes": {}
        }
      },
      "routing_table": {
        "indices": {}
      },
      "routing_nodes": {
        "unassigned": [],
        "nodes": {
          "9Pp_v3peRvGnrAGvzx-8aA": []
        }
      },
      "allocations": []
    }
  }

INFO: 2013-12-12T23:04:57Z
  Request complete

DEBUG: 2013-12-12T23:04:57Z
  starting request { method: 'DELETE', path: '/*', ignore: [ 404 ], query: {} }
  

TRACE: 2013-12-12T23:04:57Z
  curl 'http://localhost:9200/*?pretty=true' -XDELETE
  <- 404
  {
    "error": "IndexMissingException[[*] missing]",
    "status": 404
  }

INFO: 2013-12-12T23:04:57Z
  Request complete

]]></system-out>
  </testsuite>
  <testsuite package="elasticsearch-js" id="8" name="yaml - cluster.state/10_basic.yaml" timestamp="2013-12-12T23:04:57.870Z" hostname="localhost" tests="1" failures="0" errors="0" time="0.004">
    <testcase name="cluster state test" time="0.003" classname="node v0.10.23.yaml - cluster.state"/>
    <system-out><![CDATA[DEBUG: 2013-12-12T23:04:57Z
  starting request { method: 'GET', path: '/_cluster/state', query: {} }
  

TRACE: 2013-12-12T23:04:57Z
  curl 'http://localhost:9200/_cluster/state?pretty=true' -XGET
  <- 200
  {
    "cluster_name": "elasticsearch",
    "master_node": "9Pp_v3peRvGnrAGvzx-8aA",
    "blocks": {},
    "nodes": {
      "9Pp_v3peRvGnrAGvzx-8aA": {
        "name": "Death\'s-Head",
        "transport_address": "inet[/192.168.1.17:9300]",
        "attributes": {}
      }
    },
    "metadata": {
      "templates": {
        "test": {
          "template": "test-*",
          "order": 0,
          "settings": {
            "index.number_of_replicas": "0",
            "index.number_of_shards": "1"
          },
          "mappings": {}
        }
      },
      "indices": {}
    },
    "routing_table": {
      "indices": {}
    },
    "routing_nodes": {
      "unassigned": [],
      "nodes": {
        "9Pp_v3peRvGnrAGvzx-8aA": []
      }
    },
    "allocations": []
  }

INFO: 2013-12-12T23:04:57Z
  Request complete

DEBUG: 2013-12-12T23:04:57Z
  starting request { method: 'DELETE', path: '/*', ignore: [ 404 ], query: {} }
  

TRACE: 2013-12-12T23:04:57Z
  curl 'http://localhost:9200/*?pretty=true' -XDELETE
  <- 404
  {
    "error": "IndexMissingException[[*] missing]",
    "status": 404
  }

INFO: 2013-12-12T23:04:57Z
  Request complete

]]></system-out>
  </testsuite>
  <testsuite package="elasticsearch-js" id="9" name="yaml - create/10_with_id.yaml" timestamp="2013-12-12T23:04:57.874Z" hostname="localhost" tests="1" failures="0" errors="0" time="0.045">
    <testcase name="Create with ID" time="0.038" classname="node v0.10.23.yaml - create"/>
    <system-out><![CDATA[DEBUG: 2013-12-12T23:04:57Z
  starting request { method: 'POST',
    path: '/test_1/test/1',
    body: { foo: 'bar' },
    query: { op_type: 'create' } }
  

TRACE: 2013-12-12T23:04:57Z
  curl 'http://localhost:9200/test_1/test/1?pretty=true' -XPOST -d '{
    "foo": "bar"
  }'
  <- 201
  {
    "ok": true,
    "_index": "test_1",
    "_type": "test",
    "_id": "1",
    "_version": 1
  }

INFO: 2013-12-12T23:04:57Z
  Request complete

DEBUG: 2013-12-12T23:04:57Z
  starting request { method: 'GET', path: '/test_1/test/1', query: {} }
  

TRACE: 2013-12-12T23:04:57Z
  curl 'http://localhost:9200/test_1/test/1?pretty=true' -XGET
  <- 200
  {
    "_index": "test_1",
    "_type": "test",
    "_id": "1",
    "_version": 1,
    "exists": true,
    "_source": {
      "foo": "bar"
    }
  }

INFO: 2013-12-12T23:04:57Z
  Request complete

DEBUG: 2013-12-12T23:04:57Z
  starting request { method: 'POST',
    path: '/test_1/test/1',
    body: { foo: 'bar' },
    ignore: [ 409 ],
    query: { op_type: 'create' } }
  

TRACE: 2013-12-12T23:04:57Z
  curl 'http://localhost:9200/test_1/test/1?pretty=true' -XPOST -d '{
    "foo": "bar"
  }'
  <- 409
  {
    "error": "DocumentAlreadyExistsException[[test_1][2] [test][1]: document already exists]",
    "status": 409
  }

INFO: 2013-12-12T23:04:57Z
  Request complete

DEBUG: 2013-12-12T23:04:57Z
  starting request { method: 'DELETE', path: '/*', ignore: [ 404 ], query: {} }
  

TRACE: 2013-12-12T23:04:57Z
  curl 'http://localhost:9200/*?pretty=true' -XDELETE
  <- 200
  {
    "ok": true,
    "acknowledged": true
  }

INFO: 2013-12-12T23:04:57Z
  Request complete

]]></system-out>
  </testsuite>
  <testsuite package="elasticsearch-js" id="10" name="yaml - create/15_without_id.yaml" timestamp="2013-12-12T23:04:57.919Z" hostname="localhost" tests="1" failures="0" errors="0" time="0.036">
    <testcase name="Create without ID" time="0.03" classname="node v0.10.23.yaml - create"/>
    <system-out><![CDATA[DEBUG: 2013-12-12T23:04:57Z
  starting request { method: 'POST',
    path: '/test_1/test',
    body: { foo: 'bar' },
    query: { op_type: 'create' } }
  

TRACE: 2013-12-12T23:04:57Z
  curl 'http://localhost:9200/test_1/test?pretty=true' -XPOST -d '{
    "foo": "bar"
  }'
  <- 201
  {
    "ok": true,
    "_index": "test_1",
    "_type": "test",
    "_id": "QAG2vShxQd-YDy9AEHgF-A",
    "_version": 1
  }

INFO: 2013-12-12T23:04:57Z
  Request complete

DEBUG: 2013-12-12T23:04:57Z
  starting request { method: 'GET',
    path: '/test_1/test/QAG2vShxQd-YDy9AEHgF-A',
    query: {} }
  

TRACE: 2013-12-12T23:04:57Z
  curl 'http://localhost:9200/test_1/test/QAG2vShxQd-YDy9AEHgF-A?pretty=true' -XGET
  <- 200
  {
    "_index": "test_1",
    "_type": "test",
    "_id": "QAG2vShxQd-YDy9AEHgF-A",
    "_version": 1,
    "exists": true,
    "_source": {
      "foo": "bar"
    }
  }

INFO: 2013-12-12T23:04:57Z
  Request complete

DEBUG: 2013-12-12T23:04:57Z
  starting request { method: 'DELETE', path: '/*', ignore: [ 404 ], query: {} }
  

TRACE: 2013-12-12T23:04:57Z
  curl 'http://localhost:9200/*?pretty=true' -XDELETE
  <- 200
  {
    "ok": true,
    "acknowledged": true
  }

INFO: 2013-12-12T23:04:57Z
  Request complete

]]></system-out>
  </testsuite>
  <testsuite package="elasticsearch-js" id="11" name="yaml - create/30_internal_version.yaml" timestamp="2013-12-12T23:04:57.955Z" hostname="localhost" tests="1" failures="0" errors="0" time="0.032">
    <testcase name="Internal version" time="0.026" classname="node v0.10.23.yaml - create"/>
    <system-out><![CDATA[DEBUG: 2013-12-12T23:04:57Z
  starting request { method: 'POST',
    path: '/test_1/test/1',
    body: { foo: 'bar' },
    query: { op_type: 'create' } }
  

TRACE: 2013-12-12T23:04:57Z
  curl 'http://localhost:9200/test_1/test/1?pretty=true' -XPOST -d '{
    "foo": "bar"
  }'
  <- 201
  {
    "ok": true,
    "_index": "test_1",
    "_type": "test",
    "_id": "1",
    "_version": 1
  }

INFO: 2013-12-12T23:04:57Z
  Request complete

DEBUG: 2013-12-12T23:04:57Z
  starting request { method: 'POST',
    path: '/test_1/test/1',
    body: { foo: 'bar' },
    ignore: [ 409 ],
    query: { op_type: 'create' } }
  

TRACE: 2013-12-12T23:04:57Z
  curl 'http://localhost:9200/test_1/test/1?pretty=true' -XPOST -d '{
    "foo": "bar"
  }'
  <- 409
  {
    "error": "DocumentAlreadyExistsException[[test_1][2] [test][1]: document already exists]",
    "status": 409
  }

INFO: 2013-12-12T23:04:57Z
  Request complete

DEBUG: 2013-12-12T23:04:57Z
  starting request { method: 'DELETE', path: '/*', ignore: [ 404 ], query: {} }
  

TRACE: 2013-12-12T23:04:57Z
  curl 'http://localhost:9200/*?pretty=true' -XDELETE
  <- 200
  {
    "ok": true,
    "acknowledged": true
  }

INFO: 2013-12-12T23:04:57Z
  Request complete

]]></system-out>
  </testsuite>
  <testsuite package="elasticsearch-js" id="12" name="yaml - create/35_external_version.yaml" timestamp="2013-12-12T23:04:57.987Z" hostname="localhost" tests="1" failures="0" errors="0" time="0.033">
    <testcase name="External version" time="0.027" classname="node v0.10.23.yaml - create"/>
    <system-out><![CDATA[DEBUG: 2013-12-12T23:04:57Z
  starting request { method: 'POST',
    path: '/test_1/test/1',
    body: { foo: 'bar' },
    query: { version_type: 'external', version: 5, op_type: 'create' } }
  

TRACE: 2013-12-12T23:04:58Z
  curl 'http://localhost:9200/test_1/test/1?pretty=true' -XPOST -d '{
    "foo": "bar"
  }'
  <- 200
  {
    "ok": true,
    "_index": "test_1",
    "_type": "test",
    "_id": "1",
    "_version": 5
  }

INFO: 2013-12-12T23:04:58Z
  Request complete

DEBUG: 2013-12-12T23:04:58Z
  starting request { method: 'POST',
    path: '/test_1/test/1',
    body: { foo: 'bar' },
    ignore: [ 409 ],
    query: { version_type: 'external', version: 5, op_type: 'create' } }
  

TRACE: 2013-12-12T23:04:58Z
  curl 'http://localhost:9200/test_1/test/1?pretty=true' -XPOST -d '{
    "foo": "bar"
  }'
  <- 409
  {
    "error": "VersionConflictEngineException[[test_1][2] [test][1]: version conflict, current [5], provided [5]]",
    "status": 409
  }

INFO: 2013-12-12T23:04:58Z
  Request complete

DEBUG: 2013-12-12T23:04:58Z
  starting request { method: 'POST',
    path: '/test_1/test/1',
    body: { foo: 'bar' },
    ignore: [ 409 ],
    query: { version_type: 'external', version: 6, op_type: 'create' } }
  

TRACE: 2013-12-12T23:04:58Z
  curl 'http://localhost:9200/test_1/test/1?pretty=true' -XPOST -d '{
    "foo": "bar"
  }'
  <- 409
  {
    "error": "DocumentAlreadyExistsException[[test_1][2] [test][1]: document already exists]",
    "status": 409
  }

INFO: 2013-12-12T23:04:58Z
  Request complete

DEBUG: 2013-12-12T23:04:58Z
  starting request { method: 'DELETE', path: '/*', ignore: [ 404 ], query: {} }
  

TRACE: 2013-12-12T23:04:58Z
  curl 'http://localhost:9200/*?pretty=true' -XDELETE
  <- 200
  {
    "ok": true,
    "acknowledged": true
  }

INFO: 2013-12-12T23:04:58Z
  Request complete

]]></system-out>
  </testsuite>
  <testsuite package="elasticsearch-js" id="13" name="yaml - create/40_routing.yaml" timestamp="2013-12-12T23:04:58.020Z" hostname="localhost" tests="1" failures="0" errors="0" time="0.035">
    <testcase name="Routing" time="0.029" classname="node v0.10.23.yaml - create"/>
    <system-out><![CDATA[DEBUG: 2013-12-12T23:04:58Z
  starting request { method: 'POST',
    path: '/test_1/test/1',
    body: { foo: 'bar' },
    query: { routing: '5', op_type: 'create' } }
  

TRACE: 2013-12-12T23:04:58Z
  curl 'http://localhost:9200/test_1/test/1?pretty=true' -XPOST -d '{
    "foo": "bar"
  }'
  <- 201
  {
    "ok": true,
    "_index": "test_1",
    "_type": "test",
    "_id": "1",
    "_version": 1
  }

INFO: 2013-12-12T23:04:58Z
  Request complete

DEBUG: 2013-12-12T23:04:58Z
  starting request { method: 'GET',
    path: '/_cluster/health',
    query: { wait_for_status: 'yellow' } }
  

TRACE: 2013-12-12T23:04:58Z
  curl 'http://localhost:9200/_cluster/health?pretty=true' -XGET
  <- 200
  {
    "cluster_name": "elasticsearch",
    "status": "yellow",
    "timed_out": false,
    "number_of_nodes": 1,
    "number_of_data_nodes": 1,
    "active_primary_shards": 5,
    "active_shards": 5,
    "relocating_shards": 0,
    "initializing_shards": 0,
    "unassigned_shards": 5
  }

INFO: 2013-12-12T23:04:58Z
  Request complete

DEBUG: 2013-12-12T23:04:58Z
  starting request { method: 'GET',
    path: '/test_1/test/1',
    query: { routing: '5', fields: '_routing' } }
  

TRACE: 2013-12-12T23:04:58Z
  curl 'http://localhost:9200/test_1/test/1?pretty=true' -XGET
  <- 200
  {
    "_index": "test_1",
    "_type": "test",
    "_id": "1",
    "_version": 1,
    "exists": true,
    "fields": {
      "_routing": "5"
    }
  }

INFO: 2013-12-12T23:04:58Z
  Request complete

DEBUG: 2013-12-12T23:04:58Z
  starting request { method: 'GET',
    path: '/test_1/test/1',
    ignore: [ 404 ],
    query: {} }
  

TRACE: 2013-12-12T23:04:58Z
  curl 'http://localhost:9200/test_1/test/1?pretty=true' -XGET
  <- 404
  {
    "_index": "test_1",
    "_type": "test",
    "_id": "1",
    "exists": false
  }

INFO: 2013-12-12T23:04:58Z
  Request complete

DEBUG: 2013-12-12T23:04:58Z
  starting request { method: 'DELETE', path: '/*', ignore: [ 404 ], query: {} }
  

TRACE: 2013-12-12T23:04:58Z
  curl 'http://localhost:9200/*?pretty=true' -XDELETE
  <- 200
  {
    "ok": true,
    "acknowledged": true
  }

INFO: 2013-12-12T23:04:58Z
  Request complete

]]></system-out>
  </testsuite>
  <testsuite package="elasticsearch-js" id="14" name="yaml - create/50_parent.yaml" timestamp="2013-12-12T23:04:58.055Z" hostname="localhost" tests="1" failures="0" errors="0" time="0.248">
    <testcase name="Parent" time="0.239" classname="node v0.10.23.yaml - create"/>
    <system-out><![CDATA[DEBUG: 2013-12-12T23:04:58Z
  starting request { method: 'POST',
    path: '/test_1',
    body: { mappings: { test: [Object] } },
    query: {} }
  

TRACE: 2013-12-12T23:04:58Z
  curl 'http://localhost:9200/test_1?pretty=true' -XPOST -d '{
    "mappings": {
      "test": {
        "_parent": {
          "type": "foo"
        }
      }
    }
  }'
  <- 200
  {
    "ok": true,
    "acknowledged": true
  }

INFO: 2013-12-12T23:04:58Z
  Request complete

DEBUG: 2013-12-12T23:04:58Z
  starting request { method: 'GET',
    path: '/_cluster/health',
    query: { wait_for_status: 'yellow' } }
  

TRACE: 2013-12-12T23:04:58Z
  curl 'http://localhost:9200/_cluster/health?pretty=true' -XGET
  <- 200
  {
    "cluster_name": "elasticsearch",
    "status": "yellow",
    "timed_out": false,
    "number_of_nodes": 1,
    "number_of_data_nodes": 1,
    "active_primary_shards": 5,
    "active_shards": 5,
    "relocating_shards": 0,
    "initializing_shards": 0,
    "unassigned_shards": 5
  }

INFO: 2013-12-12T23:04:58Z
  Request complete

DEBUG: 2013-12-12T23:04:58Z
  starting request { method: 'POST',
    path: '/test_1/test/1',
    body: { foo: 'bar' },
    query: { op_type: 'create' } }
  

TRACE: 2013-12-12T23:04:58Z
  curl 'http://localhost:9200/test_1/test/1?pretty=true' -XPOST -d '{
    "foo": "bar"
  }'
  <- 500
  {
    "error": "RoutingMissingException[routing is required for [test_1]/[test]/[1]]",
    "status": 500
  }

INFO: 2013-12-12T23:04:58Z
  Request complete

DEBUG: 2013-12-12T23:04:58Z
  starting request { method: 'POST',
    path: '/test_1/test/1',
    body: { foo: 'bar' },
    query: { parent: '5', op_type: 'create' } }
  

TRACE: 2013-12-12T23:04:58Z
  curl 'http://localhost:9200/test_1/test/1?pretty=true' -XPOST -d '{
    "foo": "bar"
  }'
  <- 201
  {
    "ok": true,
    "_index": "test_1",
    "_type": "test",
    "_id": "1",
    "_version": 1
  }

INFO: 2013-12-12T23:04:58Z
  Request complete

DEBUG: 2013-12-12T23:04:58Z
  starting request { method: 'GET',
    path: '/test_1/test/1',
    query: { parent: '5', fields: '_parent,_routing' } }
  

TRACE: 2013-12-12T23:04:58Z
  curl 'http://localhost:9200/test_1/test/1?pretty=true' -XGET
  <- 200
  {
    "_index": "test_1",
    "_type": "test",
    "_id": "1",
    "_version": 1,
    "exists": true,
    "fields": {
      "_routing": "5",
      "_parent": "5"
    }
  }

INFO: 2013-12-12T23:04:58Z
  Request complete

DEBUG: 2013-12-12T23:04:58Z
  starting request { method: 'GET',
    path: '/test_1/test/1',
    ignore: [ 404 ],
    query: {} }
  

TRACE: 2013-12-12T23:04:58Z
  curl 'http://localhost:9200/test_1/test/1?pretty=true' -XGET
  <- 404
  {
    "_index": "test_1",
    "_type": "test",
    "_id": "1",
    "exists": false
  }

INFO: 2013-12-12T23:04:58Z
  Request complete

DEBUG: 2013-12-12T23:04:58Z
  starting request { method: 'DELETE', path: '/*', ignore: [ 404 ], query: {} }
  

TRACE: 2013-12-12T23:04:58Z
  curl 'http://localhost:9200/*?pretty=true' -XDELETE
  <- 200
  {
    "ok": true,
    "acknowledged": true
  }

INFO: 2013-12-12T23:04:58Z
  Request complete

]]></system-out>
  </testsuite>
  <testsuite package="elasticsearch-js" id="15" name="yaml - create/55_parent_with_routing.yaml" timestamp="2013-12-12T23:04:58.303Z" hostname="localhost" tests="1" failures="0" errors="0" time="0.24">
    <testcase name="Parent with routing" time="0.234" classname="node v0.10.23.yaml - create"/>
    <system-out><![CDATA[DEBUG: 2013-12-12T23:04:58Z
  starting request { method: 'POST',
    path: '/test_1',
    body: { mappings: { test: [Object] } },
    query: {} }
  

TRACE: 2013-12-12T23:04:58Z
  curl 'http://localhost:9200/test_1?pretty=true' -XPOST -d '{
    "mappings": {
      "test": {
        "_parent": {
          "type": "foo"
        }
      }
    }
  }'
  <- 200
  {
    "ok": true,
    "acknowledged": true
  }

INFO: 2013-12-12T23:04:58Z
  Request complete

DEBUG: 2013-12-12T23:04:58Z
  starting request { method: 'GET',
    path: '/_cluster/health',
    query: { wait_for_status: 'yellow' } }
  

TRACE: 2013-12-12T23:04:58Z
  curl 'http://localhost:9200/_cluster/health?pretty=true' -XGET
  <- 200
  {
    "cluster_name": "elasticsearch",
    "status": "yellow",
    "timed_out": false,
    "number_of_nodes": 1,
    "number_of_data_nodes": 1,
    "active_primary_shards": 5,
    "active_shards": 5,
    "relocating_shards": 0,
    "initializing_shards": 0,
    "unassigned_shards": 5
  }

INFO: 2013-12-12T23:04:58Z
  Request complete

DEBUG: 2013-12-12T23:04:58Z
  starting request { method: 'POST',
    path: '/test_1/test/1',
    body: { foo: 'bar' },
    query: { parent: '5', routing: '4', op_type: 'create' } }
  

TRACE: 2013-12-12T23:04:58Z
  curl 'http://localhost:9200/test_1/test/1?pretty=true' -XPOST -d '{
    "foo": "bar"
  }'
  <- 201
  {
    "ok": true,
    "_index": "test_1",
    "_type": "test",
    "_id": "1",
    "_version": 1
  }

INFO: 2013-12-12T23:04:58Z
  Request complete

DEBUG: 2013-12-12T23:04:58Z
  starting request { method: 'GET',
    path: '/test_1/test/1',
    query: { parent: '5', routing: '4', fields: '_parent,_routing' } }
  

TRACE: 2013-12-12T23:04:58Z
  curl 'http://localhost:9200/test_1/test/1?pretty=true' -XGET
  <- 200
  {
    "_index": "test_1",
    "_type": "test",
    "_id": "1",
    "_version": 1,
    "exists": true,
    "fields": {
      "_routing": "4",
      "_parent": "5"
    }
  }

INFO: 2013-12-12T23:04:58Z
  Request complete

DEBUG: 2013-12-12T23:04:58Z
  starting request { method: 'GET',
    path: '/test_1/test/1',
    ignore: [ 404 ],
    query: { parent: '5' } }
  

TRACE: 2013-12-12T23:04:58Z
  curl 'http://localhost:9200/test_1/test/1?pretty=true' -XGET
  <- 404
  {
    "_index": "test_1",
    "_type": "test",
    "_id": "1",
    "exists": false
  }

INFO: 2013-12-12T23:04:58Z
  Request complete

DEBUG: 2013-12-12T23:04:58Z
  starting request { method: 'GET',
    path: '/test_1/test/1',
    query: { routing: '4' } }
  

TRACE: 2013-12-12T23:04:58Z
  curl 'http://localhost:9200/test_1/test/1?pretty=true' -XGET
  <- 200
  {
    "_index": "test_1",
    "_type": "test",
    "_id": "1",
    "_version": 1,
    "exists": true,
    "_source": {
      "foo": "bar"
    }
  }

INFO: 2013-12-12T23:04:58Z
  Request complete

DEBUG: 2013-12-12T23:04:58Z
  starting request { method: 'DELETE', path: '/*', ignore: [ 404 ], query: {} }
  

TRACE: 2013-12-12T23:04:58Z
  curl 'http://localhost:9200/*?pretty=true' -XDELETE
  <- 200
  {
    "ok": true,
    "acknowledged": true
  }

INFO: 2013-12-12T23:04:58Z
  Request complete

]]></system-out>
  </testsuite>
  <testsuite package="elasticsearch-js" id="16" name="yaml - create/60_refresh.yaml" timestamp="2013-12-12T23:04:58.543Z" hostname="localhost" tests="1" failures="0" errors="0" time="0.246">
    <testcase name="Refresh" time="0.239" classname="node v0.10.23.yaml - create"/>
    <system-out><![CDATA[DEBUG: 2013-12-12T23:04:58Z
  starting request { method: 'POST',
    path: '/test_1',
    body: { settings: { 'index.refresh_interval': -1 } },
    query: {} }
  

TRACE: 2013-12-12T23:04:58Z
  curl 'http://localhost:9200/test_1?pretty=true' -XPOST -d '{
    "settings": {
      "index.refresh_interval": -1
    }
  }'
  <- 200
  {
    "ok": true,
    "acknowledged": true
  }

INFO: 2013-12-12T23:04:58Z
  Request complete

DEBUG: 2013-12-12T23:04:58Z
  starting request { method: 'GET',
    path: '/_cluster/health',
    query: { wait_for_status: 'yellow' } }
  

TRACE: 2013-12-12T23:04:58Z
  curl 'http://localhost:9200/_cluster/health?pretty=true' -XGET
  <- 200
  {
    "cluster_name": "elasticsearch",
    "status": "yellow",
    "timed_out": false,
    "number_of_nodes": 1,
    "number_of_data_nodes": 1,
    "active_primary_shards": 5,
    "active_shards": 5,
    "relocating_shards": 0,
    "initializing_shards": 0,
    "unassigned_shards": 5
  }

INFO: 2013-12-12T23:04:58Z
  Request complete

DEBUG: 2013-12-12T23:04:58Z
  starting request { method: 'POST',
    path: '/test_1/test/1',
    body: { foo: 'bar' },
    query: { op_type: 'create' } }
  

TRACE: 2013-12-12T23:04:58Z
  curl 'http://localhost:9200/test_1/test/1?pretty=true' -XPOST -d '{
    "foo": "bar"
  }'
  <- 201
  {
    "ok": true,
    "_index": "test_1",
    "_type": "test",
    "_id": "1",
    "_version": 1
  }

INFO: 2013-12-12T23:04:58Z
  Request complete

DEBUG: 2013-12-12T23:04:58Z
  starting request { method: 'POST',
    path: '/test_1/test/_search',
    body: { query: { term: [Object] } },
    query: {} }
  

TRACE: 2013-12-12T23:04:58Z
  curl 'http://localhost:9200/test_1/test/_search?pretty=true' -XPOST -d '{
    "query": {
      "term": {
        "_id": 1
      }
    }
  }'
  <- 200
  {
    "took": 0,
    "timed_out": false,
    "_shards": {
      "total": 5,
      "successful": 5,
      "failed": 0
    },
    "hits": {
      "total": 0,
      "max_score": null,
      "hits": []
    }
  }

INFO: 2013-12-12T23:04:58Z
  Request complete

DEBUG: 2013-12-12T23:04:58Z
  starting request { method: 'POST',
    path: '/test_1/test/2',
    body: { foo: 'bar' },
    query: { refresh: true, op_type: 'create' } }
  

TRACE: 2013-12-12T23:04:58Z
  curl 'http://localhost:9200/test_1/test/2?pretty=true' -XPOST -d '{
    "foo": "bar"
  }'
  <- 201
  {
    "ok": true,
    "_index": "test_1",
    "_type": "test",
    "_id": "2",
    "_version": 1
  }

INFO: 2013-12-12T23:04:58Z
  Request complete

DEBUG: 2013-12-12T23:04:58Z
  starting request { method: 'POST',
    path: '/test_1/test/_search',
    body: { query: { term: [Object] } },
    query: {} }
  

TRACE: 2013-12-12T23:04:58Z
  curl 'http://localhost:9200/test_1/test/_search?pretty=true' -XPOST -d '{
    "query": {
      "term": {
        "_id": 2
      }
    }
  }'
  <- 200
  {
    "took": 0,
    "timed_out": false,
    "_shards": {
      "total": 5,
      "successful": 5,
      "failed": 0
    },
    "hits": {
      "total": 1,
      "max_score": 1,
      "hits": [
        {
          "_index": "test_1",
          "_type": "test",
          "_id": "2",
          "_score": 1,
          "_source": {
            "foo": "bar"
          }
        }
      ]
    }
  }

INFO: 2013-12-12T23:04:58Z
  Request complete

DEBUG: 2013-12-12T23:04:58Z
  starting request { method: 'DELETE', path: '/*', ignore: [ 404 ], query: {} }
  

TRACE: 2013-12-12T23:04:58Z
  curl 'http://localhost:9200/*?pretty=true' -XDELETE
  <- 200
  {
    "ok": true,
    "acknowledged": true
  }

INFO: 2013-12-12T23:04:58Z
  Request complete

]]></system-out>
  </testsuite>
  <testsuite package="elasticsearch-js" id="17" name="yaml - create/70_timestamp.yaml" timestamp="2013-12-12T23:04:58.789Z" hostname="localhost" tests="1" failures="0" errors="0" time="0.247">
    <testcase name="Timestamp" time="0.241" classname="node v0.10.23.yaml - create"/>
    <system-out><![CDATA[DEBUG: 2013-12-12T23:04:58Z
  starting request { method: 'POST',
    path: '/test_1',
    body: { mappings: { test: [Object] } },
    query: {} }
  

TRACE: 2013-12-12T23:04:58Z
  curl 'http://localhost:9200/test_1?pretty=true' -XPOST -d '{
    "mappings": {
      "test": {
        "_timestamp": {
          "enabled": 1,
          "store": "yes"
        }
      }
    }
  }'
  <- 200
  {
    "ok": true,
    "acknowledged": true
  }

INFO: 2013-12-12T23:04:58Z
  Request complete

DEBUG: 2013-12-12T23:04:58Z
  starting request { method: 'GET',
    path: '/_cluster/health',
    query: { wait_for_status: 'yellow' } }
  

TRACE: 2013-12-12T23:04:59Z
  curl 'http://localhost:9200/_cluster/health?pretty=true' -XGET
  <- 200
  {
    "cluster_name": "elasticsearch",
    "status": "yellow",
    "timed_out": false,
    "number_of_nodes": 1,
    "number_of_data_nodes": 1,
    "active_primary_shards": 5,
    "active_shards": 5,
    "relocating_shards": 0,
    "initializing_shards": 0,
    "unassigned_shards": 5
  }

INFO: 2013-12-12T23:04:59Z
  Request complete

DEBUG: 2013-12-12T23:04:59Z
  starting request { method: 'POST',
    path: '/test_1/test/1',
    body: { foo: 'bar' },
    query: { op_type: 'create' } }
  

TRACE: 2013-12-12T23:04:59Z
  curl 'http://localhost:9200/test_1/test/1?pretty=true' -XPOST -d '{
    "foo": "bar"
  }'
  <- 201
  {
    "ok": true,
    "_index": "test_1",
    "_type": "test",
    "_id": "1",
    "_version": 1
  }

INFO: 2013-12-12T23:04:59Z
  Request complete

DEBUG: 2013-12-12T23:04:59Z
  starting request { method: 'GET',
    path: '/test_1/test/1',
    query: { fields: '_timestamp' } }
  

TRACE: 2013-12-12T23:04:59Z
  curl 'http://localhost:9200/test_1/test/1?pretty=true' -XGET
  <- 200
  {
    "_index": "test_1",
    "_type": "test",
    "_id": "1",
    "_version": 1,
    "exists": true,
    "fields": {
      "_timestamp": 1386889499014
    }
  }

INFO: 2013-12-12T23:04:59Z
  Request complete

DEBUG: 2013-12-12T23:04:59Z
  starting request { method: 'DELETE', path: '/test_1/test/1', query: {} }
  

TRACE: 2013-12-12T23:04:59Z
  curl 'http://localhost:9200/test_1/test/1?pretty=true' -XDELETE
  <- 200
  {
    "ok": true,
    "found": true,
    "_index": "test_1",
    "_type": "test",
    "_id": "1",
    "_version": 2
  }

INFO: 2013-12-12T23:04:59Z
  Request complete

DEBUG: 2013-12-12T23:04:59Z
  starting request { method: 'POST',
    path: '/test_1/test/1',
    body: { foo: 'bar' },
    query: { timestamp: '1372011280000', op_type: 'create' } }
  

TRACE: 2013-12-12T23:04:59Z
  curl 'http://localhost:9200/test_1/test/1?pretty=true' -XPOST -d '{
    "foo": "bar"
  }'
  <- 200
  {
    "ok": true,
    "_index": "test_1",
    "_type": "test",
    "_id": "1",
    "_version": 3
  }

INFO: 2013-12-12T23:04:59Z
  Request complete

DEBUG: 2013-12-12T23:04:59Z
  starting request { method: 'GET',
    path: '/test_1/test/1',
    query: { fields: '_timestamp' } }
  

TRACE: 2013-12-12T23:04:59Z
  curl 'http://localhost:9200/test_1/test/1?pretty=true' -XGET
  <- 200
  {
    "_index": "test_1",
    "_type": "test",
    "_id": "1",
    "_version": 3,
    "exists": true,
    "fields": {
      "_timestamp": 1372011280000
    }
  }

INFO: 2013-12-12T23:04:59Z
  Request complete

DEBUG: 2013-12-12T23:04:59Z
  starting request { method: 'DELETE', path: '/test_1/test/1', query: {} }
  

TRACE: 2013-12-12T23:04:59Z
  curl 'http://localhost:9200/test_1/test/1?pretty=true' -XDELETE
  <- 200
  {
    "ok": true,
    "found": true,
    "_index": "test_1",
    "_type": "test",
    "_id": "1",
    "_version": 4
  }

INFO: 2013-12-12T23:04:59Z
  Request complete

DEBUG: 2013-12-12T23:04:59Z
  starting request { method: 'POST',
    path: '/test_1/test/1',
    body: { foo: 'bar' },
    query: { timestamp: '2013-06-23T18:14:40.000Z', op_type: 'create' } }
  

TRACE: 2013-12-12T23:04:59Z
  curl 'http://localhost:9200/test_1/test/1?pretty=true' -XPOST -d '{
    "foo": "bar"
  }'
  <- 200
  {
    "ok": true,
    "_index": "test_1",
    "_type": "test",
    "_id": "1",
    "_version": 5
  }

INFO: 2013-12-12T23:04:59Z
  Request complete

DEBUG: 2013-12-12T23:04:59Z
  starting request { method: 'GET',
    path: '/test_1/test/1',
    query: { fields: '_timestamp' } }
  

TRACE: 2013-12-12T23:04:59Z
  curl 'http://localhost:9200/test_1/test/1?pretty=true' -XGET
  <- 200
  {
    "_index": "test_1",
    "_type": "test",
    "_id": "1",
    "_version": 5,
    "exists": true,
    "fields": {
      "_timestamp": 1372011280000
    }
  }

INFO: 2013-12-12T23:04:59Z
  Request complete

DEBUG: 2013-12-12T23:04:59Z
  starting request { method: 'DELETE', path: '/*', ignore: [ 404 ], query: {} }
  

TRACE: 2013-12-12T23:04:59Z
  curl 'http://localhost:9200/*?pretty=true' -XDELETE
  <- 200
  {
    "ok": true,
    "acknowledged": true
  }

INFO: 2013-12-12T23:04:59Z
  Request complete

]]></system-out>
  </testsuite>
  <testsuite package="elasticsearch-js" id="18" name="yaml - create/75_ttl.yaml" timestamp="2013-12-12T23:04:59.036Z" hostname="localhost" tests="1" failures="0" errors="0" time="0.251">
    <testcase name="TTL" time="0.244" classname="node v0.10.23.yaml - create"/>
    <system-out><![CDATA[DEBUG: 2013-12-12T23:04:59Z
  starting request { method: 'POST',
    path: '/test_1',
    body: { mappings: { test: [Object] } },
    query: {} }
  

TRACE: 2013-12-12T23:04:59Z
  curl 'http://localhost:9200/test_1?pretty=true' -XPOST -d '{
    "mappings": {
      "test": {
        "_ttl": {
          "enabled": 1,
          "store": "yes",
          "default": "10s"
        }
      }
    }
  }'
  <- 200
  {
    "ok": true,
    "acknowledged": true
  }

INFO: 2013-12-12T23:04:59Z
  Request complete

DEBUG: 2013-12-12T23:04:59Z
  starting request { method: 'GET',
    path: '/_cluster/health',
    query: { wait_for_status: 'yellow' } }
  

TRACE: 2013-12-12T23:04:59Z
  curl 'http://localhost:9200/_cluster/health?pretty=true' -XGET
  <- 200
  {
    "cluster_name": "elasticsearch",
    "status": "yellow",
    "timed_out": false,
    "number_of_nodes": 1,
    "number_of_data_nodes": 1,
    "active_primary_shards": 5,
    "active_shards": 5,
    "relocating_shards": 0,
    "initializing_shards": 0,
    "unassigned_shards": 5
  }

INFO: 2013-12-12T23:04:59Z
  Request complete

DEBUG: 2013-12-12T23:04:59Z
  starting request { method: 'POST',
    path: '/test_1/test/1',
    body: { foo: 'bar' },
    query: { op_type: 'create' } }
  

TRACE: 2013-12-12T23:04:59Z
  curl 'http://localhost:9200/test_1/test/1?pretty=true' -XPOST -d '{
    "foo": "bar"
  }'
  <- 201
  {
    "ok": true,
    "_index": "test_1",
    "_type": "test",
    "_id": "1",
    "_version": 1
  }

INFO: 2013-12-12T23:04:59Z
  Request complete

DEBUG: 2013-12-12T23:04:59Z
  starting request { method: 'GET',
    path: '/test_1/test/1',
    query: { fields: '_ttl' } }
  

TRACE: 2013-12-12T23:04:59Z
  curl 'http://localhost:9200/test_1/test/1?pretty=true' -XGET
  <- 200
  {
    "_index": "test_1",
    "_type": "test",
    "_id": "1",
    "_version": 1,
    "exists": true,
    "fields": {
      "_ttl": 9996
    }
  }

INFO: 2013-12-12T23:04:59Z
  Request complete

DEBUG: 2013-12-12T23:04:59Z
  starting request { method: 'DELETE', path: '/test_1/test/1', query: {} }
  

TRACE: 2013-12-12T23:04:59Z
  curl 'http://localhost:9200/test_1/test/1?pretty=true' -XDELETE
  <- 200
  {
    "ok": true,
    "found": true,
    "_index": "test_1",
    "_type": "test",
    "_id": "1",
    "_version": 2
  }

INFO: 2013-12-12T23:04:59Z
  Request complete

DEBUG: 2013-12-12T23:04:59Z
  starting request { method: 'POST',
    path: '/test_1/test/1',
    body: { foo: 'bar' },
    query: { ttl: 100000, op_type: 'create' } }
  

TRACE: 2013-12-12T23:04:59Z
  curl 'http://localhost:9200/test_1/test/1?pretty=true' -XPOST -d '{
    "foo": "bar"
  }'
  <- 200
  {
    "ok": true,
    "_index": "test_1",
    "_type": "test",
    "_id": "1",
    "_version": 3
  }

INFO: 2013-12-12T23:04:59Z
  Request complete

DEBUG: 2013-12-12T23:04:59Z
  starting request { method: 'GET',
    path: '/test_1/test/1',
    query: { fields: '_ttl' } }
  

TRACE: 2013-12-12T23:04:59Z
  curl 'http://localhost:9200/test_1/test/1?pretty=true' -XGET
  <- 200
  {
    "_index": "test_1",
    "_type": "test",
    "_id": "1",
    "_version": 3,
    "exists": true,
    "fields": {
      "_ttl": 99998
    }
  }

INFO: 2013-12-12T23:04:59Z
  Request complete

DEBUG: 2013-12-12T23:04:59Z
  starting request { method: 'DELETE', path: '/test_1/test/1', query: {} }
  

TRACE: 2013-12-12T23:04:59Z
  curl 'http://localhost:9200/test_1/test/1?pretty=true' -XDELETE
  <- 200
  {
    "ok": true,
    "found": true,
    "_index": "test_1",
    "_type": "test",
    "_id": "1",
    "_version": 4
  }

INFO: 2013-12-12T23:04:59Z
  Request complete

DEBUG: 2013-12-12T23:04:59Z
  starting request { method: 'POST',
    path: '/test_1/test/1',
    body: { foo: 'bar' },
    query: { ttl: '20s', op_type: 'create' } }
  

TRACE: 2013-12-12T23:04:59Z
  curl 'http://localhost:9200/test_1/test/1?pretty=true' -XPOST -d '{
    "foo": "bar"
  }'
  <- 200
  {
    "ok": true,
    "_index": "test_1",
    "_type": "test",
    "_id": "1",
    "_version": 5
  }

INFO: 2013-12-12T23:04:59Z
  Request complete

DEBUG: 2013-12-12T23:04:59Z
  starting request { method: 'GET',
    path: '/test_1/test/1',
    query: { fields: '_ttl' } }
  

TRACE: 2013-12-12T23:04:59Z
  curl 'http://localhost:9200/test_1/test/1?pretty=true' -XGET
  <- 200
  {
    "_index": "test_1",
    "_type": "test",
    "_id": "1",
    "_version": 5,
    "exists": true,
    "fields": {
      "_ttl": 19997
    }
  }

INFO: 2013-12-12T23:04:59Z
  Request complete

DEBUG: 2013-12-12T23:04:59Z
  starting request { method: 'DELETE', path: '/test_1/test/1', query: {} }
  

TRACE: 2013-12-12T23:04:59Z
  curl 'http://localhost:9200/test_1/test/1?pretty=true' -XDELETE
  <- 200
  {
    "ok": true,
    "found": true,
    "_index": "test_1",
    "_type": "test",
    "_id": "1",
    "_version": 6
  }

INFO: 2013-12-12T23:04:59Z
  Request complete

DEBUG: 2013-12-12T23:04:59Z
  starting request { method: 'POST',
    path: '/test_1/test/1',
    body: { foo: 'bar' },
    query: 
     { ttl: '20s',
       timestamp: '2013-06-23T18:14:40.000Z',
       op_type: 'create' } }
  

TRACE: 2013-12-12T23:04:59Z
  curl 'http://localhost:9200/test_1/test/1?pretty=true' -XPOST -d '{
    "foo": "bar"
  }'
  <- 400
  {
    "error": "MapperParsingException[failed to parse [_ttl]]; nested: AlreadyExpiredException[already expired [test_1]/[test]/[1] due to expire at [1372011300000] and was processed at [1386889499279]]; ",
    "status": 400
  }

INFO: 2013-12-12T23:04:59Z
  Request complete

DEBUG: 2013-12-12T23:04:59Z
  starting request { method: 'DELETE', path: '/*', ignore: [ 404 ], query: {} }
  

TRACE: 2013-12-12T23:04:59Z
  curl 'http://localhost:9200/*?pretty=true' -XDELETE
  <- 200
  {
    "ok": true,
    "acknowledged": true
  }

INFO: 2013-12-12T23:04:59Z
  Request complete

]]></system-out>
  </testsuite>
  <testsuite package="elasticsearch-js" id="19" name="yaml - delete/10_basic.yaml" timestamp="2013-12-12T23:04:59.287Z" hostname="localhost" tests="1" failures="0" errors="0" time="0.031">
    <testcase name="Basic" time="0.025" classname="node v0.10.23.yaml - delete"/>
    <system-out><![CDATA[DEBUG: 2013-12-12T23:04:59Z
  starting request { method: 'POST',
    path: '/test_1/test/1',
    body: { foo: 'bar' },
    query: {} }
  

TRACE: 2013-12-12T23:04:59Z
  curl 'http://localhost:9200/test_1/test/1?pretty=true' -XPOST -d '{
    "foo": "bar"
  }'
  <- 201
  {
    "ok": true,
    "_index": "test_1",
    "_type": "test",
    "_id": "1",
    "_version": 1
  }

INFO: 2013-12-12T23:04:59Z
  Request complete

DEBUG: 2013-12-12T23:04:59Z
  starting request { method: 'DELETE', path: '/test_1/test/1', query: {} }
  

TRACE: 2013-12-12T23:04:59Z
  curl 'http://localhost:9200/test_1/test/1?pretty=true' -XDELETE
  <- 200
  {
    "ok": true,
    "found": true,
    "_index": "test_1",
    "_type": "test",
    "_id": "1",
    "_version": 2
  }

INFO: 2013-12-12T23:04:59Z
  Request complete

DEBUG: 2013-12-12T23:04:59Z
  starting request { method: 'DELETE', path: '/*', ignore: [ 404 ], query: {} }
  

TRACE: 2013-12-12T23:04:59Z
  curl 'http://localhost:9200/*?pretty=true' -XDELETE
  <- 200
  {
    "ok": true,
    "acknowledged": true
  }

INFO: 2013-12-12T23:04:59Z
  Request complete

]]></system-out>
  </testsuite>
  <testsuite package="elasticsearch-js" id="20" name="yaml - delete/20_internal_version.yaml" timestamp="2013-12-12T23:04:59.318Z" hostname="localhost" tests="1" failures="0" errors="0" time="0.049">
    <testcase name="Internal version" time="0.043" classname="node v0.10.23.yaml - delete"/>
    <system-out><![CDATA[DEBUG: 2013-12-12T23:04:59Z
  starting request { method: 'POST',
    path: '/test_1/test/1',
    body: { foo: 'bar' },
    query: {} }
  

TRACE: 2013-12-12T23:04:59Z
  curl 'http://localhost:9200/test_1/test/1?pretty=true' -XPOST -d '{
    "foo": "bar"
  }'
  <- 201
  {
    "ok": true,
    "_index": "test_1",
    "_type": "test",
    "_id": "1",
    "_version": 1
  }

INFO: 2013-12-12T23:04:59Z
  Request complete

DEBUG: 2013-12-12T23:04:59Z
  starting request { method: 'DELETE',
    path: '/test_1/test/1',
    ignore: [ 409 ],
    query: { version: 2 } }
  

TRACE: 2013-12-12T23:04:59Z
  curl 'http://localhost:9200/test_1/test/1?pretty=true' -XDELETE
  <- 409
  {
    "error": "VersionConflictEngineException[[test_1][2] [test][1]: version conflict, current [1], provided [2]]",
    "status": 409
  }

INFO: 2013-12-12T23:04:59Z
  Request complete

DEBUG: 2013-12-12T23:04:59Z
  starting request { method: 'DELETE',
    path: '/test_1/test/1',
    query: { version: 1 } }
  

TRACE: 2013-12-12T23:04:59Z
  curl 'http://localhost:9200/test_1/test/1?pretty=true' -XDELETE
  <- 200
  {
    "ok": true,
    "found": true,
    "_index": "test_1",
    "_type": "test",
    "_id": "1",
    "_version": 2
  }

INFO: 2013-12-12T23:04:59Z
  Request complete

DEBUG: 2013-12-12T23:04:59Z
  starting request { method: 'DELETE', path: '/*', ignore: [ 404 ], query: {} }
  

TRACE: 2013-12-12T23:04:59Z
  curl 'http://localhost:9200/*?pretty=true' -XDELETE
  <- 200
  {
    "ok": true,
    "acknowledged": true
  }

INFO: 2013-12-12T23:04:59Z
  Request complete

]]></system-out>
  </testsuite>
  <testsuite package="elasticsearch-js" id="21" name="yaml - delete/25_external_version.yaml" timestamp="2013-12-12T23:04:59.367Z" hostname="localhost" tests="1" failures="0" errors="0" time="0.035">
    <testcase name="External version" time="0.029" classname="node v0.10.23.yaml - delete"/>
    <system-out><![CDATA[DEBUG: 2013-12-12T23:04:59Z
  starting request { method: 'POST',
    path: '/test_1/test/1',
    body: { foo: 'bar' },
    query: { version_type: 'external', version: 5 } }
  

TRACE: 2013-12-12T23:04:59Z
  curl 'http://localhost:9200/test_1/test/1?pretty=true' -XPOST -d '{
    "foo": "bar"
  }'
  <- 200
  {
    "ok": true,
    "_index": "test_1",
    "_type": "test",
    "_id": "1",
    "_version": 5
  }

INFO: 2013-12-12T23:04:59Z
  Request complete

DEBUG: 2013-12-12T23:04:59Z
  starting request { method: 'DELETE',
    path: '/test_1/test/1',
    ignore: [ 409 ],
    query: { version_type: 'external', version: 4 } }
  

TRACE: 2013-12-12T23:04:59Z
  curl 'http://localhost:9200/test_1/test/1?pretty=true' -XDELETE
  <- 409
  {
    "error": "VersionConflictEngineException[[test_1][2] [test][1]: version conflict, current [5], provided [4]]",
    "status": 409
  }

INFO: 2013-12-12T23:04:59Z
  Request complete

DEBUG: 2013-12-12T23:04:59Z
  starting request { method: 'DELETE',
    path: '/test_1/test/1',
    query: { version_type: 'external', version: 6 } }
  

TRACE: 2013-12-12T23:04:59Z
  curl 'http://localhost:9200/test_1/test/1?pretty=true' -XDELETE
  <- 200
  {
    "ok": true,
    "found": true,
    "_index": "test_1",
    "_type": "test",
    "_id": "1",
    "_version": 6
  }

INFO: 2013-12-12T23:04:59Z
  Request complete

DEBUG: 2013-12-12T23:04:59Z
  starting request { method: 'DELETE', path: '/*', ignore: [ 404 ], query: {} }
  

TRACE: 2013-12-12T23:04:59Z
  curl 'http://localhost:9200/*?pretty=true' -XDELETE
  <- 200
  {
    "ok": true,
    "acknowledged": true
  }

INFO: 2013-12-12T23:04:59Z
  Request complete

]]></system-out>
  </testsuite>
  <testsuite package="elasticsearch-js" id="22" name="yaml - delete/30_routing.yaml" timestamp="2013-12-12T23:04:59.402Z" hostname="localhost" tests="1" failures="0" errors="0" time="0.034">
    <testcase name="Routing" time="0.027" classname="node v0.10.23.yaml - delete"/>
    <system-out><![CDATA[DEBUG: 2013-12-12T23:04:59Z
  starting request { method: 'POST',
    path: '/test_1/test/1',
    body: { foo: 'bar' },
    query: { routing: '5' } }
  

TRACE: 2013-12-12T23:04:59Z
  curl 'http://localhost:9200/test_1/test/1?pretty=true' -XPOST -d '{
    "foo": "bar"
  }'
  <- 201
  {
    "ok": true,
    "_index": "test_1",
    "_type": "test",
    "_id": "1",
    "_version": 1
  }

INFO: 2013-12-12T23:04:59Z
  Request complete

DEBUG: 2013-12-12T23:04:59Z
  starting request { method: 'GET',
    path: '/_cluster/health',
    query: { wait_for_status: 'yellow' } }
  

TRACE: 2013-12-12T23:04:59Z
  curl 'http://localhost:9200/_cluster/health?pretty=true' -XGET
  <- 200
  {
    "cluster_name": "elasticsearch",
    "status": "yellow",
    "timed_out": false,
    "number_of_nodes": 1,
    "number_of_data_nodes": 1,
    "active_primary_shards": 5,
    "active_shards": 5,
    "relocating_shards": 0,
    "initializing_shards": 0,
    "unassigned_shards": 5
  }

INFO: 2013-12-12T23:04:59Z
  Request complete

DEBUG: 2013-12-12T23:04:59Z
  starting request { method: 'DELETE',
    path: '/test_1/test/1',
    ignore: [ 404 ],
    query: { routing: '4' } }
  

TRACE: 2013-12-12T23:04:59Z
  curl 'http://localhost:9200/test_1/test/1?pretty=true' -XDELETE
  <- 404
  {
    "ok": true,
    "found": false,
    "_index": "test_1",
    "_type": "test",
    "_id": "1",
    "_version": 1
  }

INFO: 2013-12-12T23:04:59Z
  Request complete

DEBUG: 2013-12-12T23:04:59Z
  starting request { method: 'DELETE',
    path: '/test_1/test/1',
    query: { routing: '5' } }
  

TRACE: 2013-12-12T23:04:59Z
  curl 'http://localhost:9200/test_1/test/1?pretty=true' -XDELETE
  <- 200
  {
    "ok": true,
    "found": true,
    "_index": "test_1",
    "_type": "test",
    "_id": "1",
    "_version": 2
  }

INFO: 2013-12-12T23:04:59Z
  Request complete

DEBUG: 2013-12-12T23:04:59Z
  starting request { method: 'DELETE', path: '/*', ignore: [ 404 ], query: {} }
  

TRACE: 2013-12-12T23:04:59Z
  curl 'http://localhost:9200/*?pretty=true' -XDELETE
  <- 200
  {
    "ok": true,
    "acknowledged": true
  }

INFO: 2013-12-12T23:04:59Z
  Request complete

]]></system-out>
  </testsuite>
  <testsuite package="elasticsearch-js" id="23" name="yaml - delete/40_parent.yaml" timestamp="2013-12-12T23:04:59.436Z" hostname="localhost" tests="1" failures="0" errors="0" time="0.247">
    <testcase name="Parent" time="0.238" classname="node v0.10.23.yaml - delete"/>
    <system-out><![CDATA[DEBUG: 2013-12-12T23:04:59Z
  starting request { method: 'GET', path: '/', query: {} }
  

TRACE: 2013-12-12T23:04:59Z
  curl 'http://localhost:9200/?pretty=true' -XGET
  <- 200
  {
    "ok": true,
    "status": 200,
    "name": "Death\'s-Head",
    "version": {
      "number": "0.90.8",
      "build_hash": "7fb114dbebc82f1547a051ccc3c3eebdf46202f7",
      "build_timestamp": "2013-12-12T19:53:01Z",
      "build_snapshot": true,
      "lucene_version": "4.6"
    },
    "tagline": "You Know, for Search"
  }

INFO: 2013-12-12T23:04:59Z
  Request complete

DEBUG: 2013-12-12T23:04:59Z
  starting request { method: 'POST',
    path: '/test_1',
    body: { mappings: { test: [Object] } },
    query: {} }
  

TRACE: 2013-12-12T23:04:59Z
  curl 'http://localhost:9200/test_1?pretty=true' -XPOST -d '{
    "mappings": {
      "test": {
        "_parent": {
          "type": "foo"
        }
      }
    }
  }'
  <- 200
  {
    "ok": true,
    "acknowledged": true
  }

INFO: 2013-12-12T23:04:59Z
  Request complete

DEBUG: 2013-12-12T23:04:59Z
  starting request { method: 'GET',
    path: '/_cluster/health',
    query: { wait_for_status: 'yellow' } }
  

TRACE: 2013-12-12T23:04:59Z
  curl 'http://localhost:9200/_cluster/health?pretty=true' -XGET
  <- 200
  {
    "cluster_name": "elasticsearch",
    "status": "yellow",
    "timed_out": false,
    "number_of_nodes": 1,
    "number_of_data_nodes": 1,
    "active_primary_shards": 5,
    "active_shards": 5,
    "relocating_shards": 0,
    "initializing_shards": 0,
    "unassigned_shards": 5
  }

INFO: 2013-12-12T23:04:59Z
  Request complete

DEBUG: 2013-12-12T23:04:59Z
  starting request { method: 'POST',
    path: '/test_1/test/1',
    body: { foo: 'bar' },
    query: { parent: '5' } }
  

TRACE: 2013-12-12T23:04:59Z
  curl 'http://localhost:9200/test_1/test/1?pretty=true' -XPOST -d '{
    "foo": "bar"
  }'
  <- 201
  {
    "ok": true,
    "_index": "test_1",
    "_type": "test",
    "_id": "1",
    "_version": 1
  }

INFO: 2013-12-12T23:04:59Z
  Request complete

DEBUG: 2013-12-12T23:04:59Z
  starting request { method: 'DELETE',
    path: '/test_1/test/1',
    ignore: [ 404 ],
    query: { parent: '1' } }
  

TRACE: 2013-12-12T23:04:59Z
  curl 'http://localhost:9200/test_1/test/1?pretty=true' -XDELETE
  <- 404
  {
    "ok": true,
    "found": false,
    "_index": "test_1",
    "_type": "test",
    "_id": "1",
    "_version": 1
  }

INFO: 2013-12-12T23:04:59Z
  Request complete

DEBUG: 2013-12-12T23:04:59Z
  starting request { method: 'DELETE',
    path: '/test_1/test/1',
    query: { parent: '5' } }
  

TRACE: 2013-12-12T23:04:59Z
  curl 'http://localhost:9200/test_1/test/1?pretty=true' -XDELETE
  <- 200
  {
    "ok": true,
    "found": true,
    "_index": "test_1",
    "_type": "test",
    "_id": "1",
    "_version": 2
  }

INFO: 2013-12-12T23:04:59Z
  Request complete

DEBUG: 2013-12-12T23:04:59Z
  starting request { method: 'DELETE', path: '/*', ignore: [ 404 ], query: {} }
  

TRACE: 2013-12-12T23:04:59Z
  curl 'http://localhost:9200/*?pretty=true' -XDELETE
  <- 200
  {
    "ok": true,
    "acknowledged": true
  }

INFO: 2013-12-12T23:04:59Z
  Request complete

]]></system-out>
  </testsuite>
  <testsuite package="elasticsearch-js" id="24" name="yaml - delete/45_parent_with_routing.yaml" timestamp="2013-12-12T23:04:59.683Z" hostname="localhost" tests="1" failures="0" errors="0" time="0.242">
    <testcase name="Parent with routing" time="0.235" classname="node v0.10.23.yaml - delete"/>
    <system-out><![CDATA[DEBUG: 2013-12-12T23:04:59Z
  starting request { method: 'POST',
    path: '/test_1',
    body: { mappings: { test: [Object] } },
    query: {} }
  

TRACE: 2013-12-12T23:04:59Z
  curl 'http://localhost:9200/test_1?pretty=true' -XPOST -d '{
    "mappings": {
      "test": {
        "_parent": {
          "type": "foo"
        }
      }
    }
  }'
  <- 200
  {
    "ok": true,
    "acknowledged": true
  }

INFO: 2013-12-12T23:04:59Z
  Request complete

DEBUG: 2013-12-12T23:04:59Z
  starting request { method: 'GET',
    path: '/_cluster/health',
    query: { wait_for_status: 'yellow' } }
  

TRACE: 2013-12-12T23:04:59Z
  curl 'http://localhost:9200/_cluster/health?pretty=true' -XGET
  <- 200
  {
    "cluster_name": "elasticsearch",
    "status": "yellow",
    "timed_out": false,
    "number_of_nodes": 1,
    "number_of_data_nodes": 1,
    "active_primary_shards": 5,
    "active_shards": 5,
    "relocating_shards": 0,
    "initializing_shards": 0,
    "unassigned_shards": 5
  }

INFO: 2013-12-12T23:04:59Z
  Request complete

DEBUG: 2013-12-12T23:04:59Z
  starting request { method: 'POST',
    path: '/test_1/test/1',
    body: { foo: 'bar' },
    query: { parent: '5', routing: '4' } }
  

TRACE: 2013-12-12T23:04:59Z
  curl 'http://localhost:9200/test_1/test/1?pretty=true' -XPOST -d '{
    "foo": "bar"
  }'
  <- 201
  {
    "ok": true,
    "_index": "test_1",
    "_type": "test",
    "_id": "1",
    "_version": 1
  }

INFO: 2013-12-12T23:04:59Z
  Request complete

DEBUG: 2013-12-12T23:04:59Z
  starting request { method: 'DELETE',
    path: '/test_1/test/1',
    ignore: [ 404 ],
    query: { parent: '5', routing: '1' } }
  

TRACE: 2013-12-12T23:04:59Z
  curl 'http://localhost:9200/test_1/test/1?pretty=true' -XDELETE
  <- 404
  {
    "ok": true,
    "found": false,
    "_index": "test_1",
    "_type": "test",
    "_id": "1",
    "_version": 1
  }

INFO: 2013-12-12T23:04:59Z
  Request complete

DEBUG: 2013-12-12T23:04:59Z
  starting request { method: 'DELETE',
    path: '/test_1/test/1',
    query: { parent: '5', routing: '4' } }
  

TRACE: 2013-12-12T23:04:59Z
  curl 'http://localhost:9200/test_1/test/1?pretty=true' -XDELETE
  <- 200
  {
    "ok": true,
    "found": true,
    "_index": "test_1",
    "_type": "test",
    "_id": "1",
    "_version": 2
  }

INFO: 2013-12-12T23:04:59Z
  Request complete

DEBUG: 2013-12-12T23:04:59Z
  starting request { method: 'DELETE', path: '/*', ignore: [ 404 ], query: {} }
  

TRACE: 2013-12-12T23:04:59Z
  curl 'http://localhost:9200/*?pretty=true' -XDELETE
  <- 200
  {
    "ok": true,
    "acknowledged": true
  }

INFO: 2013-12-12T23:04:59Z
  Request complete

]]></system-out>
  </testsuite>
  <testsuite package="elasticsearch-js" id="25" name="yaml - delete/50_refresh.yaml" timestamp="2013-12-12T23:04:59.925Z" hostname="localhost" tests="1" failures="0" errors="0" time="0.264">
    <testcase name="Refresh" time="0.257" classname="node v0.10.23.yaml - delete"/>
    <system-out><![CDATA[DEBUG: 2013-12-12T23:04:59Z
  starting request { method: 'POST',
    path: '/test_1',
    body: { settings: { 'index.refresh_interval': -1 } },
    query: {} }
  

TRACE: 2013-12-12T23:04:59Z
  curl 'http://localhost:9200/test_1?pretty=true' -XPOST -d '{
    "settings": {
      "index.refresh_interval": -1
    }
  }'
  <- 200
  {
    "ok": true,
    "acknowledged": true
  }

INFO: 2013-12-12T23:04:59Z
  Request complete

DEBUG: 2013-12-12T23:04:59Z
  starting request { method: 'GET',
    path: '/_cluster/health',
    query: { wait_for_status: 'yellow' } }
  

TRACE: 2013-12-12T23:05:00Z
  curl 'http://localhost:9200/_cluster/health?pretty=true' -XGET
  <- 200
  {
    "cluster_name": "elasticsearch",
    "status": "yellow",
    "timed_out": false,
    "number_of_nodes": 1,
    "number_of_data_nodes": 1,
    "active_primary_shards": 5,
    "active_shards": 5,
    "relocating_shards": 0,
    "initializing_shards": 0,
    "unassigned_shards": 5
  }

INFO: 2013-12-12T23:05:00Z
  Request complete

DEBUG: 2013-12-12T23:05:00Z
  starting request { method: 'POST',
    path: '/test_1/test/1',
    body: { foo: 'bar' },
    query: { refresh: true } }
  

TRACE: 2013-12-12T23:05:00Z
  curl 'http://localhost:9200/test_1/test/1?pretty=true' -XPOST -d '{
    "foo": "bar"
  }'
  <- 201
  {
    "ok": true,
    "_index": "test_1",
    "_type": "test",
    "_id": "1",
    "_version": 1
  }

INFO: 2013-12-12T23:05:00Z
  Request complete

DEBUG: 2013-12-12T23:05:00Z
  starting request { method: 'POST',
    path: '/test_1/test/2',
    body: { foo: 'bar' },
    query: { refresh: true } }
  

TRACE: 2013-12-12T23:05:00Z
  curl 'http://localhost:9200/test_1/test/2?pretty=true' -XPOST -d '{
    "foo": "bar"
  }'
  <- 201
  {
    "ok": true,
    "_index": "test_1",
    "_type": "test",
    "_id": "2",
    "_version": 1
  }

INFO: 2013-12-12T23:05:00Z
  Request complete

DEBUG: 2013-12-12T23:05:00Z
  starting request { method: 'POST',
    path: '/test_1/test/_search',
    body: { query: { terms: [Object] } },
    query: {} }
  

TRACE: 2013-12-12T23:05:00Z
  curl 'http://localhost:9200/test_1/test/_search?pretty=true' -XPOST -d '{
    "query": {
      "terms": {
        "_id": [
          1,
          2
        ]
      }
    }
  }'
  <- 200
  {
    "took": 0,
    "timed_out": false,
    "_shards": {
      "total": 5,
      "successful": 5,
      "failed": 0
    },
    "hits": {
      "total": 2,
      "max_score": 0.35355338,
      "hits": [
        {
          "_index": "test_1",
          "_type": "test",
          "_id": "1",
          "_score": 0.35355338,
          "_source": {
            "foo": "bar"
          }
        },
        {
          "_index": "test_1",
          "_type": "test",
          "_id": "2",
          "_score": 0.35355338,
          "_source": {
            "foo": "bar"
          }
        }
      ]
    }
  }

INFO: 2013-12-12T23:05:00Z
  Request complete

DEBUG: 2013-12-12T23:05:00Z
  starting request { method: 'DELETE', path: '/test_1/test/1', query: {} }
  

TRACE: 2013-12-12T23:05:00Z
  curl 'http://localhost:9200/test_1/test/1?pretty=true' -XDELETE
  <- 200
  {
    "ok": true,
    "found": true,
    "_index": "test_1",
    "_type": "test",
    "_id": "1",
    "_version": 2
  }

INFO: 2013-12-12T23:05:00Z
  Request complete

DEBUG: 2013-12-12T23:05:00Z
  starting request { method: 'POST',
    path: '/test_1/test/_search',
    body: { query: { terms: [Object] } },
    query: {} }
  

TRACE: 2013-12-12T23:05:00Z
  curl 'http://localhost:9200/test_1/test/_search?pretty=true' -XPOST -d '{
    "query": {
      "terms": {
        "_id": [
          1,
          2
        ]
      }
    }
  }'
  <- 200
  {
    "took": 1,
    "timed_out": false,
    "_shards": {
      "total": 5,
      "successful": 5,
      "failed": 0
    },
    "hits": {
      "total": 2,
      "max_score": 0.35355338,
      "hits": [
        {
          "_index": "test_1",
          "_type": "test",
          "_id": "1",
          "_score": 0.35355338,
          "_source": {
            "foo": "bar"
          }
        },
        {
          "_index": "test_1",
          "_type": "test",
          "_id": "2",
          "_score": 0.35355338,
          "_source": {
            "foo": "bar"
          }
        }
      ]
    }
  }

INFO: 2013-12-12T23:05:00Z
  Request complete

DEBUG: 2013-12-12T23:05:00Z
  starting request { method: 'DELETE',
    path: '/test_1/test/2',
    query: { refresh: true } }
  

TRACE: 2013-12-12T23:05:00Z
  curl 'http://localhost:9200/test_1/test/2?pretty=true' -XDELETE
  <- 200
  {
    "ok": true,
    "found": true,
    "_index": "test_1",
    "_type": "test",
    "_id": "2",
    "_version": 2
  }

INFO: 2013-12-12T23:05:00Z
  Request complete

DEBUG: 2013-12-12T23:05:00Z
  starting request { method: 'POST',
    path: '/test_1/test/_search',
    body: { query: { terms: [Object] } },
    query: {} }
  

TRACE: 2013-12-12T23:05:00Z
  curl 'http://localhost:9200/test_1/test/_search?pretty=true' -XPOST -d '{
    "query": {
      "terms": {
        "_id": [
          1,
          2
        ]
      }
    }
  }'
  <- 200
  {
    "took": 1,
    "timed_out": false,
    "_shards": {
      "total": 5,
      "successful": 5,
      "failed": 0
    },
    "hits": {
      "total": 1,
      "max_score": 0.35355338,
      "hits": [
        {
          "_index": "test_1",
          "_type": "test",
          "_id": "1",
          "_score": 0.35355338,
          "_source": {
            "foo": "bar"
          }
        }
      ]
    }
  }

INFO: 2013-12-12T23:05:00Z
  Request complete

DEBUG: 2013-12-12T23:05:00Z
  starting request { method: 'DELETE', path: '/*', ignore: [ 404 ], query: {} }
  

TRACE: 2013-12-12T23:05:00Z
  curl 'http://localhost:9200/*?pretty=true' -XDELETE
  <- 200
  {
    "ok": true,
    "acknowledged": true
  }

INFO: 2013-12-12T23:05:00Z
  Request complete

]]></system-out>
  </testsuite>
  <testsuite package="elasticsearch-js" id="26" name="yaml - delete/60_missing.yaml" timestamp="2013-12-12T23:05:00.189Z" hostname="localhost" tests="2" failures="0" errors="0" time="0.061">
    <testcase name="Missing document with catch" time="0.022" classname="node v0.10.23.yaml - delete"/>
    <testcase name="Missing document with ignore" time="0.028" classname="node v0.10.23.yaml - delete"/>
    <system-out><![CDATA[DEBUG: 2013-12-12T23:05:00Z
  starting request { method: 'DELETE',
    path: '/test_1/test/1',
    ignore: [ 404 ],
    query: {} }
  

TRACE: 2013-12-12T23:05:00Z
  curl 'http://localhost:9200/test_1/test/1?pretty=true' -XDELETE
  <- 404
  {
    "ok": true,
    "found": false,
    "_index": "test_1",
    "_type": "test",
    "_id": "1",
    "_version": 1
  }

INFO: 2013-12-12T23:05:00Z
  Request complete

DEBUG: 2013-12-12T23:05:00Z
  starting request { method: 'DELETE', path: '/*', ignore: [ 404 ], query: {} }
  

TRACE: 2013-12-12T23:05:00Z
  curl 'http://localhost:9200/*?pretty=true' -XDELETE
  <- 200
  {
    "ok": true,
    "acknowledged": true
  }

INFO: 2013-12-12T23:05:00Z
  Request complete

DEBUG: 2013-12-12T23:05:00Z
  starting request { method: 'DELETE',
    path: '/test_1/test/1',
    ignore: [ 404 ],
    query: {} }
  

TRACE: 2013-12-12T23:05:00Z
  curl 'http://localhost:9200/test_1/test/1?pretty=true' -XDELETE
  <- 404
  {
    "ok": true,
    "found": false,
    "_index": "test_1",
    "_type": "test",
    "_id": "1",
    "_version": 1
  }

INFO: 2013-12-12T23:05:00Z
  Request complete

DEBUG: 2013-12-12T23:05:00Z
  starting request { method: 'DELETE', path: '/*', ignore: [ 404 ], query: {} }
  

TRACE: 2013-12-12T23:05:00Z
  curl 'http://localhost:9200/*?pretty=true' -XDELETE
  <- 200
  {
    "ok": true,
    "acknowledged": true
  }

INFO: 2013-12-12T23:05:00Z
  Request complete

]]></system-out>
  </testsuite>
  <testsuite package="elasticsearch-js" id="27" name="yaml - delete_by_query/10_basic.yaml" timestamp="2013-12-12T23:05:00.250Z" hostname="localhost" tests="1" failures="0" errors="0" time="0.055">
    <testcase name="Basic delete_by_query" time="0.049" classname="node v0.10.23.yaml - delete_by_query"/>
    <system-out><![CDATA[DEBUG: 2013-12-12T23:05:00Z
  starting request { method: 'POST',
    path: '/test_1/test/1',
    body: { foo: 'bar' },
    query: {} }
  

TRACE: 2013-12-12T23:05:00Z
  curl 'http://localhost:9200/test_1/test/1?pretty=true' -XPOST -d '{
    "foo": "bar"
  }'
  <- 201
  {
    "ok": true,
    "_index": "test_1",
    "_type": "test",
    "_id": "1",
    "_version": 1
  }

INFO: 2013-12-12T23:05:00Z
  Request complete

DEBUG: 2013-12-12T23:05:00Z
  starting request { method: 'POST',
    path: '/test_1/test/2',
    body: { foo: 'baz' },
    query: {} }
  

TRACE: 2013-12-12T23:05:00Z
  curl 'http://localhost:9200/test_1/test/2?pretty=true' -XPOST -d '{
    "foo": "baz"
  }'
  <- 201
  {
    "ok": true,
    "_index": "test_1",
    "_type": "test",
    "_id": "2",
    "_version": 1
  }

INFO: 2013-12-12T23:05:00Z
  Request complete

DEBUG: 2013-12-12T23:05:00Z
  starting request { method: 'POST',
    path: '/test_1/test/3',
    body: { foo: 'foo' },
    query: {} }
  

TRACE: 2013-12-12T23:05:00Z
  curl 'http://localhost:9200/test_1/test/3?pretty=true' -XPOST -d '{
    "foo": "foo"
  }'
  <- 201
  {
    "ok": true,
    "_index": "test_1",
    "_type": "test",
    "_id": "3",
    "_version": 1
  }

INFO: 2013-12-12T23:05:00Z
  Request complete

DEBUG: 2013-12-12T23:05:00Z
  starting request { method: 'POST', path: '/_refresh', query: {} }
  

TRACE: 2013-12-12T23:05:00Z
  curl 'http://localhost:9200/_refresh?pretty=true' -XPOST
  <- 200
  {
    "ok": true,
    "_shards": {
      "total": 10,
      "successful": 5,
      "failed": 0
    }
  }

INFO: 2013-12-12T23:05:00Z
  Request complete

DEBUG: 2013-12-12T23:05:00Z
  starting request { method: 'DELETE',
    path: '/test_1/_query',
    body: { match: { foo: 'bar' } },
    query: {} }
  

TRACE: 2013-12-12T23:05:00Z
  curl 'http://localhost:9200/test_1/_query?pretty=true' -XDELETE -d '{
    "match": {
      "foo": "bar"
    }
  }'
  <- 200
  {
    "ok": true,
    "_indices": {
      "test_1": {
        "_shards": {
          "total": 5,
          "successful": 5,
          "failed": 0
        }
      }
    }
  }

INFO: 2013-12-12T23:05:00Z
  Request complete

DEBUG: 2013-12-12T23:05:00Z
  starting request { method: 'POST', path: '/_refresh', query: {} }
  

TRACE: 2013-12-12T23:05:00Z
  curl 'http://localhost:9200/_refresh?pretty=true' -XPOST
  <- 200
  {
    "ok": true,
    "_shards": {
      "total": 10,
      "successful": 5,
      "failed": 0
    }
  }

INFO: 2013-12-12T23:05:00Z
  Request complete

DEBUG: 2013-12-12T23:05:00Z
  starting request { method: 'POST', path: '/test_1/_count', query: {} }
  

TRACE: 2013-12-12T23:05:00Z
  curl 'http://localhost:9200/test_1/_count?pretty=true' -XPOST
  <- 200
  {
    "count": 2,
    "_shards": {
      "total": 5,
      "successful": 5,
      "failed": 0
    }
  }

INFO: 2013-12-12T23:05:00Z
  Request complete

DEBUG: 2013-12-12T23:05:00Z
  starting request { method: 'DELETE', path: '/*', ignore: [ 404 ], query: {} }
  

TRACE: 2013-12-12T23:05:00Z
  curl 'http://localhost:9200/*?pretty=true' -XDELETE
  <- 200
  {
    "ok": true,
    "acknowledged": true
  }

INFO: 2013-12-12T23:05:00Z
  Request complete

]]></system-out>
  </testsuite>
  <testsuite package="elasticsearch-js" id="28" name="yaml - exists/10_basic.yaml" timestamp="2013-12-12T23:05:00.305Z" hostname="localhost" tests="1" failures="0" errors="0" time="0.034">
    <testcase name="Basic" time="0.027" classname="node v0.10.23.yaml - exists"/>
    <system-out><![CDATA[DEBUG: 2013-12-12T23:05:00Z
  starting request { method: 'HEAD',
    castExists: true,
    path: '/test_1/test/1',
    query: {} }
  

TRACE: 2013-12-12T23:05:00Z
  curl 'http://localhost:9200/test_1/test/1?pretty=true' -XHEAD
  <- 404
  

INFO: 2013-12-12T23:05:00Z
  Request complete

DEBUG: 2013-12-12T23:05:00Z
  starting request { method: 'POST',
    path: '/test_1/test/1',
    body: { foo: 'bar' },
    query: {} }
  

TRACE: 2013-12-12T23:05:00Z
  curl 'http://localhost:9200/test_1/test/1?pretty=true' -XPOST -d '{
    "foo": "bar"
  }'
  <- 201
  {
    "ok": true,
    "_index": "test_1",
    "_type": "test",
    "_id": "1",
    "_version": 1
  }

INFO: 2013-12-12T23:05:00Z
  Request complete

DEBUG: 2013-12-12T23:05:00Z
  starting request { method: 'HEAD',
    castExists: true,
    path: '/test_1/test/1',
    query: {} }
  

TRACE: 2013-12-12T23:05:00Z
  curl 'http://localhost:9200/test_1/test/1?pretty=true' -XHEAD
  <- 200
  

INFO: 2013-12-12T23:05:00Z
  Request complete

DEBUG: 2013-12-12T23:05:00Z
  starting request { method: 'DELETE', path: '/*', ignore: [ 404 ], query: {} }
  

TRACE: 2013-12-12T23:05:00Z
  curl 'http://localhost:9200/*?pretty=true' -XDELETE
  <- 200
  {
    "ok": true,
    "acknowledged": true
  }

INFO: 2013-12-12T23:05:00Z
  Request complete

]]></system-out>
  </testsuite>
  <testsuite package="elasticsearch-js" id="29" name="yaml - exists/30_parent.yaml" timestamp="2013-12-12T23:05:00.339Z" hostname="localhost" tests="1" failures="0" errors="0" time="0.237">
    <testcase name="Parent" time="0.23" classname="node v0.10.23.yaml - exists"/>
    <system-out><![CDATA[DEBUG: 2013-12-12T23:05:00Z
  starting request { method: 'POST',
    path: '/test_1',
    body: { mappings: { test: [Object] } },
    query: {} }
  

TRACE: 2013-12-12T23:05:00Z
  curl 'http://localhost:9200/test_1?pretty=true' -XPOST -d '{
    "mappings": {
      "test": {
        "_parent": {
          "type": "foo"
        }
      }
    }
  }'
  <- 200
  {
    "ok": true,
    "acknowledged": true
  }

INFO: 2013-12-12T23:05:00Z
  Request complete

DEBUG: 2013-12-12T23:05:00Z
  starting request { method: 'GET',
    path: '/_cluster/health',
    query: { wait_for_status: 'yellow' } }
  

TRACE: 2013-12-12T23:05:00Z
  curl 'http://localhost:9200/_cluster/health?pretty=true' -XGET
  <- 200
  {
    "cluster_name": "elasticsearch",
    "status": "yellow",
    "timed_out": false,
    "number_of_nodes": 1,
    "number_of_data_nodes": 1,
    "active_primary_shards": 5,
    "active_shards": 5,
    "relocating_shards": 0,
    "initializing_shards": 0,
    "unassigned_shards": 5
  }

INFO: 2013-12-12T23:05:00Z
  Request complete

DEBUG: 2013-12-12T23:05:00Z
  starting request { method: 'POST',
    path: '/test_1/test/1',
    body: { foo: 'bar' },
    query: { parent: '5' } }
  

TRACE: 2013-12-12T23:05:00Z
  curl 'http://localhost:9200/test_1/test/1?pretty=true' -XPOST -d '{
    "foo": "bar"
  }'
  <- 201
  {
    "ok": true,
    "_index": "test_1",
    "_type": "test",
    "_id": "1",
    "_version": 1
  }

INFO: 2013-12-12T23:05:00Z
  Request complete

DEBUG: 2013-12-12T23:05:00Z
  starting request { method: 'HEAD',
    castExists: true,
    path: '/test_1/test/1',
    query: { parent: '5' } }
  

TRACE: 2013-12-12T23:05:00Z
  curl 'http://localhost:9200/test_1/test/1?pretty=true' -XHEAD
  <- 200
  

INFO: 2013-12-12T23:05:00Z
  Request complete

DEBUG: 2013-12-12T23:05:00Z
  starting request { method: 'HEAD',
    castExists: true,
    path: '/test_1/test/1',
    query: {} }
  

TRACE: 2013-12-12T23:05:00Z
  curl 'http://localhost:9200/test_1/test/1?pretty=true' -XHEAD
  <- 404
  

INFO: 2013-12-12T23:05:00Z
  Request complete

DEBUG: 2013-12-12T23:05:00Z
  starting request { method: 'DELETE', path: '/*', ignore: [ 404 ], query: {} }
  

TRACE: 2013-12-12T23:05:00Z
  curl 'http://localhost:9200/*?pretty=true' -XDELETE
  <- 200
  {
    "ok": true,
    "acknowledged": true
  }

INFO: 2013-12-12T23:05:00Z
  Request complete

]]></system-out>
  </testsuite>
  <testsuite package="elasticsearch-js" id="30" name="yaml - exists/40_routing.yaml" timestamp="2013-12-12T23:05:00.576Z" hostname="localhost" tests="1" failures="0" errors="0" time="0.034">
    <testcase name="Routing" time="0.028" classname="node v0.10.23.yaml - exists"/>
    <system-out><![CDATA[DEBUG: 2013-12-12T23:05:00Z
  starting request { method: 'POST',
    path: '/test_1/test/1',
    body: { foo: 'bar' },
    query: { routing: '5' } }
  

TRACE: 2013-12-12T23:05:00Z
  curl 'http://localhost:9200/test_1/test/1?pretty=true' -XPOST -d '{
    "foo": "bar"
  }'
[...]
    query: { parent: '5', routing: '4', fields: 'foo' } }
  

TRACE: 2013-12-12T23:05:08Z
  curl 'http://localhost:9200/test_1/test/1/_update?pretty=true' -XPOST -d '{
    "doc": {
      "foo": "baz"
    }
  }'
  <- 200
  {
    "ok": true,
    "_index": "test_1",
    "_type": "test",
    "_id": "1",
    "_version": 2,
    "get": {
      "exists": true,
      "fields": {
        "foo": "baz"
      }
    }
  }

INFO: 2013-12-12T23:05:08Z
  Request complete

DEBUG: 2013-12-12T23:05:08Z
  starting request { method: 'DELETE', path: '/*', ignore: [ 404 ], query: {} }
  

TRACE: 2013-12-12T23:05:08Z
  curl 'http://localhost:9200/*?pretty=true' -XDELETE
  <- 200
  {
    "ok": true,
    "acknowledged": true
  }

INFO: 2013-12-12T23:05:08Z
  Request complete

]]></system-out>
  </testsuite>
  <testsuite package="elasticsearch-js" id="125" name="yaml - update/60_refresh.yaml" timestamp="2013-12-12T23:05:08.267Z" hostname="localhost" tests="1" failures="0" errors="0" time="0.249">
    <testcase name="Refresh" time="0.243" classname="node v0.10.23.yaml - update"/>
    <system-out><![CDATA[DEBUG: 2013-12-12T23:05:08Z
  starting request { method: 'POST',
    path: '/test_1',
    body: { settings: { 'index.refresh_interval': -1 } },
    query: {} }
  

TRACE: 2013-12-12T23:05:08Z
  curl 'http://localhost:9200/test_1?pretty=true' -XPOST -d '{
    "settings": {
      "index.refresh_interval": -1
    }
  }'
  <- 200
  {
    "ok": true,
    "acknowledged": true
  }

INFO: 2013-12-12T23:05:08Z
  Request complete

DEBUG: 2013-12-12T23:05:08Z
  starting request { method: 'GET',
    path: '/_cluster/health',
    query: { wait_for_status: 'yellow' } }
  

TRACE: 2013-12-12T23:05:08Z
  curl 'http://localhost:9200/_cluster/health?pretty=true' -XGET
  <- 200
  {
    "cluster_name": "elasticsearch",
    "status": "yellow",
    "timed_out": false,
    "number_of_nodes": 1,
    "number_of_data_nodes": 1,
    "active_primary_shards": 5,
    "active_shards": 5,
    "relocating_shards": 0,
    "initializing_shards": 0,
    "unassigned_shards": 5
  }

INFO: 2013-12-12T23:05:08Z
  Request complete

DEBUG: 2013-12-12T23:05:08Z
  starting request { method: 'POST',
    path: '/test_1/test/1/_update',
    body: { doc: { foo: 'baz' }, upsert: { foo: 'bar' } },
    query: {} }
  

TRACE: 2013-12-12T23:05:08Z
  curl 'http://localhost:9200/test_1/test/1/_update?pretty=true' -XPOST -d '{
    "doc": {
      "foo": "baz"
    },
    "upsert": {
      "foo": "bar"
    }
  }'
  <- 201
  {
    "ok": true,
    "_index": "test_1",
    "_type": "test",
    "_id": "1",
    "_version": 1
  }

INFO: 2013-12-12T23:05:08Z
  Request complete

DEBUG: 2013-12-12T23:05:08Z
  starting request { method: 'POST',
    path: '/test_1/test/_search',
    body: { query: { term: [Object] } },
    query: {} }
  

TRACE: 2013-12-12T23:05:08Z
  curl 'http://localhost:9200/test_1/test/_search?pretty=true' -XPOST -d '{
    "query": {
      "term": {
        "_id": 1
      }
    }
  }'
  <- 200
  {
    "took": 1,
    "timed_out": false,
    "_shards": {
      "total": 5,
      "successful": 5,
      "failed": 0
    },
    "hits": {
      "total": 0,
      "max_score": null,
      "hits": []
    }
  }

INFO: 2013-12-12T23:05:08Z
  Request complete

DEBUG: 2013-12-12T23:05:08Z
  starting request { method: 'POST',
    path: '/test_1/test/2/_update',
    body: { doc: { foo: 'baz' }, upsert: { foo: 'bar' } },
    query: { refresh: true } }
  

TRACE: 2013-12-12T23:05:08Z
  curl 'http://localhost:9200/test_1/test/2/_update?pretty=true' -XPOST -d '{
    "doc": {
      "foo": "baz"
    },
    "upsert": {
      "foo": "bar"
    }
  }'
  <- 201
  {
    "ok": true,
    "_index": "test_1",
    "_type": "test",
    "_id": "2",
    "_version": 1
  }

INFO: 2013-12-12T23:05:08Z
  Request complete

DEBUG: 2013-12-12T23:05:08Z
  starting request { method: 'POST',
    path: '/test_1/test/_search',
    body: { query: { term: [Object] } },
    query: {} }
  

TRACE: 2013-12-12T23:05:08Z
  curl 'http://localhost:9200/test_1/test/_search?pretty=true' -XPOST -d '{
    "query": {
      "term": {
        "_id": 2
      }
    }
  }'
  <- 200
  {
    "took": 1,
    "timed_out": false,
    "_shards": {
      "total": 5,
      "successful": 5,
      "failed": 0
    },
    "hits": {
      "total": 1,
      "max_score": 1,
      "hits": [
        {
          "_index": "test_1",
          "_type": "test",
          "_id": "2",
          "_score": 1,
          "_source": {
            "foo": "bar"
          }
        }
      ]
    }
  }

INFO: 2013-12-12T23:05:08Z
  Request complete

DEBUG: 2013-12-12T23:05:08Z
  starting request { method: 'DELETE', path: '/*', ignore: [ 404 ], query: {} }
  

TRACE: 2013-12-12T23:05:08Z
  curl 'http://localhost:9200/*?pretty=true' -XDELETE
  <- 200
  {
    "ok": true,
    "acknowledged": true
  }

INFO: 2013-12-12T23:05:08Z
  Request complete

]]></system-out>
  </testsuite>
  <testsuite package="elasticsearch-js" id="126" name="yaml - update/70_timestamp.yaml" timestamp="2013-12-12T23:05:08.516Z" hostname="localhost" tests="1" failures="0" errors="0" time="0.242">
    <testcase name="Timestamp" time="0.235" classname="node v0.10.23.yaml - update"/>
    <system-out><![CDATA[DEBUG: 2013-12-12T23:05:08Z
  starting request { method: 'POST',
    path: '/test_1',
    body: { mappings: { test: [Object] } },
    query: {} }
  

TRACE: 2013-12-12T23:05:08Z
  curl 'http://localhost:9200/test_1?pretty=true' -XPOST -d '{
    "mappings": {
      "test": {
        "_timestamp": {
          "enabled": 1,
          "store": "yes"
        }
      }
    }
  }'
  <- 200
  {
    "ok": true,
    "acknowledged": true
  }

INFO: 2013-12-12T23:05:08Z
  Request complete

DEBUG: 2013-12-12T23:05:08Z
  starting request { method: 'GET',
    path: '/_cluster/health',
    query: { wait_for_status: 'yellow' } }
  

TRACE: 2013-12-12T23:05:08Z
  curl 'http://localhost:9200/_cluster/health?pretty=true' -XGET
  <- 200
  {
    "cluster_name": "elasticsearch",
    "status": "yellow",
    "timed_out": false,
    "number_of_nodes": 1,
    "number_of_data_nodes": 1,
    "active_primary_shards": 5,
    "active_shards": 5,
    "relocating_shards": 0,
    "initializing_shards": 0,
    "unassigned_shards": 5
  }

INFO: 2013-12-12T23:05:08Z
  Request complete

DEBUG: 2013-12-12T23:05:08Z
  starting request { method: 'POST',
    path: '/test_1/test/1/_update',
    body: { doc: { foo: 'baz' }, upsert: { foo: 'bar' } },
    query: {} }
  

TRACE: 2013-12-12T23:05:08Z
  curl 'http://localhost:9200/test_1/test/1/_update?pretty=true' -XPOST -d '{
    "doc": {
      "foo": "baz"
    },
    "upsert": {
      "foo": "bar"
    }
  }'
  <- 201
  {
    "ok": true,
    "_index": "test_1",
    "_type": "test",
    "_id": "1",
    "_version": 1
  }

INFO: 2013-12-12T23:05:08Z
  Request complete

DEBUG: 2013-12-12T23:05:08Z
  starting request { method: 'GET',
    path: '/test_1/test/1',
    query: { fields: '_timestamp' } }
  

TRACE: 2013-12-12T23:05:08Z
  curl 'http://localhost:9200/test_1/test/1?pretty=true' -XGET
  <- 200
  {
    "_index": "test_1",
    "_type": "test",
    "_id": "1",
    "_version": 1,
    "exists": true,
    "fields": {
      "_timestamp": 1386889508738
    }
  }

INFO: 2013-12-12T23:05:08Z
  Request complete

DEBUG: 2013-12-12T23:05:08Z
  starting request { method: 'POST',
    path: '/test_1/test/1/_update',
    body: { doc: { foo: 'baz' }, upsert: { foo: 'bar' } },
    query: { timestamp: '1372011280000' } }
  

TRACE: 2013-12-12T23:05:08Z
  curl 'http://localhost:9200/test_1/test/1/_update?pretty=true' -XPOST -d '{
    "doc": {
      "foo": "baz"
    },
    "upsert": {
      "foo": "bar"
    }
  }'
  <- 200
  {
    "ok": true,
    "_index": "test_1",
    "_type": "test",
    "_id": "1",
    "_version": 2
  }

INFO: 2013-12-12T23:05:08Z
  Request complete

DEBUG: 2013-12-12T23:05:08Z
  starting request { method: 'GET',
    path: '/test_1/test/1',
    query: { fields: '_timestamp' } }
  

TRACE: 2013-12-12T23:05:08Z
  curl 'http://localhost:9200/test_1/test/1?pretty=true' -XGET
  <- 200
  {
    "_index": "test_1",
    "_type": "test",
    "_id": "1",
    "_version": 2,
    "exists": true,
    "fields": {
      "_timestamp": 1372011280000
    }
  }

INFO: 2013-12-12T23:05:08Z
  Request complete

DEBUG: 2013-12-12T23:05:08Z
  starting request { method: 'POST',
    path: '/test_1/test/1/_update',
    body: { doc: { foo: 'baz' }, upsert: { foo: 'bar' } },
    query: { timestamp: '2013-06-23T18:14:40.000Z' } }
  

TRACE: 2013-12-12T23:05:08Z
  curl 'http://localhost:9200/test_1/test/1/_update?pretty=true' -XPOST -d '{
    "doc": {
      "foo": "baz"
    },
    "upsert": {
      "foo": "bar"
    }
  }'
  <- 200
  {
    "ok": true,
    "_index": "test_1",
    "_type": "test",
    "_id": "1",
    "_version": 3
  }

INFO: 2013-12-12T23:05:08Z
  Request complete

DEBUG: 2013-12-12T23:05:08Z
  starting request { method: 'GET',
    path: '/test_1/test/1',
    query: { fields: '_timestamp' } }
  

TRACE: 2013-12-12T23:05:08Z
  curl 'http://localhost:9200/test_1/test/1?pretty=true' -XGET
  <- 200
  {
    "_index": "test_1",
    "_type": "test",
    "_id": "1",
    "_version": 3,
    "exists": true,
    "fields": {
      "_timestamp": 1372011280000
    }
  }

INFO: 2013-12-12T23:05:08Z
  Request complete

DEBUG: 2013-12-12T23:05:08Z
  starting request { method: 'DELETE', path: '/*', ignore: [ 404 ], query: {} }
  

TRACE: 2013-12-12T23:05:08Z
  curl 'http://localhost:9200/*?pretty=true' -XDELETE
  <- 200
  {
    "ok": true,
    "acknowledged": true
  }

INFO: 2013-12-12T23:05:08Z
  Request complete

]]></system-out>
  </testsuite>
  <testsuite package="elasticsearch-js" id="127" name="yaml - update/75_ttl.yaml" timestamp="2013-12-12T23:05:08.758Z" hostname="localhost" tests="1" failures="0" errors="0" time="0.246">
    <testcase name="TTL" time="0.24" classname="node v0.10.23.yaml - update"/>
    <system-out><![CDATA[DEBUG: 2013-12-12T23:05:08Z
  starting request { method: 'POST',
    path: '/test_1',
    body: { mappings: { test: [Object] } },
    query: {} }
  

TRACE: 2013-12-12T23:05:08Z
  curl 'http://localhost:9200/test_1?pretty=true' -XPOST -d '{
    "mappings": {
      "test": {
        "_ttl": {
          "enabled": 1,
          "store": "yes",
          "default": "10s"
        }
      }
    }
  }'
  <- 200
  {
    "ok": true,
    "acknowledged": true
  }

INFO: 2013-12-12T23:05:08Z
  Request complete

DEBUG: 2013-12-12T23:05:08Z
  starting request { method: 'GET',
    path: '/_cluster/health',
    query: { wait_for_status: 'yellow' } }
  

TRACE: 2013-12-12T23:05:08Z
  curl 'http://localhost:9200/_cluster/health?pretty=true' -XGET
  <- 200
  {
    "cluster_name": "elasticsearch",
    "status": "yellow",
    "timed_out": false,
    "number_of_nodes": 1,
    "number_of_data_nodes": 1,
    "active_primary_shards": 5,
    "active_shards": 5,
    "relocating_shards": 0,
    "initializing_shards": 0,
    "unassigned_shards": 5
  }

INFO: 2013-12-12T23:05:08Z
  Request complete

DEBUG: 2013-12-12T23:05:08Z
  starting request { method: 'POST',
    path: '/test_1/test/1/_update',
    body: { doc: { foo: 'baz' }, upsert: { foo: 'bar' } },
    query: {} }
  

TRACE: 2013-12-12T23:05:08Z
  curl 'http://localhost:9200/test_1/test/1/_update?pretty=true' -XPOST -d '{
    "doc": {
      "foo": "baz"
    },
    "upsert": {
      "foo": "bar"
    }
  }'
  <- 201
  {
    "ok": true,
    "_index": "test_1",
    "_type": "test",
    "_id": "1",
    "_version": 1
  }

INFO: 2013-12-12T23:05:08Z
  Request complete

DEBUG: 2013-12-12T23:05:08Z
  starting request { method: 'GET',
    path: '/test_1/test/1',
    query: { fields: '_ttl' } }
  

TRACE: 2013-12-12T23:05:08Z
  curl 'http://localhost:9200/test_1/test/1?pretty=true' -XGET
  <- 200
  {
    "_index": "test_1",
    "_type": "test",
    "_id": "1",
    "_version": 1,
    "exists": true,
    "fields": {
      "_ttl": 9997
    }
  }

INFO: 2013-12-12T23:05:08Z
  Request complete

DEBUG: 2013-12-12T23:05:08Z
  starting request { method: 'POST',
    path: '/test_1/test/1/_update',
    body: { doc: { foo: 'baz' }, upsert: { foo: 'bar' } },
    query: { ttl: 100000 } }
  

TRACE: 2013-12-12T23:05:08Z
  curl 'http://localhost:9200/test_1/test/1/_update?pretty=true' -XPOST -d '{
    "doc": {
      "foo": "baz"
    },
    "upsert": {
      "foo": "bar"
    }
  }'
  <- 200
  {
    "ok": true,
    "_index": "test_1",
    "_type": "test",
    "_id": "1",
    "_version": 2
  }

INFO: 2013-12-12T23:05:08Z
  Request complete

DEBUG: 2013-12-12T23:05:08Z
  starting request { method: 'GET',
    path: '/test_1/test/1',
    query: { fields: '_ttl' } }
  

TRACE: 2013-12-12T23:05:08Z
  curl 'http://localhost:9200/test_1/test/1?pretty=true' -XGET
  <- 200
  {
    "_index": "test_1",
    "_type": "test",
    "_id": "1",
    "_version": 2,
    "exists": true,
    "fields": {
      "_ttl": 99998
    }
  }

INFO: 2013-12-12T23:05:08Z
  Request complete

DEBUG: 2013-12-12T23:05:08Z
  starting request { method: 'POST',
    path: '/test_1/test/1/_update',
    body: { doc: { foo: 'baz' }, upsert: { foo: 'bar' } },
    query: { ttl: '20s' } }
  

TRACE: 2013-12-12T23:05:08Z
  curl 'http://localhost:9200/test_1/test/1/_update?pretty=true' -XPOST -d '{
    "doc": {
      "foo": "baz"
    },
    "upsert": {
      "foo": "bar"
    }
  }'
  <- 200
  {
    "ok": true,
    "_index": "test_1",
    "_type": "test",
    "_id": "1",
    "_version": 3
  }

INFO: 2013-12-12T23:05:08Z
  Request complete

DEBUG: 2013-12-12T23:05:08Z
  starting request { method: 'GET',
    path: '/test_1/test/1',
    query: { fields: '_ttl' } }
  

TRACE: 2013-12-12T23:05:08Z
  curl 'http://localhost:9200/test_1/test/1?pretty=true' -XGET
  <- 200
  {
    "_index": "test_1",
    "_type": "test",
    "_id": "1",
    "_version": 3,
    "exists": true,
    "fields": {
      "_ttl": 19998
    }
  }

INFO: 2013-12-12T23:05:08Z
  Request complete

DEBUG: 2013-12-12T23:05:08Z
  starting request { method: 'POST',
    path: '/test_1/test/1',
    body: { foo: 'bar' },
    query: { ttl: '20s', timestamp: '2013-06-23T18:14:40.000Z' } }
  

TRACE: 2013-12-12T23:05:08Z
  curl 'http://localhost:9200/test_1/test/1?pretty=true' -XPOST -d '{
    "foo": "bar"
  }'
  <- 400
  {
    "error": "MapperParsingException[failed to parse [_ttl]]; nested: AlreadyExpiredException[already expired [test_1]/[test]/[1] due to expire at [1372011300000] and was processed at [1386889508997]]; ",
    "status": 400
  }

INFO: 2013-12-12T23:05:08Z
  Request complete

DEBUG: 2013-12-12T23:05:08Z
  starting request { method: 'DELETE', path: '/*', ignore: [ 404 ], query: {} }
  

TRACE: 2013-12-12T23:05:09Z
  curl 'http://localhost:9200/*?pretty=true' -XDELETE
  <- 200
  {
    "ok": true,
    "acknowledged": true
  }

INFO: 2013-12-12T23:05:09Z
  Request complete

]]></system-out>
  </testsuite>
  <testsuite package="elasticsearch-js" id="128" name="yaml - update/80_fields.yaml" timestamp="2013-12-12T23:05:09.004Z" hostname="localhost" tests="1" failures="0" errors="0" time="0.031">
    <testcase name="Fields" time="0.025" classname="node v0.10.23.yaml - update"/>
    <system-out><![CDATA[DEBUG: 2013-12-12T23:05:09Z
  starting request { method: 'POST',
    path: '/test_1/test/1/_update',
    body: { doc: { foo: 'baz' }, upsert: { foo: 'bar' } },
    query: { fields: 'foo,bar,_source' } }
  

TRACE: 2013-12-12T23:05:09Z
  curl 'http://localhost:9200/test_1/test/1/_update?pretty=true' -XPOST -d '{
    "doc": {
      "foo": "baz"
    },
    "upsert": {
      "foo": "bar"
    }
  }'
  <- 201
  {
    "ok": true,
    "_index": "test_1",
    "_type": "test",
    "_id": "1",
    "_version": 1,
    "get": {
      "exists": true,
      "_source": {
        "foo": "bar"
      },
      "fields": {
        "foo": "bar"
      }
    }
  }

INFO: 2013-12-12T23:05:09Z
  Request complete

DEBUG: 2013-12-12T23:05:09Z
  starting request { method: 'DELETE', path: '/*', ignore: [ 404 ], query: {} }
  

TRACE: 2013-12-12T23:05:09Z
  curl 'http://localhost:9200/*?pretty=true' -XDELETE
  <- 200
  {
    "ok": true,
    "acknowledged": true
  }

INFO: 2013-12-12T23:05:09Z
  Request complete

]]></system-out>
  </testsuite>
  <testsuite package="elasticsearch-js" id="129" name="yaml - update/85_fields_meta.yaml" timestamp="2013-12-12T23:05:09.035Z" hostname="localhost" tests="1" failures="0" errors="0" time="0.002">
    <testcase name="Metadata Fields" time="0.001" classname="node v0.10.23.yaml - update"/>
    <system-out><![CDATA[DEBUG: 2013-12-12T23:05:09Z
  starting request { method: 'DELETE', path: '/*', ignore: [ 404 ], query: {} }
  

TRACE: 2013-12-12T23:05:09Z
  curl 'http://localhost:9200/*?pretty=true' -XDELETE
  <- 404
  {
    "error": "IndexMissingException[[*] missing]",
    "status": 404
  }

INFO: 2013-12-12T23:05:09Z
  Request complete

]]></system-out>
  </testsuite>
  <testsuite package="elasticsearch-js" id="130" name="yaml - update/90_missing.yaml" timestamp="2013-12-12T23:05:09.037Z" hostname="localhost" tests="2" failures="0" errors="0" time="0.061">
    <testcase name="Missing document (partial doc)" time="0.026" classname="node v0.10.23.yaml - update"/>
    <testcase name="Missing document (script)" time="0.024" classname="node v0.10.23.yaml - update"/>
    <system-out><![CDATA[DEBUG: 2013-12-12T23:05:09Z
  starting request { method: 'POST',
    path: '/test_1/test/1/_update',
    body: { doc: { foo: 'bar' } },
    ignore: [ 404 ],
    query: {} }
  

TRACE: 2013-12-12T23:05:09Z
  curl 'http://localhost:9200/test_1/test/1/_update?pretty=true' -XPOST -d '{
    "doc": {
      "foo": "bar"
    }
  }'
  <- 404
  {
    "error": "DocumentMissingException[[test_1][2] [test][1]: document missing]",
    "status": 404
  }

INFO: 2013-12-12T23:05:09Z
  Request complete

DEBUG: 2013-12-12T23:05:09Z
  starting request { method: 'POST',
    path: '/test_1/test/1/_update',
    body: { doc: { foo: 'bar' } },
    ignore: [ 404 ],
    query: {} }
  

TRACE: 2013-12-12T23:05:09Z
  curl 'http://localhost:9200/test_1/test/1/_update?pretty=true' -XPOST -d '{
    "doc": {
      "foo": "bar"
    }
  }'
  <- 404
  {
    "error": "DocumentMissingException[[test_1][2] [test][1]: document missing]",
    "status": 404
  }

INFO: 2013-12-12T23:05:09Z
  Request complete

DEBUG: 2013-12-12T23:05:09Z
  starting request { method: 'DELETE', path: '/*', ignore: [ 404 ], query: {} }
  

TRACE: 2013-12-12T23:05:09Z
  curl 'http://localhost:9200/*?pretty=true' -XDELETE
  <- 200
  {
    "ok": true,
    "acknowledged": true
  }

INFO: 2013-12-12T23:05:09Z
  Request complete

DEBUG: 2013-12-12T23:05:09Z
  starting request { method: 'POST',
    path: '/test_1/test/1/_update',
    body: { script: 'ctx._source.foo = bar', params: { bar: 'xxx' } },
    ignore: [ 404 ],
    query: {} }
  

TRACE: 2013-12-12T23:05:09Z
  curl 'http://localhost:9200/test_1/test/1/_update?pretty=true' -XPOST -d '{
    "script": "ctx._source.foo = bar",
    "params": {
      "bar": "xxx"
    }
  }'
  <- 404
  {
    "error": "DocumentMissingException[[test_1][2] [test][1]: document missing]",
    "status": 404
  }

INFO: 2013-12-12T23:05:09Z
  Request complete

DEBUG: 2013-12-12T23:05:09Z
  starting request { method: 'POST',
    path: '/test_1/test/1/_update',
    ignore: [ 404 ],
    body: { script: 'ctx._source.foo = bar', params: { bar: 'xxx' } },
    query: {} }
  

TRACE: 2013-12-12T23:05:09Z
  curl 'http://localhost:9200/test_1/test/1/_update?pretty=true' -XPOST -d '{
    "script": "ctx._source.foo = bar",
    "params": {
      "bar": "xxx"
    }
  }'
  <- 404
  {
    "error": "DocumentMissingException[[test_1][2] [test][1]: document missing]",
    "status": 404
  }

INFO: 2013-12-12T23:05:09Z
  Request complete

DEBUG: 2013-12-12T23:05:09Z
  starting request { method: 'DELETE', path: '/*', ignore: [ 404 ], query: {} }
  

TRACE: 2013-12-12T23:05:09Z
  curl 'http://localhost:9200/*?pretty=true' -XDELETE
  <- 200
  {
    "ok": true,
    "acknowledged": true
  }

INFO: 2013-12-12T23:05:09Z
  Request complete

]]></system-out>
  </testsuite>
</testsuites>

