<testsuites>
  <testsuite package="elasticsearch-js:yaml_tests" id="0" name="bulk/10_basic.yaml" timestamp="2013-11-11T20:05:34.936Z" hostname="localhost" tests="1" failures="0" errors="0" time="0.06">
    <testcase name="Array of objects" time="0.04" classname="bulk/10_basic.yaml"/>
    <system-out>DEBUG
starting request { body: 
   [ { index: { _index: &apos;test_index&apos;, _type: &apos;test_type&apos;, _id: &apos;test_id&apos; } },
     { f1: &apos;v1&apos;, f2: 42 },
     { index: { _index: &apos;test_index&apos;, _type: &apos;test_type&apos;, _id: &apos;test_id2&apos; } },
     { f1: &apos;v2&apos;, f2: 47 },
     [length]: 4 ],
  timeout: 10000,
  bulkBody: true,
  method: &apos;POST&apos;,
  path: &apos;/_bulk&apos;,
  query: { refresh: true } }

INFO
Selected alive Connection, making request
TRACE:
curl &quot;http://localhost:9200/_bulk?refresh=true&quot; -XPOST -d &quot;{\&quot;index\&quot;:{\&quot;_index\&quot;:\&quot;test_index\&quot;,\&quot;_type\&quot;:\&quot;test_type\&quot;,\&quot;_id\&quot;:\&quot;test_id\&quot;}}
{\&quot;f1\&quot;:\&quot;v1\&quot;,\&quot;f2\&quot;:42}
{\&quot;index\&quot;:{\&quot;_index\&quot;:\&quot;test_index\&quot;,\&quot;_type\&quot;:\&quot;test_type\&quot;,\&quot;_id\&quot;:\&quot;test_id2\&quot;}}
{\&quot;f1\&quot;:\&quot;v2\&quot;,\&quot;f2\&quot;:47}
&quot;
&lt;- 200
{&quot;took&quot;:31,&quot;items&quot;:[{&quot;index&quot;:{&quot;_index&quot;:&quot;test_index&quot;,&quot;_type&quot;:&quot;test_type&quot;,&quot;_id&quot;:&quot;test_id&quot;,&quot;_version&quot;:1,&quot;ok&quot;:true}},{&quot;index&quot;:{&quot;_index&quot;:&quot;test_index&quot;,&quot;_type&quot;:&quot;test_type&quot;,&quot;_id&quot;:&quot;test_id2&quot;,&quot;_version&quot;:1,&quot;ok&quot;:true}}]}


INFO
Request complete
DEBUG
starting request { timeout: 10000,
  method: &apos;POST&apos;,
  path: &apos;/test_index/_count&apos;,
  query: {} }

INFO
Selected alive Connection, making request
TRACE:
curl &quot;http://localhost:9200/test_index/_count?pretty=true&quot; -XPOST
&lt;- 200
{&quot;count&quot;:2,&quot;_shards&quot;:{&quot;total&quot;:5,&quot;successful&quot;:5,&quot;failed&quot;:0}}


INFO
Request complete
DEBUG
starting request { ignore: [ 404, [length]: 1 ],
  timeout: 10000,
  method: &apos;DELETE&apos;,
  path: &apos;/*&apos;,
  query: {} }

INFO
Selected alive Connection, making request
TRACE:
curl &quot;http://localhost:9200/*?pretty=true&quot; -XDELETE
&lt;- 200
{&quot;ok&quot;:true,&quot;acknowledged&quot;:true}


INFO
Request complete
</system-out>
    <system-err></system-err>
  </testsuite>
  <testsuite package="elasticsearch-js:yaml_tests" id="1" name="bulk/20_list_of_strings.yaml" timestamp="2013-11-11T20:05:34.996Z" hostname="localhost" tests="1" failures="0" errors="0" time="0.079">
    <testcase name="List of strings" time="0.039" classname="bulk/20_list_of_strings.yaml"/>
    <system-out>DEBUG
starting request { body: 
   [ &apos;{&quot;index&quot;: {&quot;_index&quot;: &quot;test_index&quot;, &quot;_type&quot;: &quot;test_type&quot;, &quot;_id&quot;: &quot;test_id&quot;}}&apos;,
     &apos;{&quot;f1&quot;: &quot;v1&quot;, &quot;f2&quot;: 42}&apos;,
     &apos;{&quot;index&quot;: {&quot;_index&quot;: &quot;test_index&quot;, &quot;_type&quot;: &quot;test_type&quot;, &quot;_id&quot;: &quot;test_id2&quot;}}&apos;,
     &apos;{&quot;f1&quot;: &quot;v2&quot;, &quot;f2&quot;: 47}&apos;,
     [length]: 4 ],
  timeout: 10000,
  bulkBody: true,
  method: &apos;POST&apos;,
  path: &apos;/_bulk&apos;,
  query: { refresh: true } }

INFO
Selected alive Connection, making request
TRACE:
curl &quot;http://localhost:9200/_bulk?refresh=true&quot; -XPOST -d &quot;{\&quot;index\&quot;: {\&quot;_index\&quot;: \&quot;test_index\&quot;, \&quot;_type\&quot;: \&quot;test_type\&quot;, \&quot;_id\&quot;: \&quot;test_id\&quot;}}
{\&quot;f1\&quot;: \&quot;v1\&quot;, \&quot;f2\&quot;: 42}
{\&quot;index\&quot;: {\&quot;_index\&quot;: \&quot;test_index\&quot;, \&quot;_type\&quot;: \&quot;test_type\&quot;, \&quot;_id\&quot;: \&quot;test_id2\&quot;}}
{\&quot;f1\&quot;: \&quot;v2\&quot;, \&quot;f2\&quot;: 47}
&quot;
&lt;- 200
{&quot;took&quot;:30,&quot;items&quot;:[{&quot;index&quot;:{&quot;_index&quot;:&quot;test_index&quot;,&quot;_type&quot;:&quot;test_type&quot;,&quot;_id&quot;:&quot;test_id&quot;,&quot;_version&quot;:1,&quot;ok&quot;:true}},{&quot;index&quot;:{&quot;_index&quot;:&quot;test_index&quot;,&quot;_type&quot;:&quot;test_type&quot;,&quot;_id&quot;:&quot;test_id2&quot;,&quot;_version&quot;:1,&quot;ok&quot;:true}}]}


INFO
Request complete
DEBUG
starting request { timeout: 10000,
  method: &apos;POST&apos;,
  path: &apos;/test_index/_count&apos;,
  query: {} }

INFO
Selected alive Connection, making request
TRACE:
curl &quot;http://localhost:9200/test_index/_count?pretty=true&quot; -XPOST
&lt;- 200
{&quot;count&quot;:2,&quot;_shards&quot;:{&quot;total&quot;:5,&quot;successful&quot;:5,&quot;failed&quot;:0}}


INFO
Request complete
DEBUG
starting request { ignore: [ 404, [length]: 1 ],
  timeout: 10000,
  method: &apos;DELETE&apos;,
  path: &apos;/*&apos;,
  query: {} }

INFO
Selected alive Connection, making request
TRACE:
curl &quot;http://localhost:9200/*?pretty=true&quot; -XDELETE
&lt;- 200
{&quot;ok&quot;:true,&quot;acknowledged&quot;:true}


INFO
Request complete
</system-out>
    <system-err></system-err>
  </testsuite>
  <testsuite package="elasticsearch-js:yaml_tests" id="2" name="bulk/30_big_string.yaml" timestamp="2013-11-11T20:05:35.075Z" hostname="localhost" tests="1" failures="0" errors="0" time="0.052">
    <testcase name="One big string" time="0.039" classname="bulk/30_big_string.yaml"/>
    <system-out>DEBUG
starting request { body: &apos;\n{&quot;index&quot;: {&quot;_index&quot;: &quot;test_index&quot;, &quot;_type&quot;: &quot;test_type&quot;, &quot;_id&quot;: &quot;test_id&quot;}}\n{&quot;f1&quot;: &quot;v1&quot;, &quot;f2&quot;: 42}\n{&quot;index&quot;: {&quot;_index&quot;: &quot;test_index&quot;, &quot;_type&quot;: &quot;test_type&quot;, &quot;_id&quot;: &quot;test_id2&quot;}}\n{&quot;f1&quot;: &quot;v2&quot;, &quot;f2&quot;: 47}\n&apos;,
  timeout: 10000,
  bulkBody: true,
  method: &apos;POST&apos;,
  path: &apos;/_bulk&apos;,
  query: { refresh: true } }

INFO
Selected alive Connection, making request
TRACE:
curl &quot;http://localhost:9200/_bulk?refresh=true&quot; -XPOST -d &quot;
{\&quot;index\&quot;: {\&quot;_index\&quot;: \&quot;test_index\&quot;, \&quot;_type\&quot;: \&quot;test_type\&quot;, \&quot;_id\&quot;: \&quot;test_id\&quot;}}
{\&quot;f1\&quot;: \&quot;v1\&quot;, \&quot;f2\&quot;: 42}
{\&quot;index\&quot;: {\&quot;_index\&quot;: \&quot;test_index\&quot;, \&quot;_type\&quot;: \&quot;test_type\&quot;, \&quot;_id\&quot;: \&quot;test_id2\&quot;}}
{\&quot;f1\&quot;: \&quot;v2\&quot;, \&quot;f2\&quot;: 47}
&quot;
&lt;- 200
{&quot;took&quot;:28,&quot;items&quot;:[{&quot;index&quot;:{&quot;_index&quot;:&quot;test_index&quot;,&quot;_type&quot;:&quot;test_type&quot;,&quot;_id&quot;:&quot;test_id&quot;,&quot;_version&quot;:1,&quot;ok&quot;:true}},{&quot;index&quot;:{&quot;_index&quot;:&quot;test_index&quot;,&quot;_type&quot;:&quot;test_type&quot;,&quot;_id&quot;:&quot;test_id2&quot;,&quot;_version&quot;:1,&quot;ok&quot;:true}}]}


INFO
Request complete
DEBUG
starting request { timeout: 10000,
  method: &apos;POST&apos;,
  path: &apos;/test_index/_count&apos;,
  query: {} }

INFO
Selected alive Connection, making request
TRACE:
curl &quot;http://localhost:9200/test_index/_count?pretty=true&quot; -XPOST
&lt;- 200
{&quot;count&quot;:2,&quot;_shards&quot;:{&quot;total&quot;:5,&quot;successful&quot;:5,&quot;failed&quot;:0}}


INFO
Request complete
DEBUG
starting request { ignore: [ 404, [length]: 1 ],
  timeout: 10000,
  method: &apos;DELETE&apos;,
  path: &apos;/*&apos;,
  query: {} }

INFO
Selected alive Connection, making request
TRACE:
curl &quot;http://localhost:9200/*?pretty=true&quot; -XDELETE
&lt;- 200
{&quot;ok&quot;:true,&quot;acknowledged&quot;:true}


INFO
Request complete
</system-out>
    <system-err></system-err>
  </testsuite>
  <testsuite package="elasticsearch-js:yaml_tests" id="3" name="cluster.node_info/10_basic.yaml" timestamp="2013-11-11T20:05:35.127Z" hostname="localhost" tests="1" failures="0" errors="0" time="0.011">
    <testcase name="node_info test" time="0.004" classname="cluster.node_info/10_basic.yaml"/>
    <system-out>DEBUG
starting request { timeout: 10000, method: &apos;GET&apos;, path: &apos;/_nodes&apos;, query: {} }

INFO
Selected alive Connection, making request
TRACE:
curl &quot;http://localhost:9200/_nodes?pretty=true&quot; -XGET
&lt;- 200
{&quot;ok&quot;:true,&quot;cluster_name&quot;:&quot;elasticsearch&quot;,&quot;nodes&quot;:{&quot;0k3_XE_MToid4uf9azr6gA&quot;:{&quot;name&quot;:&quot;Absalom&quot;,&quot;transport_address&quot;:&quot;inet[/192.168.1.3:9300]&quot;,&quot;hostname&quot;:&quot;Spencers-MacBook-Pro.local&quot;,&quot;version&quot;:&quot;1.0.0.Beta1-SNAPSHOT&quot;,&quot;http_address&quot;:&quot;inet[/192.168.1.3:9200]&quot;}}}


INFO
Request complete
DEBUG
starting request { ignore: [ 404, [length]: 1 ],
  timeout: 10000,
  method: &apos;DELETE&apos;,
  path: &apos;/*&apos;,
  query: {} }

INFO
Selected alive Connection, making request
TRACE:
curl &quot;http://localhost:9200/*?pretty=true&quot; -XDELETE
&lt;- 404
{&quot;error&quot;:&quot;IndexMissingException[[*] missing]&quot;,&quot;status&quot;:404}


INFO
Request complete
</system-out>
    <system-err></system-err>
  </testsuite>
  <testsuite package="elasticsearch-js:yaml_tests" id="4" name="cluster.node_stats/10_basic.yaml" timestamp="2013-11-11T20:05:35.138Z" hostname="localhost" tests="1" failures="0" errors="0" time="0.01">
    <testcase name="Nodes stats" time="0.005" classname="cluster.node_stats/10_basic.yaml"/>
    <system-out>DEBUG
starting request { timeout: 10000,
  method: &apos;GET&apos;,
  path: &apos;/_nodes/stats&apos;,
  query: { indices: true, transport: true } }

INFO
Selected alive Connection, making request
TRACE:
curl &quot;http://localhost:9200/_nodes/stats?indices=true&amp;transport=true&quot; -XGET
&lt;- 200
{&quot;cluster_name&quot;:&quot;elasticsearch&quot;,&quot;nodes&quot;:{&quot;0k3_XE_MToid4uf9azr6gA&quot;:{&quot;timestamp&quot;:1384200335141,&quot;name&quot;:&quot;Absalom&quot;,&quot;transport_address&quot;:&quot;inet[/192.168.1.3:9300]&quot;,&quot;hostname&quot;:&quot;Spencers-MacBook-Pro.local&quot;,&quot;indices&quot;:{&quot;docs&quot;:{&quot;count&quot;:0,&quot;deleted&quot;:0},&quot;store&quot;:{&quot;size_in_bytes&quot;:0,&quot;throttle_time_in_millis&quot;:0},&quot;indexing&quot;:{&quot;index_total&quot;:2886,&quot;index_time_in_millis&quot;:2745,&quot;index_current&quot;:120,&quot;delete_total&quot;:360,&quot;delete_time_in_millis&quot;:1,&quot;delete_current&quot;:0},&quot;get&quot;:{&quot;total&quot;:4080,&quot;time_in_millis&quot;:18,&quot;exists_total&quot;:3000,&quot;exists_time_in_millis&quot;:18,&quot;missing_total&quot;:1080,&quot;missing_time_in_millis&quot;:0,&quot;current&quot;:0},&quot;search&quot;:{&quot;open_contexts&quot;:0,&quot;query_total&quot;:2800,&quot;query_time_in_millis&quot;:59,&quot;query_current&quot;:0,&quot;fetch_total&quot;:500,&quot;fetch_time_in_millis&quot;:38,&quot;fetch_current&quot;:0},&quot;merges&quot;:{&quot;current&quot;:0,&quot;current_docs&quot;:0,&quot;current_size_in_bytes&quot;:0,&quot;total&quot;:0,&quot;total_time_in_millis&quot;:0,&quot;total_docs&quot;:0,&quot;total_size_in_bytes&quot;:0},&quot;refresh&quot;:{&quot;total&quot;:14291,&quot;total_time_in_millis&quot;:3001},&quot;flush&quot;:{&quot;total&quot;:298,&quot;total_time_in_millis&quot;:145},&quot;warmer&quot;:{&quot;current&quot;:0,&quot;total&quot;:0,&quot;total_time_in_millis&quot;:0},&quot;filter_cache&quot;:{&quot;memory_size_in_bytes&quot;:0,&quot;evictions&quot;:0},&quot;id_cache&quot;:{&quot;memory_size_in_bytes&quot;:0},&quot;fielddata&quot;:{&quot;memory_size_in_bytes&quot;:0,&quot;evictions&quot;:0},&quot;percolate&quot;:{&quot;total&quot;:0,&quot;time_in_millis&quot;:0,&quot;current&quot;:0,&quot;memory_size_in_bytes&quot;:0,&quot;memory_size&quot;:&quot;0b&quot;},&quot;completion&quot;:{&quot;size_in_bytes&quot;:0}},&quot;transport&quot;:{&quot;server_open&quot;:13,&quot;rx_count&quot;:0,&quot;rx_size_in_bytes&quot;:0,&quot;tx_count&quot;:0,&quot;tx_size_in_bytes&quot;:0}}}}


INFO
Request complete
DEBUG
starting request { ignore: [ 404, [length]: 1 ],
  timeout: 10000,
  method: &apos;DELETE&apos;,
  path: &apos;/*&apos;,
  query: {} }

INFO
Selected alive Connection, making request
TRACE:
curl &quot;http://localhost:9200/*?pretty=true&quot; -XDELETE
&lt;- 404
{&quot;error&quot;:&quot;IndexMissingException[[*] missing]&quot;,&quot;status&quot;:404}


INFO
Request complete
</system-out>
    <system-err></system-err>
  </testsuite>
  <testsuite package="elasticsearch-js:yaml_tests" id="5" name="cluster.put_settings/10_basic.yaml" timestamp="2013-11-11T20:05:35.148Z" hostname="localhost" tests="1" failures="0" errors="0" time="0.02">
    <testcase name="Test put settings" time="0.013" classname="cluster.put_settings/10_basic.yaml"/>
    <system-out>DEBUG
starting request { body: { transient: { &apos;discovery.zen.minimum_master_nodes&apos;: 1 } },
  timeout: 10000,
  method: &apos;PUT&apos;,
  path: &apos;/_cluster/settings&apos;,
  query: {} }

INFO
Selected alive Connection, making request
TRACE:
curl &quot;http://localhost:9200/_cluster/settings?pretty=true&quot; -XPUT -d &quot;{\&quot;transient\&quot;:{\&quot;discovery.zen.minimum_master_nodes\&quot;:1}}&quot;
&lt;- 200
{&quot;ok&quot;:true,&quot;acknowledged&quot;:true,&quot;persistent&quot;:{},&quot;transient&quot;:{&quot;discovery.zen.minimum_master_nodes&quot;:&quot;1&quot;}}


INFO
Request complete
DEBUG
starting request { timeout: 10000,
  method: &apos;GET&apos;,
  path: &apos;/_cluster/settings&apos;,
  query: {} }

INFO
Selected alive Connection, making request
TRACE:
curl &quot;http://localhost:9200/_cluster/settings?pretty=true&quot; -XGET
&lt;- 200
{&quot;persistent&quot;:{},&quot;transient&quot;:{&quot;discovery.zen.minimum_master_nodes&quot;:&quot;1&quot;}}


INFO
Request complete
DEBUG
starting request { ignore: [ 404, [length]: 1 ],
  timeout: 10000,
  method: &apos;DELETE&apos;,
  path: &apos;/*&apos;,
  query: {} }

INFO
Selected alive Connection, making request
TRACE:
curl &quot;http://localhost:9200/*?pretty=true&quot; -XDELETE
&lt;- 404
{&quot;error&quot;:&quot;IndexMissingException[[*] missing]&quot;,&quot;status&quot;:404}


INFO
Request complete
</system-out>
    <system-err></system-err>
  </testsuite>
  <testsuite package="elasticsearch-js:yaml_tests" id="6" name="cluster.reroute/10_basic.yaml" timestamp="2013-11-11T20:05:35.168Z" hostname="localhost" tests="1" failures="0" errors="0" time="0.014">
    <testcase name="Basic sanity check" time="0.007" classname="cluster.reroute/10_basic.yaml"/>
    <system-out>DEBUG
starting request { timeout: 10000,
  method: &apos;POST&apos;,
  path: &apos;/_cluster/reroute&apos;,
  query: {} }

INFO
Selected alive Connection, making request
TRACE:
curl &quot;http://localhost:9200/_cluster/reroute?pretty=true&quot; -XPOST
&lt;- 200
{&quot;ok&quot;:true,&quot;acknowledged&quot;:true,&quot;state&quot;:{&quot;master_node&quot;:&quot;0k3_XE_MToid4uf9azr6gA&quot;,&quot;blocks&quot;:{},&quot;nodes&quot;:{&quot;0k3_XE_MToid4uf9azr6gA&quot;:{&quot;name&quot;:&quot;Absalom&quot;,&quot;transport_address&quot;:&quot;inet[/192.168.1.3:9300]&quot;,&quot;attributes&quot;:{}}},&quot;routing_table&quot;:{&quot;indices&quot;:{}},&quot;routing_nodes&quot;:{&quot;unassigned&quot;:[],&quot;nodes&quot;:{&quot;0k3_XE_MToid4uf9azr6gA&quot;:[]}},&quot;allocations&quot;:[]}}


INFO
Request complete
DEBUG
starting request { ignore: [ 404, [length]: 1 ],
  timeout: 10000,
  method: &apos;DELETE&apos;,
  path: &apos;/*&apos;,
  query: {} }

INFO
Selected alive Connection, making request
TRACE:
curl &quot;http://localhost:9200/*?pretty=true&quot; -XDELETE
&lt;- 404
{&quot;error&quot;:&quot;IndexMissingException[[*] missing]&quot;,&quot;status&quot;:404}


INFO
Request complete
</system-out>
    <system-err></system-err>
  </testsuite>
  <testsuite package="elasticsearch-js:yaml_tests" id="7" name="cluster.state/10_basic.yaml" timestamp="2013-11-11T20:05:35.182Z" hostname="localhost" tests="1" failures="0" errors="0" time="0.016">
    <testcase name="cluster state test" time="0.009" classname="cluster.state/10_basic.yaml"/>
    <system-out>DEBUG
starting request { timeout: 10000,
  method: &apos;GET&apos;,
  path: &apos;/_cluster/state&apos;,
  query: {} }

INFO
Selected alive Connection, making request
TRACE:
curl &quot;http://localhost:9200/_cluster/state?pretty=true&quot; -XGET
&lt;- 200
{&quot;cluster_name&quot;:&quot;elasticsearch&quot;,&quot;master_node&quot;:&quot;0k3_XE_MToid4uf9azr6gA&quot;,&quot;blocks&quot;:{},&quot;nodes&quot;:{&quot;0k3_XE_MToid4uf9azr6gA&quot;:{&quot;name&quot;:&quot;Absalom&quot;,&quot;transport_address&quot;:&quot;inet[/192.168.1.3:9300]&quot;,&quot;attributes&quot;:{}}},&quot;metadata&quot;:{&quot;templates&quot;:{&quot;test&quot;:{&quot;template&quot;:&quot;test-*&quot;,&quot;order&quot;:0,&quot;settings&quot;:{&quot;index.number_of_replicas&quot;:&quot;0&quot;,&quot;index.number_of_shards&quot;:&quot;1&quot;},&quot;mappings&quot;:{}}},&quot;indices&quot;:{}},&quot;routing_table&quot;:{&quot;indices&quot;:{}},&quot;routing_nodes&quot;:{&quot;unassigned&quot;:[],&quot;nodes&quot;:{&quot;0k3_XE_MToid4uf9azr6gA&quot;:[]}},&quot;allocations&quot;:[]}


INFO
Request complete
DEBUG
starting request { ignore: [ 404, [length]: 1 ],
  timeout: 10000,
  method: &apos;DELETE&apos;,
  path: &apos;/*&apos;,
  query: {} }

INFO
Selected alive Connection, making request
TRACE:
curl &quot;http://localhost:9200/*?pretty=true&quot; -XDELETE
&lt;- 404
{&quot;error&quot;:&quot;IndexMissingException[[*] missing]&quot;,&quot;status&quot;:404}


INFO
Request complete
</system-out>
    <system-err></system-err>
  </testsuite>
  <testsuite package="elasticsearch-js:yaml_tests" id="8" name="create/10_with_id.yaml" timestamp="2013-11-11T20:05:35.198Z" hostname="localhost" tests="1" failures="0" errors="0" time="0.049">
    <testcase name="Create with ID" time="0.038" classname="create/10_with_id.yaml"/>
    <system-out>DEBUG
starting request { body: { foo: &apos;bar&apos; },
  timeout: 10000,
  method: &apos;POST&apos;,
  path: &apos;/test_1/test/1/_create&apos;,
  query: {} }

INFO
Selected alive Connection, making request
TRACE:
curl &quot;http://localhost:9200/test_1/test/1/_create?pretty=true&quot; -XPOST -d &quot;{\&quot;foo\&quot;:\&quot;bar\&quot;}&quot;
&lt;- 201
{&quot;ok&quot;:true,&quot;_index&quot;:&quot;test_1&quot;,&quot;_type&quot;:&quot;test&quot;,&quot;_id&quot;:&quot;1&quot;,&quot;_version&quot;:1}


INFO
Request complete
DEBUG
starting request { timeout: 10000,
  method: &apos;GET&apos;,
  path: &apos;/test_1/test/1&apos;,
  query: {} }

INFO
Selected alive Connection, making request
TRACE:
curl &quot;http://localhost:9200/test_1/test/1?pretty=true&quot; -XGET
&lt;- 200
{&quot;_index&quot;:&quot;test_1&quot;,&quot;_type&quot;:&quot;test&quot;,&quot;_id&quot;:&quot;1&quot;,&quot;_version&quot;:1,&quot;exists&quot;:true, &quot;_source&quot; : {&quot;foo&quot;:&quot;bar&quot;}}


INFO
Request complete
DEBUG
starting request { body: { foo: &apos;bar&apos; },
  ignore: [ 409, [length]: 1 ],
  timeout: 10000,
  method: &apos;POST&apos;,
  path: &apos;/test_1/test/1/_create&apos;,
  query: {} }

INFO
Selected alive Connection, making request
TRACE:
curl &quot;http://localhost:9200/test_1/test/1/_create?pretty=true&quot; -XPOST -d &quot;{\&quot;foo\&quot;:\&quot;bar\&quot;}&quot;
&lt;- 409
{&quot;error&quot;:&quot;DocumentAlreadyExistsException[[test_1][2] [test][1]: document already exists]&quot;,&quot;status&quot;:409}


INFO
Request complete
DEBUG
starting request { ignore: [ 404, [length]: 1 ],
  timeout: 10000,
  method: &apos;DELETE&apos;,
  path: &apos;/*&apos;,
  query: {} }

INFO
Selected alive Connection, making request
TRACE:
curl &quot;http://localhost:9200/*?pretty=true&quot; -XDELETE
&lt;- 200
{&quot;ok&quot;:true,&quot;acknowledged&quot;:true}


INFO
Request complete
</system-out>
    <system-err></system-err>
  </testsuite>
  <testsuite package="elasticsearch-js:yaml_tests" id="9" name="create/15_without_id.yaml" timestamp="2013-11-11T20:05:35.247Z" hostname="localhost" tests="1" failures="0" errors="0" time="0.042">
    <testcase name="Create without ID" time="0.031" classname="create/15_without_id.yaml"/>
    <system-out>DEBUG
starting request { body: { foo: &apos;bar&apos; },
  timeout: 10000,
  method: &apos;POST&apos;,
  path: &apos;/test_1/test&apos;,
  query: {} }

INFO
Selected alive Connection, making request
TRACE:
curl &quot;http://localhost:9200/test_1/test?pretty=true&quot; -XPOST -d &quot;{\&quot;foo\&quot;:\&quot;bar\&quot;}&quot;
&lt;- 201
{&quot;ok&quot;:true,&quot;_index&quot;:&quot;test_1&quot;,&quot;_type&quot;:&quot;test&quot;,&quot;_id&quot;:&quot;dXmOLE8PQfaMJuWDrHHjEQ&quot;,&quot;_version&quot;:1}


INFO
Request complete
DEBUG
starting request { timeout: 10000,
  method: &apos;GET&apos;,
  path: &apos;/test_1/test/dXmOLE8PQfaMJuWDrHHjEQ&apos;,
  query: {} }

INFO
Selected alive Connection, making request
TRACE:
curl &quot;http://localhost:9200/test_1/test/dXmOLE8PQfaMJuWDrHHjEQ?pretty=true&quot; -XGET
&lt;- 200
{&quot;_index&quot;:&quot;test_1&quot;,&quot;_type&quot;:&quot;test&quot;,&quot;_id&quot;:&quot;dXmOLE8PQfaMJuWDrHHjEQ&quot;,&quot;_version&quot;:1,&quot;exists&quot;:true, &quot;_source&quot; : {&quot;foo&quot;:&quot;bar&quot;}}


INFO
Request complete
DEBUG
starting request { ignore: [ 404, [length]: 1 ],
  timeout: 10000,
  method: &apos;DELETE&apos;,
  path: &apos;/*&apos;,
  query: {} }

INFO
Selected alive Connection, making request
TRACE:
curl &quot;http://localhost:9200/*?pretty=true&quot; -XDELETE
&lt;- 200
{&quot;ok&quot;:true,&quot;acknowledged&quot;:true}


INFO
Request complete
</system-out>
    <system-err></system-err>
  </testsuite>
  <testsuite package="elasticsearch-js:yaml_tests" id="10" name="create/30_internal_version.yaml" timestamp="2013-11-11T20:05:35.289Z" hostname="localhost" tests="1" failures="0" errors="0" time="0.045">
    <testcase name="Internal version" time="0.03" classname="create/30_internal_version.yaml"/>
    <system-out>DEBUG
starting request { body: { foo: &apos;bar&apos; },
  timeout: 10000,
  method: &apos;POST&apos;,
  path: &apos;/test_1/test/1/_create&apos;,
  query: {} }

INFO
Selected alive Connection, making request
TRACE:
curl &quot;http://localhost:9200/test_1/test/1/_create?pretty=true&quot; -XPOST -d &quot;{\&quot;foo\&quot;:\&quot;bar\&quot;}&quot;
&lt;- 201
{&quot;ok&quot;:true,&quot;_index&quot;:&quot;test_1&quot;,&quot;_type&quot;:&quot;test&quot;,&quot;_id&quot;:&quot;1&quot;,&quot;_version&quot;:1}


INFO
Request complete
DEBUG
starting request { body: { foo: &apos;bar&apos; },
  ignore: [ 409, [length]: 1 ],
  timeout: 10000,
  method: &apos;POST&apos;,
  path: &apos;/test_1/test/1/_create&apos;,
  query: {} }

INFO
Selected alive Connection, making request
TRACE:
curl &quot;http://localhost:9200/test_1/test/1/_create?pretty=true&quot; -XPOST -d &quot;{\&quot;foo\&quot;:\&quot;bar\&quot;}&quot;
&lt;- 409
{&quot;error&quot;:&quot;DocumentAlreadyExistsException[[test_1][2] [test][1]: document already exists]&quot;,&quot;status&quot;:409}


INFO
Request complete
DEBUG
starting request { ignore: [ 404, [length]: 1 ],
  timeout: 10000,
  method: &apos;DELETE&apos;,
  path: &apos;/*&apos;,
  query: {} }

INFO
Selected alive Connection, making request
TRACE:
curl &quot;http://localhost:9200/*?pretty=true&quot; -XDELETE
&lt;- 200
{&quot;ok&quot;:true,&quot;acknowledged&quot;:true}


INFO
Request complete
</system-out>
    <system-err></system-err>
  </testsuite>
  <testsuite package="elasticsearch-js:yaml_tests" id="11" name="create/35_external_version.yaml" timestamp="2013-11-11T20:05:35.334Z" hostname="localhost" tests="1" failures="0" errors="0" time="0.049">
    <testcase name="External version" time="0.034" classname="create/35_external_version.yaml"/>
    <system-out>DEBUG
starting request { body: { foo: &apos;bar&apos; },
  timeout: 10000,
  method: &apos;POST&apos;,
  path: &apos;/test_1/test/1/_create&apos;,
  query: { version: 5, version_type: &apos;external&apos; } }

INFO
Selected alive Connection, making request
TRACE:
curl &quot;http://localhost:9200/test_1/test/1/_create?version=5&amp;version_type=external&quot; -XPOST -d &quot;{\&quot;foo\&quot;:\&quot;bar\&quot;}&quot;
&lt;- 201
{&quot;ok&quot;:true,&quot;_index&quot;:&quot;test_1&quot;,&quot;_type&quot;:&quot;test&quot;,&quot;_id&quot;:&quot;1&quot;,&quot;_version&quot;:5}


INFO
Request complete
DEBUG
starting request { body: { foo: &apos;bar&apos; },
  ignore: [ 409, [length]: 1 ],
  timeout: 10000,
  method: &apos;POST&apos;,
  path: &apos;/test_1/test/1/_create&apos;,
  query: { version: 5, version_type: &apos;external&apos; } }

INFO
Selected alive Connection, making request
TRACE:
curl &quot;http://localhost:9200/test_1/test/1/_create?version=5&amp;version_type=external&quot; -XPOST -d &quot;{\&quot;foo\&quot;:\&quot;bar\&quot;}&quot;
&lt;- 409
{&quot;error&quot;:&quot;VersionConflictEngineException[[test_1][2] [test][1]: version conflict, current [5], provided [5]]&quot;,&quot;status&quot;:409}


INFO
Request complete
DEBUG
starting request { body: { foo: &apos;bar&apos; },
  ignore: [ 409, [length]: 1 ],
  timeout: 10000,
  method: &apos;POST&apos;,
  path: &apos;/test_1/test/1/_create&apos;,
  query: { version: 6, version_type: &apos;external&apos; } }

INFO
Selected alive Connection, making request
TRACE:
curl &quot;http://localhost:9200/test_1/test/1/_create?version=6&amp;version_type=external&quot; -XPOST -d &quot;{\&quot;foo\&quot;:\&quot;bar\&quot;}&quot;
&lt;- 409
{&quot;error&quot;:&quot;DocumentAlreadyExistsException[[test_1][2] [test][1]: document already exists]&quot;,&quot;status&quot;:409}


INFO
Request complete
DEBUG
starting request { ignore: [ 404, [length]: 1 ],
  timeout: 10000,
  method: &apos;DELETE&apos;,
  path: &apos;/*&apos;,
  query: {} }

INFO
Selected alive Connection, making request
TRACE:
curl &quot;http://localhost:9200/*?pretty=true&quot; -XDELETE
&lt;- 200
{&quot;ok&quot;:true,&quot;acknowledged&quot;:true}


INFO
Request complete
</system-out>
    <system-err></system-err>
  </testsuite>
  <testsuite package="elasticsearch-js:yaml_tests" id="12" name="create/40_routing.yaml" timestamp="2013-11-11T20:05:35.383Z" hostname="localhost" tests="1" failures="0" errors="0" time="0.087">
    <testcase name="Routing" time="0.04" classname="create/40_routing.yaml"/>
    <system-out>DEBUG
starting request { body: { foo: &apos;bar&apos; },
  timeout: 10000,
  method: &apos;POST&apos;,
  path: &apos;/test_1/test/1/_create&apos;,
  query: { routing: &apos;5&apos; } }

INFO
Selected alive Connection, making request
TRACE:
curl &quot;http://localhost:9200/test_1/test/1/_create?routing=5&quot; -XPOST -d &quot;{\&quot;foo\&quot;:\&quot;bar\&quot;}&quot;
&lt;- 201
{&quot;ok&quot;:true,&quot;_index&quot;:&quot;test_1&quot;,&quot;_type&quot;:&quot;test&quot;,&quot;_id&quot;:&quot;1&quot;,&quot;_version&quot;:1}


INFO
Request complete
DEBUG
starting request { timeout: 10000,
  method: &apos;GET&apos;,
  path: &apos;/_cluster/health&apos;,
  query: { wait_for_status: &apos;yellow&apos; } }

INFO
Selected alive Connection, making request
TRACE:
curl &quot;http://localhost:9200/_cluster/health?wait_for_status=yellow&quot; -XGET
&lt;- 200
{&quot;cluster_name&quot;:&quot;elasticsearch&quot;,&quot;status&quot;:&quot;yellow&quot;,&quot;timed_out&quot;:false,&quot;number_of_nodes&quot;:1,&quot;number_of_data_nodes&quot;:1,&quot;active_primary_shards&quot;:5,&quot;active_shards&quot;:5,&quot;relocating_shards&quot;:0,&quot;initializing_shards&quot;:0,&quot;unassigned_shards&quot;:5}


INFO
Request complete
DEBUG
starting request { timeout: 10000,
  method: &apos;GET&apos;,
  path: &apos;/test_1/test/1&apos;,
  query: { fields: &apos;_routing&apos;, routing: &apos;5&apos; } }

INFO
Selected alive Connection, making request
TRACE:
curl &quot;http://localhost:9200/test_1/test/1?fields=_routing&amp;routing=5&quot; -XGET
&lt;- 200
{&quot;_index&quot;:&quot;test_1&quot;,&quot;_type&quot;:&quot;test&quot;,&quot;_id&quot;:&quot;1&quot;,&quot;_version&quot;:1,&quot;exists&quot;:true,&quot;fields&quot;:{&quot;_routing&quot;:&quot;5&quot;}}


INFO
Request complete
DEBUG
starting request { ignore: [ 404, [length]: 1 ],
  timeout: 10000,
  method: &apos;GET&apos;,
  path: &apos;/test_1/test/1&apos;,
  query: {} }

INFO
Selected alive Connection, making request
TRACE:
curl &quot;http://localhost:9200/test_1/test/1?pretty=true&quot; -XGET
&lt;- 404
{&quot;_index&quot;:&quot;test_1&quot;,&quot;_type&quot;:&quot;test&quot;,&quot;_id&quot;:&quot;1&quot;,&quot;exists&quot;:false}


INFO
Request complete
DEBUG
starting request { ignore: [ 404, [length]: 1 ],
  timeout: 10000,
  method: &apos;DELETE&apos;,
  path: &apos;/*&apos;,
  query: {} }

INFO
Selected alive Connection, making request
TRACE:
curl &quot;http://localhost:9200/*?pretty=true&quot; -XDELETE
&lt;- 200
{&quot;ok&quot;:true,&quot;acknowledged&quot;:true}


INFO
Request complete
</system-out>
    <system-err></system-err>
  </testsuite>
  <testsuite package="elasticsearch-js:yaml_tests" id="13" name="create/50_parent.yaml" timestamp="2013-11-11T20:05:35.470Z" hostname="localhost" tests="1" failures="0" errors="0" time="0.258">
    <testcase name="Parent" time="0.245" classname="create/50_parent.yaml"/>
    <system-out>DEBUG
starting request { body: { mappings: { test: { _parent: { type: &apos;foo&apos; } } } },
  timeout: 10000,
  method: &apos;PUT&apos;,
  path: &apos;/test_1&apos;,
  query: {} }

INFO
Selected alive Connection, making request
TRACE:
curl &quot;http://localhost:9200/test_1?pretty=true&quot; -XPUT -d &quot;{\&quot;mappings\&quot;:{\&quot;test\&quot;:{\&quot;_parent\&quot;:{\&quot;type\&quot;:\&quot;foo\&quot;}}}}&quot;
&lt;- 200
{&quot;ok&quot;:true,&quot;acknowledged&quot;:true}


INFO
Request complete
DEBUG
starting request { timeout: 10000,
  method: &apos;GET&apos;,
  path: &apos;/_cluster/health&apos;,
  query: { wait_for_status: &apos;yellow&apos; } }

INFO
Selected alive Connection, making request
TRACE:
curl &quot;http://localhost:9200/_cluster/health?wait_for_status=yellow&quot; -XGET
&lt;- 200
{&quot;cluster_name&quot;:&quot;elasticsearch&quot;,&quot;status&quot;:&quot;yellow&quot;,&quot;timed_out&quot;:false,&quot;number_of_nodes&quot;:1,&quot;number_of_data_nodes&quot;:1,&quot;active_primary_shards&quot;:5,&quot;active_shards&quot;:5,&quot;relocating_shards&quot;:0,&quot;initializing_shards&quot;:0,&quot;unassigned_shards&quot;:5}


INFO
Request complete
DEBUG
starting request { body: { foo: &apos;bar&apos; },
  timeout: 10000,
  method: &apos;POST&apos;,
  path: &apos;/test_1/test/1/_create&apos;,
  query: {} }

INFO
Selected alive Connection, making request
TRACE:
curl &quot;http://localhost:9200/test_1/test/1/_create?pretty=true&quot; -XPOST -d &quot;{\&quot;foo\&quot;:\&quot;bar\&quot;}&quot;
&lt;- 500
{&quot;error&quot;:&quot;RoutingMissingException[routing is required for [test_1]/[test]/[1]]&quot;,&quot;status&quot;:500}


INFO
Request complete
DEBUG
starting request { body: { foo: &apos;bar&apos; },
  timeout: 10000,
  method: &apos;POST&apos;,
  path: &apos;/test_1/test/1/_create&apos;,
  query: { parent: &apos;5&apos; } }

INFO
Selected alive Connection, making request
TRACE:
curl &quot;http://localhost:9200/test_1/test/1/_create?parent=5&quot; -XPOST -d &quot;{\&quot;foo\&quot;:\&quot;bar\&quot;}&quot;
&lt;- 201
{&quot;ok&quot;:true,&quot;_index&quot;:&quot;test_1&quot;,&quot;_type&quot;:&quot;test&quot;,&quot;_id&quot;:&quot;1&quot;,&quot;_version&quot;:1}


INFO
Request complete
DEBUG
starting request { timeout: 10000,
  method: &apos;GET&apos;,
  path: &apos;/test_1/test/1&apos;,
  query: { fields: &apos;_parent,_routing&apos;, parent: &apos;5&apos; } }

INFO
Selected alive Connection, making request
TRACE:
curl &quot;http://localhost:9200/test_1/test/1?fields=_parent%2C_routing&amp;parent=5&quot; -XGET
&lt;- 200
{&quot;_index&quot;:&quot;test_1&quot;,&quot;_type&quot;:&quot;test&quot;,&quot;_id&quot;:&quot;1&quot;,&quot;_version&quot;:1,&quot;exists&quot;:true,&quot;fields&quot;:{&quot;_routing&quot;:&quot;5&quot;,&quot;_parent&quot;:&quot;5&quot;}}


INFO
Request complete
DEBUG
starting request { ignore: [ 404, [length]: 1 ],
  timeout: 10000,
  method: &apos;GET&apos;,
  path: &apos;/test_1/test/1&apos;,
  query: {} }

INFO
Selected alive Connection, making request
TRACE:
curl &quot;http://localhost:9200/test_1/test/1?pretty=true&quot; -XGET
&lt;- 404
{&quot;_index&quot;:&quot;test_1&quot;,&quot;_type&quot;:&quot;test&quot;,&quot;_id&quot;:&quot;1&quot;,&quot;exists&quot;:false}


INFO
Request complete
DEBUG
starting request { ignore: [ 404, [length]: 1 ],
  timeout: 10000,
  method: &apos;DELETE&apos;,
  path: &apos;/*&apos;,
  query: {} }

INFO
Selected alive Connection, making request
TRACE:
curl &quot;http://localhost:9200/*?pretty=true&quot; -XDELETE
&lt;- 200
{&quot;ok&quot;:true,&quot;acknowledged&quot;:true}


INFO
Request complete
</system-out>
    <system-err></system-err>
  </testsuite>
  <testsuite package="elasticsearch-js:yaml_tests" id="14" name="create/55_parent_with_routing.yaml" timestamp="2013-11-11T20:05:35.728Z" hostname="localhost" tests="1" failures="0" errors="0" time="0.967">
    <testcase name="Parent with routing" time="0.251" classname="create/55_parent_with_routing.yaml"/>
    <system-out>DEBUG
starting request { body: { mappings: { test: { _parent: { type: &apos;foo&apos; } } } },
  timeout: 10000,
  method: &apos;PUT&apos;,
  path: &apos;/test_1&apos;,
  query: {} }

INFO
Selected alive Connection, making request
TRACE:
curl &quot;http://localhost:9200/test_1?pretty=true&quot; -XPUT -d &quot;{\&quot;mappings\&quot;:{\&quot;test\&quot;:{\&quot;_parent\&quot;:{\&quot;type\&quot;:\&quot;foo\&quot;}}}}&quot;
&lt;- 200
{&quot;ok&quot;:true,&quot;acknowledged&quot;:true}


INFO
Request complete
DEBUG
starting request { timeout: 10000,
  method: &apos;GET&apos;,
  path: &apos;/_cluster/health&apos;,
  query: { wait_for_status: &apos;yellow&apos; } }

INFO
Selected alive Connection, making request
TRACE:
curl &quot;http://localhost:9200/_cluster/health?wait_for_status=yellow&quot; -XGET
&lt;- 200
{&quot;cluster_name&quot;:&quot;elasticsearch&quot;,&quot;status&quot;:&quot;yellow&quot;,&quot;timed_out&quot;:false,&quot;number_of_nodes&quot;:1,&quot;number_of_data_nodes&quot;:1,&quot;active_primary_shards&quot;:5,&quot;active_shards&quot;:5,&quot;relocating_shards&quot;:0,&quot;initializing_shards&quot;:0,&quot;unassigned_shards&quot;:5}


INFO
Request complete
DEBUG
starting request { body: { foo: &apos;bar&apos; },
  timeout: 10000,
  method: &apos;POST&apos;,
  path: &apos;/test_1/test/1/_create&apos;,
  query: { parent: &apos;5&apos;, routing: &apos;4&apos; } }

INFO
Selected alive Connection, making request
TRACE:
curl &quot;http://localhost:9200/test_1/test/1/_create?parent=5&amp;routing=4&quot; -XPOST -d &quot;{\&quot;foo\&quot;:\&quot;bar\&quot;}&quot;
&lt;- 201
{&quot;ok&quot;:true,&quot;_index&quot;:&quot;test_1&quot;,&quot;_type&quot;:&quot;test&quot;,&quot;_id&quot;:&quot;1&quot;,&quot;_version&quot;:1}


INFO
Request complete
DEBUG
starting request { timeout: 10000,
  method: &apos;GET&apos;,
  path: &apos;/test_1/test/1&apos;,
  query: { fields: &apos;_parent,_routing&apos;, parent: &apos;5&apos;, routing: &apos;4&apos; } }

INFO
Selected alive Connection, making request
TRACE:
curl &quot;http://localhost:9200/test_1/test/1?fields=_parent%2C_routing&amp;parent=5&amp;routing=4&quot; -XGET
&lt;- 200
{&quot;_index&quot;:&quot;test_1&quot;,&quot;_type&quot;:&quot;test&quot;,&quot;_id&quot;:&quot;1&quot;,&quot;_version&quot;:1,&quot;exists&quot;:true,&quot;fields&quot;:{&quot;_routing&quot;:&quot;4&quot;,&quot;_parent&quot;:&quot;5&quot;}}


INFO
Request complete
DEBUG
starting request { ignore: [ 404, [length]: 1 ],
  timeout: 10000,
  method: &apos;GET&apos;,
  path: &apos;/test_1/test/1&apos;,
  query: { parent: &apos;5&apos; } }

INFO
Selected alive Connection, making request
TRACE:
curl &quot;http://localhost:9200/test_1/test/1?parent=5&quot; -XGET
&lt;- 404
{&quot;_index&quot;:&quot;test_1&quot;,&quot;_type&quot;:&quot;test&quot;,&quot;_id&quot;:&quot;1&quot;,&quot;exists&quot;:false}


INFO
Request complete
DEBUG
starting request { timeout: 10000,
  method: &apos;GET&apos;,
  path: &apos;/test_1/test/1&apos;,
  query: { routing: &apos;4&apos; } }

INFO
Selected alive Connection, making request
TRACE:
curl &quot;http://localhost:9200/test_1/test/1?routing=4&quot; -XGET
&lt;- 200
{&quot;_index&quot;:&quot;test_1&quot;,&quot;_type&quot;:&quot;test&quot;,&quot;_id&quot;:&quot;1&quot;,&quot;_version&quot;:1,&quot;exists&quot;:true, &quot;_source&quot; : {&quot;foo&quot;:&quot;bar&quot;}}


INFO
Request complete
DEBUG
starting request { ignore: [ 404, [length]: 1 ],
  timeout: 10000,
  method: &apos;DELETE&apos;,
  path: &apos;/*&apos;,
  query: {} }

INFO
Selected alive Connection, making request
TRACE:
curl &quot;http://localhost:9200/*?pretty=true&quot; -XDELETE
&lt;- 200
{&quot;ok&quot;:true,&quot;acknowledged&quot;:true}


INFO
Request complete
</system-out>
    <system-err></system-err>
  </testsuite>
  <testsuite package="elasticsearch-js:yaml_tests" id="15" name="create/60_refresh.yaml" timestamp="2013-11-11T20:05:36.695Z" hostname="localhost" tests="1" failures="0" errors="0" time="0.269">
    <testcase name="Refresh" time="0.254" classname="create/60_refresh.yaml"/>
    <system-out>DEBUG
starting request { body: { settings: { &apos;index.refresh_interval&apos;: -1 } },
  timeout: 10000,
  method: &apos;PUT&apos;,
  path: &apos;/test_1&apos;,
  query: {} }

INFO
Selected alive Connection, making request
TRACE:
curl &quot;http://localhost:9200/test_1?pretty=true&quot; -XPUT -d &quot;{\&quot;settings\&quot;:{\&quot;index.refresh_interval\&quot;:-1}}&quot;
&lt;- 200
{&quot;ok&quot;:true,&quot;acknowledged&quot;:true}


INFO
Request complete
DEBUG
starting request { timeout: 10000,
  method: &apos;GET&apos;,
  path: &apos;/_cluster/health&apos;,
  query: { wait_for_status: &apos;yellow&apos; } }

INFO
Selected alive Connection, making request
TRACE:
curl &quot;http://localhost:9200/_cluster/health?wait_for_status=yellow&quot; -XGET
&lt;- 200
{&quot;cluster_name&quot;:&quot;elasticsearch&quot;,&quot;status&quot;:&quot;yellow&quot;,&quot;timed_out&quot;:false,&quot;number_of_nodes&quot;:1,&quot;number_of_data_nodes&quot;:1,&quot;active_primary_shards&quot;:5,&quot;active_shards&quot;:5,&quot;relocating_shards&quot;:0,&quot;initializing_shards&quot;:0,&quot;unassigned_shards&quot;:5}


INFO
Request complete
DEBUG
starting request { body: { foo: &apos;bar&apos; },
  timeout: 10000,
  method: &apos;POST&apos;,
  path: &apos;/test_1/test/1/_create&apos;,
  query: {} }

INFO
Selected alive Connection, making request
TRACE:
curl &quot;http://localhost:9200/test_1/test/1/_create?pretty=true&quot; -XPOST -d &quot;{\&quot;foo\&quot;:\&quot;bar\&quot;}&quot;
&lt;- 201
{&quot;ok&quot;:true,&quot;_index&quot;:&quot;test_1&quot;,&quot;_type&quot;:&quot;test&quot;,&quot;_id&quot;:&quot;1&quot;,&quot;_version&quot;:1}


INFO
Request complete
DEBUG
starting request { body: { query: { term: { _id: 1 } } },
  timeout: 10000,
  method: &apos;POST&apos;,
  path: &apos;/test_1/test/_search&apos;,
  query: {} }

INFO
Selected alive Connection, making request
TRACE:
curl &quot;http://localhost:9200/test_1/test/_search?pretty=true&quot; -XPOST -d &quot;{\&quot;query\&quot;:{\&quot;term\&quot;:{\&quot;_id\&quot;:1}}}&quot;
&lt;- 200
{&quot;took&quot;:1,&quot;timed_out&quot;:false,&quot;_shards&quot;:{&quot;total&quot;:5,&quot;successful&quot;:5,&quot;failed&quot;:0},&quot;hits&quot;:{&quot;total&quot;:0,&quot;max_score&quot;:null,&quot;hits&quot;:[]}}


INFO
Request complete
DEBUG
starting request { body: { foo: &apos;bar&apos; },
  timeout: 10000,
  method: &apos;POST&apos;,
  path: &apos;/test_1/test/2/_create&apos;,
  query: { refresh: true } }

INFO
Selected alive Connection, making request
TRACE:
curl &quot;http://localhost:9200/test_1/test/2/_create?refresh=true&quot; -XPOST -d &quot;{\&quot;foo\&quot;:\&quot;bar\&quot;}&quot;
&lt;- 201
{&quot;ok&quot;:true,&quot;_index&quot;:&quot;test_1&quot;,&quot;_type&quot;:&quot;test&quot;,&quot;_id&quot;:&quot;2&quot;,&quot;_version&quot;:1}


INFO
Request complete
DEBUG
starting request { body: { query: { term: { _id: 2 } } },
  timeout: 10000,
  method: &apos;POST&apos;,
  path: &apos;/test_1/test/_search&apos;,
  query: {} }

INFO
Selected alive Connection, making request
TRACE:
curl &quot;http://localhost:9200/test_1/test/_search?pretty=true&quot; -XPOST -d &quot;{\&quot;query\&quot;:{\&quot;term\&quot;:{\&quot;_id\&quot;:2}}}&quot;
&lt;- 200
{&quot;took&quot;:1,&quot;timed_out&quot;:false,&quot;_shards&quot;:{&quot;total&quot;:5,&quot;successful&quot;:5,&quot;failed&quot;:0},&quot;hits&quot;:{&quot;total&quot;:1,&quot;max_score&quot;:1.0,&quot;hits&quot;:[{&quot;_index&quot;:&quot;test_1&quot;,&quot;_type&quot;:&quot;test&quot;,&quot;_id&quot;:&quot;2&quot;,&quot;_score&quot;:1.0, &quot;_source&quot; : {&quot;foo&quot;:&quot;bar&quot;}}]}}


INFO
Request complete
DEBUG
starting request { ignore: [ 404, [length]: 1 ],
  timeout: 10000,
  method: &apos;DELETE&apos;,
  path: &apos;/*&apos;,
  query: {} }

INFO
Selected alive Connection, making request
TRACE:
curl &quot;http://localhost:9200/*?pretty=true&quot; -XDELETE
&lt;- 200
{&quot;ok&quot;:true,&quot;acknowledged&quot;:true}


INFO
Request complete
</system-out>
    <system-err></system-err>
  </testsuite>
  <testsuite package="elasticsearch-js:yaml_tests" id="16" name="create/70_timestamp.yaml" timestamp="2013-11-11T20:05:36.964Z" hostname="localhost" tests="1" failures="0" errors="0" time="0.269">
    <testcase name="Timestamp" time="0.256" classname="create/70_timestamp.yaml"/>
    <system-out>DEBUG
starting request { body: { mappings: { test: { _timestamp: { enabled: 1, store: &apos;yes&apos; } } } },
  timeout: 10000,
  method: &apos;PUT&apos;,
  path: &apos;/test_1&apos;,
  query: {} }

INFO
Selected alive Connection, making request
TRACE:
curl &quot;http://localhost:9200/test_1?pretty=true&quot; -XPUT -d &quot;{\&quot;mappings\&quot;:{\&quot;test\&quot;:{\&quot;_timestamp\&quot;:{\&quot;enabled\&quot;:1,\&quot;store\&quot;:\&quot;yes\&quot;}}}}&quot;
&lt;- 200
{&quot;ok&quot;:true,&quot;acknowledged&quot;:true}


INFO
Request complete
DEBUG
starting request { timeout: 10000,
  method: &apos;GET&apos;,
  path: &apos;/_cluster/health&apos;,
  query: { wait_for_status: &apos;yellow&apos; } }

INFO
Selected alive Connection, making request
TRACE:
curl &quot;http://localhost:9200/_cluster/health?wait_for_status=yellow&quot; -XGET
&lt;- 200
{&quot;cluster_name&quot;:&quot;elasticsearch&quot;,&quot;status&quot;:&quot;yellow&quot;,&quot;timed_out&quot;:false,&quot;number_of_nodes&quot;:1,&quot;number_of_data_nodes&quot;:1,&quot;active_primary_shards&quot;:5,&quot;active_shards&quot;:5,&quot;relocating_shards&quot;:0,&quot;initializing_shards&quot;:0,&quot;unassigned_shards&quot;:5}


INFO
Request complete
DEBUG
starting request { body: { foo: &apos;bar&apos; },
  timeout: 10000,
  method: &apos;POST&apos;,
  path: &apos;/test_1/test/1/_create&apos;,
  query: {} }

INFO
Selected alive Connection, making request
TRACE:
curl &quot;http://localhost:9200/test_1/test/1/_create?pretty=true&quot; -XPOST -d &quot;{\&quot;foo\&quot;:\&quot;bar\&quot;}&quot;
&lt;- 201
{&quot;ok&quot;:true,&quot;_index&quot;:&quot;test_1&quot;,&quot;_type&quot;:&quot;test&quot;,&quot;_id&quot;:&quot;1&quot;,&quot;_version&quot;:1}


INFO
Request complete
DEBUG
starting request { timeout: 10000,
  method: &apos;GET&apos;,
  path: &apos;/test_1/test/1&apos;,
  query: { fields: &apos;_timestamp&apos; } }

INFO
Selected alive Connection, making request
TRACE:
curl &quot;http://localhost:9200/test_1/test/1?fields=_timestamp&quot; -XGET
&lt;- 200
{&quot;_index&quot;:&quot;test_1&quot;,&quot;_type&quot;:&quot;test&quot;,&quot;_id&quot;:&quot;1&quot;,&quot;_version&quot;:1,&quot;exists&quot;:true,&quot;fields&quot;:{&quot;_timestamp&quot;:1384200337195}}


INFO
Request complete
DEBUG
starting request { timeout: 10000,
  method: &apos;DELETE&apos;,
  path: &apos;/test_1/test/1&apos;,
  query: {} }

INFO
Selected alive Connection, making request
TRACE:
curl &quot;http://localhost:9200/test_1/test/1?pretty=true&quot; -XDELETE
&lt;- 200
{&quot;ok&quot;:true,&quot;found&quot;:true,&quot;_index&quot;:&quot;test_1&quot;,&quot;_type&quot;:&quot;test&quot;,&quot;_id&quot;:&quot;1&quot;,&quot;_version&quot;:2}


INFO
Request complete
DEBUG
starting request { body: { foo: &apos;bar&apos; },
  timeout: 10000,
  method: &apos;POST&apos;,
  path: &apos;/test_1/test/1/_create&apos;,
  query: { timestamp: 1372011280000 } }

INFO
Selected alive Connection, making request
TRACE:
curl &quot;http://localhost:9200/test_1/test/1/_create?timestamp=1372011280000&quot; -XPOST -d &quot;{\&quot;foo\&quot;:\&quot;bar\&quot;}&quot;
&lt;- 201
{&quot;ok&quot;:true,&quot;_index&quot;:&quot;test_1&quot;,&quot;_type&quot;:&quot;test&quot;,&quot;_id&quot;:&quot;1&quot;,&quot;_version&quot;:3}


INFO
Request complete
DEBUG
starting request { timeout: 10000,
  method: &apos;GET&apos;,
  path: &apos;/test_1/test/1&apos;,
  query: { fields: &apos;_timestamp&apos; } }

INFO
Selected alive Connection, making request
TRACE:
curl &quot;http://localhost:9200/test_1/test/1?fields=_timestamp&quot; -XGET
&lt;- 200
{&quot;_index&quot;:&quot;test_1&quot;,&quot;_type&quot;:&quot;test&quot;,&quot;_id&quot;:&quot;1&quot;,&quot;_version&quot;:3,&quot;exists&quot;:true,&quot;fields&quot;:{&quot;_timestamp&quot;:1372011280000}}


INFO
Request complete
DEBUG
starting request { timeout: 10000,
  method: &apos;DELETE&apos;,
  path: &apos;/test_1/test/1&apos;,
  query: {} }

INFO
Selected alive Connection, making request
TRACE:
curl &quot;http://localhost:9200/test_1/test/1?pretty=true&quot; -XDELETE
&lt;- 200
{&quot;ok&quot;:true,&quot;found&quot;:true,&quot;_index&quot;:&quot;test_1&quot;,&quot;_type&quot;:&quot;test&quot;,&quot;_id&quot;:&quot;1&quot;,&quot;_version&quot;:4}


INFO
Request complete
DEBUG
starting request { body: { foo: &apos;bar&apos; },
  timeout: 10000,
  method: &apos;POST&apos;,
  path: &apos;/test_1/test/1/_create&apos;,
  query: { timestamp: &apos;2013-06-23T18:14:40.000Z&apos; } }

INFO
Selected alive Connection, making request
TRACE:
curl &quot;http://localhost:9200/test_1/test/1/_create?timestamp=2013-06-23T18%3A14%3A40.000Z&quot; -XPOST -d &quot;{\&quot;foo\&quot;:\&quot;bar\&quot;}&quot;
&lt;- 201
{&quot;ok&quot;:true,&quot;_index&quot;:&quot;test_1&quot;,&quot;_type&quot;:&quot;test&quot;,&quot;_id&quot;:&quot;1&quot;,&quot;_version&quot;:5}


INFO
Request complete
DEBUG
starting request { timeout: 10000,
  method: &apos;GET&apos;,
  path: &apos;/test_1/test/1&apos;,
  query: { fields: &apos;_timestamp&apos; } }

INFO
Selected alive Connection, making request
TRACE:
curl &quot;http://localhost:9200/test_1/test/1?fields=_timestamp&quot; -XGET
&lt;- 200
{&quot;_index&quot;:&quot;test_1&quot;,&quot;_type&quot;:&quot;test&quot;,&quot;_id&quot;:&quot;1&quot;,&quot;_version&quot;:5,&quot;exists&quot;:true,&quot;fields&quot;:{&quot;_timestamp&quot;:1372011280000}}


INFO
Request complete
DEBUG
starting request { ignore: [ 404, [length]: 1 ],
  timeout: 10000,
  method: &apos;DELETE&apos;,
  path: &apos;/*&apos;,
  query: {} }

INFO
Selected alive Connection, making request
TRACE:
curl &quot;http://localhost:9200/*?pretty=true&quot; -XDELETE
&lt;- 200
{&quot;ok&quot;:true,&quot;acknowledged&quot;:true}


INFO
Request complete
</system-out>
    <system-err></system-err>
  </testsuite>
  <testsuite package="elasticsearch-js:yaml_tests" id="17" name="create/75_ttl.yaml" timestamp="2013-11-11T20:05:37.233Z" hostname="localhost" tests="1" failures="0" errors="0" time="0.077">
    <testcase name="TTL" time="0.064" classname="create/75_ttl.yaml"/>
    <system-out>DEBUG
starting request { body: { mappings: { test: { _ttl: { enabled: 1, store: &apos;yes&apos;, default: &apos;10s&apos; } } } },
  timeout: 10000,
  method: &apos;PUT&apos;,
  path: &apos;/test_1&apos;,
  query: {} }

INFO
Selected alive Connection, making request
TRACE:
curl &quot;http://localhost:9200/test_1?pretty=true&quot; -XPUT -d &quot;{\&quot;mappings\&quot;:{\&quot;test\&quot;:{\&quot;_ttl\&quot;:{\&quot;enabled\&quot;:1,\&quot;store\&quot;:\&quot;yes\&quot;,\&quot;default\&quot;:\&quot;10s\&quot;}}}}&quot;
&lt;- 200
{&quot;ok&quot;:true,&quot;acknowledged&quot;:true}


INFO
Request complete
DEBUG
starting request { timeout: 10000,
  method: &apos;GET&apos;,
  path: &apos;/_cluster/health&apos;,
  query: { wait_for_status: &apos;yellow&apos; } }

INFO
Selected alive Connection, making request
TRACE:
curl &quot;http://localhost:9200/_cluster/health?wait_for_status=yellow&quot; -XGET
&lt;- 200
{&quot;cluster_name&quot;:&quot;elasticsearch&quot;,&quot;status&quot;:&quot;yellow&quot;,&quot;timed_out&quot;:false,&quot;number_of_nodes&quot;:1,&quot;number_of_data_nodes&quot;:1,&quot;active_primary_shards&quot;:5,&quot;active_shards&quot;:5,&quot;relocating_shards&quot;:0,&quot;initializing_shards&quot;:0,&quot;unassigned_shards&quot;:5}


INFO
Request complete
DEBUG
starting request { body: { foo: &apos;bar&apos; },
  timeout: 10000,
  method: &apos;POST&apos;,
  path: &apos;/test_1/test/1/_create&apos;,
  query: {} }

INFO
Selected alive Connection, making request
TRACE:
curl &quot;http://localhost:9200/test_1/test/1/_create?pretty=true&quot; -XPOST -d &quot;{\&quot;foo\&quot;:\&quot;bar\&quot;}&quot;
&lt;- 201
{&quot;ok&quot;:true,&quot;_index&quot;:&quot;test_1&quot;,&quot;_type&quot;:&quot;test&quot;,&quot;_id&quot;:&quot;1&quot;,&quot;_version&quot;:1}


INFO
Request complete
DEBUG
starting request { timeout: 10000,
  method: &apos;GET&apos;,
  path: &apos;/test_1/test/1&apos;,
  query: { fields: &apos;_ttl&apos; } }

INFO
Selected alive Connection, making request
TRACE:
curl &quot;http://localhost:9200/test_1/test/1?fields=_ttl&quot; -XGET
&lt;- 200
{&quot;_index&quot;:&quot;test_1&quot;,&quot;_type&quot;:&quot;test&quot;,&quot;_id&quot;:&quot;1&quot;,&quot;_version&quot;:1,&quot;exists&quot;:true,&quot;fields&quot;:{&quot;_ttl&quot;:9996}}


INFO
Request complete
DEBUG
starting request { timeout: 10000,
  method: &apos;DELETE&apos;,
  path: &apos;/test_1/test/1&apos;,
  query: {} }

INFO
Selected alive Connection, making request
TRACE:
curl &quot;http://localhost:9200/test_1/test/1?pretty=true&quot; -XDELETE
&lt;- 200
{&quot;ok&quot;:true,&quot;found&quot;:true,&quot;_index&quot;:&quot;test_1&quot;,&quot;_type&quot;:&quot;test&quot;,&quot;_id&quot;:&quot;1&quot;,&quot;_version&quot;:2}


INFO
Request complete
DEBUG
starting request { body: { foo: &apos;bar&apos; },
  timeout: 10000,
  method: &apos;POST&apos;,
  path: &apos;/test_1/test/1/_create&apos;,
  query: { ttl: 100000 } }

INFO
Selected alive Connection, making request
TRACE:
curl &quot;http://localhost:9200/test_1/test/1/_create?ttl=100000&quot; -XPOST -d &quot;{\&quot;foo\&quot;:\&quot;bar\&quot;}&quot;
&lt;- 201
{&quot;ok&quot;:true,&quot;_index&quot;:&quot;test_1&quot;,&quot;_type&quot;:&quot;test&quot;,&quot;_id&quot;:&quot;1&quot;,&quot;_version&quot;:3}


INFO
Request complete
DEBUG
starting request { timeout: 10000,
  method: &apos;GET&apos;,
  path: &apos;/test_1/test/1&apos;,
  query: { fields: &apos;_ttl&apos; } }

INFO
Selected alive Connection, making request
TRACE:
curl &quot;http://localhost:9200/test_1/test/1?fields=_ttl&quot; -XGET
&lt;- 200
{&quot;_index&quot;:&quot;test_1&quot;,&quot;_type&quot;:&quot;test&quot;,&quot;_id&quot;:&quot;1&quot;,&quot;_version&quot;:3,&quot;exists&quot;:true,&quot;fields&quot;:{&quot;_ttl&quot;:99997}}


INFO
Request complete
DEBUG
starting request { timeout: 10000,
  method: &apos;DELETE&apos;,
  path: &apos;/test_1/test/1&apos;,
  query: {} }

INFO
Selected alive Connection, making request
TRACE:
curl &quot;http://localhost:9200/test_1/test/1?pretty=true&quot; -XDELETE
&lt;- 200
{&quot;ok&quot;:true,&quot;found&quot;:true,&quot;_index&quot;:&quot;test_1&quot;,&quot;_type&quot;:&quot;test&quot;,&quot;_id&quot;:&quot;1&quot;,&quot;_version&quot;:4}


INFO
Request complete
DEBUG
starting request { body: { foo: &apos;bar&apos; },
  timeout: 10000,
  method: &apos;POST&apos;,
  path: &apos;/test_1/test/1/_create&apos;,
  query: { ttl: &apos;20s&apos; } }

INFO
Selected alive Connection, making request
TRACE:
curl &quot;http://localhost:9200/test_1/test/1/_create?ttl=20s&quot; -XPOST -d &quot;{\&quot;foo\&quot;:\&quot;bar\&quot;}&quot;
&lt;- 201
{&quot;ok&quot;:true,&quot;_index&quot;:&quot;test_1&quot;,&quot;_type&quot;:&quot;test&quot;,&quot;_id&quot;:&quot;1&quot;,&quot;_version&quot;:5}


INFO
Request complete
DEBUG
starting request { timeout: 10000,
  method: &apos;GET&apos;,
  path: &apos;/test_1/test/1&apos;,
  query: { fields: &apos;_ttl&apos; } }

INFO
Selected alive Connection, making request
TRACE:
curl &quot;http://localhost:9200/test_1/test/1?fields=_ttl&quot; -XGET
&lt;- 200
{&quot;_index&quot;:&quot;test_1&quot;,&quot;_type&quot;:&quot;test&quot;,&quot;_id&quot;:&quot;1&quot;,&quot;_version&quot;:5,&quot;exists&quot;:true,&quot;fields&quot;:{&quot;_ttl&quot;:19996}}


INFO
Request complete
DEBUG
starting request { timeout: 10000,
  method: &apos;DELETE&apos;,
  path: &apos;/test_1/test/1&apos;,
  query: {} }

INFO
Selected alive Connection, making request
TRACE:
curl &quot;http://localhost:9200/test_1/test/1?pretty=true&quot; -XDELETE
&lt;- 200
{&quot;ok&quot;:true,&quot;found&quot;:true,&quot;_index&quot;:&quot;test_1&quot;,&quot;_type&quot;:&quot;test&quot;,&quot;_id&quot;:&quot;1&quot;,&quot;_version&quot;:6}


INFO
Request complete
DEBUG
starting request { body: { foo: &apos;bar&apos; },
  timeout: 10000,
  method: &apos;POST&apos;,
  path: &apos;/test_1/test/1/_create&apos;,
  query: { timestamp: &apos;2013-06-23T18:14:40.000Z&apos;, ttl: &apos;20s&apos; } }

INFO
Selected alive Connection, making request
TRACE:
curl &quot;http://localhost:9200/test_1/test/1/_create?timestamp=2013-06-23T18%3A14%3A40.000Z&amp;ttl=20s&quot; -XPOST -d &quot;{\&quot;foo\&quot;:\&quot;bar\&quot;}&quot;
&lt;- 400
{&quot;error&quot;:&quot;MapperParsingException[failed to parse [_ttl]]; nested: AlreadyExpiredException[already expired [test_1]/[test]/[1] due to expire at [1372011300000] and was processed at [1384200337296]]; &quot;,&quot;status&quot;:400}


INFO
Request complete
DEBUG
starting request { ignore: [ 404, [length]: 1 ],
  timeout: 10000,
  method: &apos;DELETE&apos;,
  path: &apos;/*&apos;,
  query: {} }

INFO
Selected alive Connection, making request
TRACE:
curl &quot;http://localhost:9200/*?pretty=true&quot; -XDELETE
&lt;- 200
{&quot;ok&quot;:true,&quot;acknowledged&quot;:true}


INFO
Request complete
</system-out>
    <system-err></system-err>
  </testsuite>
  <testsuite package="elasticsearch-js:yaml_tests" id="18" name="delete/10_basic.yaml" timestamp="2013-11-11T20:05:37.310Z" hostname="localhost" tests="1" failures="0" errors="0" time="0.044">
    <testcase name="Basic" time="0.031" classname="delete/10_basic.yaml"/>
    <system-out>DEBUG
starting request { body: { foo: &apos;bar&apos; },
  timeout: 10000,
  method: &apos;POST&apos;,
  path: &apos;/test_1/test/1&apos;,
  query: {} }

INFO
Selected alive Connection, making request
TRACE:
curl &quot;http://localhost:9200/test_1/test/1?pretty=true&quot; -XPOST -d &quot;{\&quot;foo\&quot;:\&quot;bar\&quot;}&quot;
&lt;- 201
{&quot;ok&quot;:true,&quot;_index&quot;:&quot;test_1&quot;,&quot;_type&quot;:&quot;test&quot;,&quot;_id&quot;:&quot;1&quot;,&quot;_version&quot;:1}


INFO
Request complete
DEBUG
starting request { timeout: 10000,
  method: &apos;DELETE&apos;,
  path: &apos;/test_1/test/1&apos;,
  query: {} }

INFO
Selected alive Connection, making request
TRACE:
curl &quot;http://localhost:9200/test_1/test/1?pretty=true&quot; -XDELETE
&lt;- 200
{&quot;ok&quot;:true,&quot;found&quot;:true,&quot;_index&quot;:&quot;test_1&quot;,&quot;_type&quot;:&quot;test&quot;,&quot;_id&quot;:&quot;1&quot;,&quot;_version&quot;:2}


INFO
Request complete
DEBUG
starting request { ignore: [ 404, [length]: 1 ],
  timeout: 10000,
  method: &apos;DELETE&apos;,
  path: &apos;/*&apos;,
  query: {} }

INFO
Selected alive Connection, making request
TRACE:
curl &quot;http://localhost:9200/*?pretty=true&quot; -XDELETE
&lt;- 200
{&quot;ok&quot;:true,&quot;acknowledged&quot;:true}


INFO
Request complete
</system-out>
    <system-err></system-err>
  </testsuite>
  <testsuite package="elasticsearch-js:yaml_tests" id="19" name="delete/20_internal_version.yaml" timestamp="2013-11-11T20:05:37.354Z" hostname="localhost" tests="1" failures="0" errors="0" time="0.046">
    <testcase name="Internal version" time="0.034" classname="delete/20_internal_version.yaml"/>
    <system-out>DEBUG
starting request { body: { foo: &apos;bar&apos; },
  timeout: 10000,
  method: &apos;POST&apos;,
  path: &apos;/test_1/test/1&apos;,
  query: {} }

INFO
Selected alive Connection, making request
TRACE:
curl &quot;http://localhost:9200/test_1/test/1?pretty=true&quot; -XPOST -d &quot;{\&quot;foo\&quot;:\&quot;bar\&quot;}&quot;
&lt;- 201
{&quot;ok&quot;:true,&quot;_index&quot;:&quot;test_1&quot;,&quot;_type&quot;:&quot;test&quot;,&quot;_id&quot;:&quot;1&quot;,&quot;_version&quot;:1}


INFO
Request complete
DEBUG
starting request { ignore: [ 409, [length]: 1 ],
  timeout: 10000,
  method: &apos;DELETE&apos;,
  path: &apos;/test_1/test/1&apos;,
  query: { version: 2 } }

INFO
Selected alive Connection, making request
TRACE:
curl &quot;http://localhost:9200/test_1/test/1?version=2&quot; -XDELETE
&lt;- 409
{&quot;error&quot;:&quot;VersionConflictEngineException[[test_1][2] [test][1]: version conflict, current [1], provided [2]]&quot;,&quot;status&quot;:409}


INFO
Request complete
DEBUG
starting request { timeout: 10000,
  method: &apos;DELETE&apos;,
  path: &apos;/test_1/test/1&apos;,
  query: { version: 1 } }

INFO
Selected alive Connection, making request
TRACE:
curl &quot;http://localhost:9200/test_1/test/1?version=1&quot; -XDELETE
&lt;- 200
{&quot;ok&quot;:true,&quot;found&quot;:true,&quot;_index&quot;:&quot;test_1&quot;,&quot;_type&quot;:&quot;test&quot;,&quot;_id&quot;:&quot;1&quot;,&quot;_version&quot;:2}


INFO
Request complete
DEBUG
starting request { ignore: [ 404, [length]: 1 ],
  timeout: 10000,
  method: &apos;DELETE&apos;,
  path: &apos;/*&apos;,
  query: {} }

INFO
Selected alive Connection, making request
TRACE:
curl &quot;http://localhost:9200/*?pretty=true&quot; -XDELETE
&lt;- 200
{&quot;ok&quot;:true,&quot;acknowledged&quot;:true}


INFO
Request complete
</system-out>
    <system-err></system-err>
  </testsuite>
  <testsuite package="elasticsearch-js:yaml_tests" id="20" name="delete/25_external_version.yaml" timestamp="2013-11-11T20:05:37.400Z" hostname="localhost" tests="1" failures="0" errors="0" time="0.049">
    <testcase name="External version" time="0.034" classname="delete/25_external_version.yaml"/>
    <system-out>DEBUG
starting request { body: { foo: &apos;bar&apos; },
  timeout: 10000,
  method: &apos;POST&apos;,
  path: &apos;/test_1/test/1&apos;,
  query: { version: 5, version_type: &apos;external&apos; } }

INFO
Selected alive Connection, making request
TRACE:
curl &quot;http://localhost:9200/test_1/test/1?version=5&amp;version_type=external&quot; -XPOST -d &quot;{\&quot;foo\&quot;:\&quot;bar\&quot;}&quot;
&lt;- 201
{&quot;ok&quot;:true,&quot;_index&quot;:&quot;test_1&quot;,&quot;_type&quot;:&quot;test&quot;,&quot;_id&quot;:&quot;1&quot;,&quot;_version&quot;:5}


INFO
Request complete
DEBUG
starting request { ignore: [ 409, [length]: 1 ],
  timeout: 10000,
  method: &apos;DELETE&apos;,
  path: &apos;/test_1/test/1&apos;,
  query: { version: 4, version_type: &apos;external&apos; } }

INFO
Selected alive Connection, making request
TRACE:
curl &quot;http://localhost:9200/test_1/test/1?version=4&amp;version_type=external&quot; -XDELETE
&lt;- 409
{&quot;error&quot;:&quot;VersionConflictEngineException[[test_1][2] [test][1]: version conflict, current [5], provided [4]]&quot;,&quot;status&quot;:409}


INFO
Request complete
DEBUG
starting request { timeout: 10000,
  method: &apos;DELETE&apos;,
  path: &apos;/test_1/test/1&apos;,
  query: { version: 6, version_type: &apos;external&apos; } }

INFO
Selected alive Connection, making request
TRACE:
curl &quot;http://localhost:9200/test_1/test/1?version=6&amp;version_type=external&quot; -XDELETE
&lt;- 200
{&quot;ok&quot;:true,&quot;found&quot;:true,&quot;_index&quot;:&quot;test_1&quot;,&quot;_type&quot;:&quot;test&quot;,&quot;_id&quot;:&quot;1&quot;,&quot;_version&quot;:6}


INFO
Request complete
DEBUG
starting request { ignore: [ 404, [length]: 1 ],
  timeout: 10000,
  method: &apos;DELETE&apos;,
  path: &apos;/*&apos;,
  query: {} }

INFO
Selected alive Connection, making request
TRACE:
curl &quot;http://localhost:9200/*?pretty=true&quot; -XDELETE
&lt;- 200
{&quot;ok&quot;:true,&quot;acknowledged&quot;:true}


INFO
Request complete
</system-out>
    <system-err></system-err>
  </testsuite>
  <testsuite package="elasticsearch-js:yaml_tests" id="21" name="delete/30_routing.yaml" timestamp="2013-11-11T20:05:37.449Z" hostname="localhost" tests="1" failures="0" errors="0" time="0.062">
    <testcase name="Routing" time="0.049" classname="delete/30_routing.yaml"/>
    <system-out>DEBUG
starting request { body: { foo: &apos;bar&apos; },
  timeout: 10000,
  method: &apos;POST&apos;,
  path: &apos;/test_1/test/1&apos;,
  query: { routing: &apos;5&apos; } }

INFO
Selected alive Connection, making request
TRACE:
curl &quot;http://localhost:9200/test_1/test/1?routing=5&quot; -XPOST -d &quot;{\&quot;foo\&quot;:\&quot;bar\&quot;}&quot;
&lt;- 201
{&quot;ok&quot;:true,&quot;_index&quot;:&quot;test_1&quot;,&quot;_type&quot;:&quot;test&quot;,&quot;_id&quot;:&quot;1&quot;,&quot;_version&quot;:1}


INFO
Request complete
DEBUG
starting request { timeout: 10000,
  method: &apos;GET&apos;,
  path: &apos;/_cluster/health&apos;,
  query: { wait_for_status: &apos;yellow&apos; } }

INFO
Selected alive Connection, making request
TRACE:
curl &quot;http://localhost:9200/_cluster/health?wait_for_status=yellow&quot; -XGET
&lt;- 200
{&quot;cluster_name&quot;:&quot;elasticsearch&quot;,&quot;status&quot;:&quot;yellow&quot;,&quot;timed_out&quot;:false,&quot;number_of_nodes&quot;:1,&quot;number_of_data_nodes&quot;:1,&quot;active_primary_shards&quot;:5,&quot;active_shards&quot;:5,&quot;relocating_shards&quot;:0,&quot;initializing_shards&quot;:0,&quot;unassigned_shards&quot;:5}


INFO
Request complete
DEBUG
starting request { ignore: [ 404, [length]: 1 ],
  timeout: 10000,
  method: &apos;DELETE&apos;,
  path: &apos;/test_1/test/1&apos;,
  query: { routing: &apos;4&apos; } }

INFO
Selected alive Connection, making request
TRACE:
curl &quot;http://localhost:9200/test_1/test/1?routing=4&quot; -XDELETE
&lt;- 404
{&quot;ok&quot;:true,&quot;found&quot;:false,&quot;_index&quot;:&quot;test_1&quot;,&quot;_type&quot;:&quot;test&quot;,&quot;_id&quot;:&quot;1&quot;,&quot;_version&quot;:1}


INFO
Request complete
DEBUG
starting request { timeout: 10000,
  method: &apos;DELETE&apos;,
  path: &apos;/test_1/test/1&apos;,
  query: { routing: &apos;5&apos; } }

INFO
Selected alive Connection, making request
TRACE:
curl &quot;http://localhost:9200/test_1/test/1?routing=5&quot; -XDELETE
&lt;- 200
{&quot;ok&quot;:true,&quot;found&quot;:true,&quot;_index&quot;:&quot;test_1&quot;,&quot;_type&quot;:&quot;test&quot;,&quot;_id&quot;:&quot;1&quot;,&quot;_version&quot;:2}


INFO
Request complete
DEBUG
starting request { ignore: [ 404, [length]: 1 ],
  timeout: 10000,
  method: &apos;DELETE&apos;,
  path: &apos;/*&apos;,
  query: {} }

INFO
Selected alive Connection, making request
TRACE:
curl &quot;http://localhost:9200/*?pretty=true&quot; -XDELETE
&lt;- 200
{&quot;ok&quot;:true,&quot;acknowledged&quot;:true}


INFO
Request complete
</system-out>
    <system-err></system-err>
  </testsuite>
  <testsuite package="elasticsearch-js:yaml_tests" id="22" name="delete/40_parent.yaml" timestamp="2013-11-11T20:05:37.512Z" hostname="localhost" tests="1" failures="0" errors="0" time="1.53">
    <testcase name="Parent" time="0.25" classname="delete/40_parent.yaml"/>
    <system-out>DEBUG
starting request { timeout: 10000, method: &apos;GET&apos;, path: &apos;/&apos;, query: {} }

INFO
Selected alive Connection, making request
TRACE:
curl &quot;http://localhost:9200/?pretty=true&quot; -XGET
&lt;- 200
{
  &quot;ok&quot; : true,
  &quot;status&quot; : 200,
  &quot;name&quot; : &quot;Absalom&quot;,
  &quot;version&quot; : {
    &quot;number&quot; : &quot;1.0.0.Beta1&quot;,
    &quot;build_hash&quot; : &quot;d43f3d83d8bae03e6d202b9d7037013cae70a954&quot;,
    &quot;build_timestamp&quot; : &quot;2013-10-31T00:10:20Z&quot;,
    &quot;build_snapshot&quot; : true,
    &quot;lucene_version&quot; : &quot;4.5.1&quot;
  },
  &quot;tagline&quot; : &quot;You Know, for Search&quot;
}


INFO
Request complete
DEBUG
starting request { body: { mappings: { test: { _parent: { type: &apos;foo&apos; } } } },
  timeout: 10000,
  method: &apos;PUT&apos;,
  path: &apos;/test_1&apos;,
  query: {} }

INFO
Selected alive Connection, making request
TRACE:
curl &quot;http://localhost:9200/test_1?pretty=true&quot; -XPUT -d &quot;{\&quot;mappings\&quot;:{\&quot;test\&quot;:{\&quot;_parent\&quot;:{\&quot;type\&quot;:\&quot;foo\&quot;}}}}&quot;
&lt;- 200
{&quot;ok&quot;:true,&quot;acknowledged&quot;:true}


INFO
Request complete
DEBUG
starting request { timeout: 10000,
  method: &apos;GET&apos;,
  path: &apos;/_cluster/health&apos;,
  query: { wait_for_status: &apos;yellow&apos; } }

INFO
Selected alive Connection, making request
TRACE:
curl &quot;http://localhost:9200/_cluster/health?wait_for_status=yellow&quot; -XGET
&lt;- 200
{&quot;cluster_name&quot;:&quot;elasticsearch&quot;,&quot;status&quot;:&quot;yellow&quot;,&quot;timed_out&quot;:false,&quot;number_of_nodes&quot;:1,&quot;number_of_data_nodes&quot;:1,&quot;active_primary_shards&quot;:5,&quot;active_shards&quot;:5,&quot;relocating_shards&quot;:0,&quot;initializing_shards&quot;:0,&quot;unassigned_shards&quot;:5}


INFO
Request complete
DEBUG
starting request { body: { foo: &apos;bar&apos; },
  timeout: 10000,
  method: &apos;POST&apos;,
  path: &apos;/test_1/test/1&apos;,
  query: { parent: &apos;5&apos; } }

INFO
Selected alive Connection, making request
TRACE:
curl &quot;http://localhost:9200/test_1/test/1?parent=5&quot; -XPOST -d &quot;{\&quot;foo\&quot;:\&quot;bar\&quot;}&quot;
&lt;- 201
{&quot;ok&quot;:true,&quot;_index&quot;:&quot;test_1&quot;,&quot;_type&quot;:&quot;test&quot;,&quot;_id&quot;:&quot;1&quot;,&quot;_version&quot;:1}


INFO
Request complete
DEBUG
starting request { ignore: [ 404, [length]: 1 ],
  timeout: 10000,
  method: &apos;DELETE&apos;,
  path: &apos;/test_1/test/1&apos;,
  query: { parent: &apos;1&apos; } }

INFO
Selected alive Connection, making request
TRACE:
curl &quot;http://localhost:9200/test_1/test/1?parent=1&quot; -XDELETE
&lt;- 404
{&quot;ok&quot;:true,&quot;found&quot;:false,&quot;_index&quot;:&quot;test_1&quot;,&quot;_type&quot;:&quot;test&quot;,&quot;_id&quot;:&quot;1&quot;,&quot;_version&quot;:1}


INFO
Request complete
DEBUG
starting request { timeout: 10000,
  method: &apos;DELETE&apos;,
  path: &apos;/test_1/test/1&apos;,
  query: { parent: &apos;5&apos; } }

INFO
Selected alive Connection, making request
TRACE:
curl &quot;http://localhost:9200/test_1/test/1?parent=5&quot; -XDELETE
&lt;- 200
{&quot;ok&quot;:true,&quot;found&quot;:true,&quot;_index&quot;:&quot;test_1&quot;,&quot;_type&quot;:&quot;test&quot;,&quot;_id&quot;:&quot;1&quot;,&quot;_version&quot;:2}


INFO
Request complete
DEBUG
starting request { ignore: [ 404, [length]: 1 ],
  timeout: 10000,
  method: &apos;DELETE&apos;,
  path: &apos;/*&apos;,
  query: {} }

INFO
Selected alive Connection, making request
TRACE:
curl &quot;http://localhost:9200/*?pretty=true&quot; -XDELETE
&lt;- 200
{&quot;ok&quot;:true,&quot;acknowledged&quot;:true}


INFO
Request complete
</system-out>
    <system-err></system-err>
  </testsuite>
  <testsuite package="elasticsearch-js:yaml_tests" id="23" name="delete/45_parent_with_routing.yaml" timestamp="2013-11-11T20:05:39.042Z" hostname="localhost" tests="1" failures="0" errors="0" time="2">
    <testcase name="Parent with routing" time="0.24" classname="delete/45_parent_with_routing.yaml"/>
    <system-out>DEBUG
starting request { body: { mappings: { test: { _parent: { type: &apos;foo&apos; } } } },
  timeout: 10000,
  method: &apos;PUT&apos;,
  path: &apos;/test_1&apos;,
  query: {} }

INFO
Selected alive Connection, making request
TRACE:
curl &quot;http://localhost:9200/test_1?pretty=true&quot; -XPUT -d &quot;{\&quot;mappings\&quot;:{\&quot;test\&quot;:{\&quot;_parent\&quot;:{\&quot;type\&quot;:\&quot;foo\&quot;}}}}&quot;
&lt;- 200
{&quot;ok&quot;:true,&quot;acknowledged&quot;:true}


INFO
Request complete
DEBUG
starting request { timeout: 10000,
  method: &apos;GET&apos;,
  path: &apos;/_cluster/health&apos;,
  query: { wait_for_status: &apos;yellow&apos; } }

INFO
Selected alive Connection, making request
TRACE:
curl &quot;http://localhost:9200/_cluster/health?wait_for_status=yellow&quot; -XGET
&lt;- 200
{&quot;cluster_name&quot;:&quot;elasticsearch&quot;,&quot;status&quot;:&quot;yellow&quot;,&quot;timed_out&quot;:false,&quot;number_of_nodes&quot;:1,&quot;number_of_data_nodes&quot;:1,&quot;active_primary_shards&quot;:5,&quot;active_shards&quot;:5,&quot;relocating_shards&quot;:0,&quot;initializing_shards&quot;:0,&quot;unassigned_shards&quot;:5}


INFO
Request complete
DEBUG
starting request { body: { foo: &apos;bar&apos; },
  timeout: 10000,
  method: &apos;POST&apos;,
  path: &apos;/test_1/test/1&apos;,
  query: { parent: &apos;5&apos;, routing: &apos;4&apos; } }

INFO
Selected alive Connection, making request
TRACE:
curl &quot;http://localhost:9200/test_1/test/1?parent=5&amp;routing=4&quot; -XPOST -d &quot;{\&quot;foo\&quot;:\&quot;bar\&quot;}&quot;
&lt;- 201
{&quot;ok&quot;:true,&quot;_index&quot;:&quot;test_1&quot;,&quot;_type&quot;:&quot;test&quot;,&quot;_id&quot;:&quot;1&quot;,&quot;_version&quot;:1}


INFO
Request complete
DEBUG
starting request { ignore: [ 404, [length]: 1 ],
  timeout: 10000,
  method: &apos;DELETE&apos;,
  path: &apos;/test_1/test/1&apos;,
  query: { parent: &apos;5&apos;, routing: &apos;1&apos; } }

INFO
Selected alive Connection, making request
TRACE:
curl &quot;http://localhost:9200/test_1/test/1?parent=5&amp;routing=1&quot; -XDELETE
&lt;- 404
{&quot;ok&quot;:true,&quot;found&quot;:false,&quot;_index&quot;:&quot;test_1&quot;,&quot;_type&quot;:&quot;test&quot;,&quot;_id&quot;:&quot;1&quot;,&quot;_version&quot;:1}


INFO
Request complete
DEBUG
starting request { timeout: 10000,
  method: &apos;DELETE&apos;,
  path: &apos;/test_1/test/1&apos;,
  query: { parent: &apos;5&apos;, routing: &apos;4&apos; } }

INFO
Selected alive Connection, making request
TRACE:
curl &quot;http://localhost:9200/test_1/test/1?parent=5&amp;routing=4&quot; -XDELETE
&lt;- 200
{&quot;ok&quot;:true,&quot;found&quot;:true,&quot;_index&quot;:&quot;test_1&quot;,&quot;_type&quot;:&quot;test&quot;,&quot;_id&quot;:&quot;1&quot;,&quot;_version&quot;:2}


INFO
Request complete
DEBUG
starting request { ignore: [ 404, [length]: 1 ],
  timeout: 10000,
  method: &apos;DELETE&apos;,
  path: &apos;/*&apos;,
  query: {} }

INFO
Selected alive Connection, making request
TRACE:
curl &quot;http://localhost:9200/*?pretty=true&quot; -XDELETE
&lt;- 200
{&quot;ok&quot;:true,&quot;acknowledged&quot;:true}


INFO
Request complete
</system-out>
    <system-err></system-err>
  </testsuite>
  <testsuite package="elasticsearch-js:yaml_tests" id="24" name="delete/50_refresh.yaml" timestamp="2013-11-11T20:05:41.042Z" hostname="localhost" tests="1" failures="0" errors="0" time="1.999">
    <testcase name="Refresh" time="0.271" classname="delete/50_refresh.yaml"/>
    <system-out>DEBUG
starting request { body: { settings: { &apos;index.refresh_interval&apos;: -1 } },
  timeout: 10000,
  method: &apos;PUT&apos;,
  path: &apos;/test_1&apos;,
  query: {} }

INFO
Selected alive Connection, making request
TRACE:
curl &quot;http://localhost:9200/test_1?pretty=true&quot; -XPUT -d &quot;{\&quot;settings\&quot;:{\&quot;index.refresh_interval\&quot;:-1}}&quot;
&lt;- 200
{&quot;ok&quot;:true,&quot;acknowledged&quot;:true}


INFO
Request complete
DEBUG
starting request { timeout: 10000,
  method: &apos;GET&apos;,
  path: &apos;/_cluster/health&apos;,
  query: { wait_for_status: &apos;yellow&apos; } }

INFO
Selected alive Connection, making request
TRACE:
curl &quot;http://localhost:9200/_cluster/health?wait_for_status=yellow&quot; -XGET
&lt;- 200
{&quot;cluster_name&quot;:&quot;elasticsearch&quot;,&quot;status&quot;:&quot;yellow&quot;,&quot;timed_out&quot;:false,&quot;number_of_nodes&quot;:1,&quot;number_of_data_nodes&quot;:1,&quot;active_primary_shards&quot;:5,&quot;active_shards&quot;:5,&quot;relocating_shards&quot;:0,&quot;initializing_shards&quot;:0,&quot;unassigned_shards&quot;:5}


INFO
Request complete
DEBUG
starting request { body: { foo: &apos;bar&apos; },
  timeout: 10000,
  method: &apos;POST&apos;,
  path: &apos;/test_1/test/1&apos;,
  query: { refresh: true } }

INFO
Selected alive Connection, making request
TRACE:
curl &quot;http://localhost:9200/test_1/test/1?refresh=true&quot; -XPOST -d &quot;{\&quot;foo\&quot;:\&quot;bar\&quot;}&quot;
&lt;- 201
{&quot;ok&quot;:true,&quot;_index&quot;:&quot;test_1&quot;,&quot;_type&quot;:&quot;test&quot;,&quot;_id&quot;:&quot;1&quot;,&quot;_version&quot;:1}


INFO
Request complete
DEBUG
starting request { body: { foo: &apos;bar&apos; },
  timeout: 10000,
  method: &apos;POST&apos;,
  path: &apos;/test_1/test/2&apos;,
  query: { refresh: true } }

INFO
Selected alive Connection, making request
TRACE:
curl &quot;http://localhost:9200/test_1/test/2?refresh=true&quot; -XPOST -d &quot;{\&quot;foo\&quot;:\&quot;bar\&quot;}&quot;
&lt;- 201
{&quot;ok&quot;:true,&quot;_index&quot;:&quot;test_1&quot;,&quot;_type&quot;:&quot;test&quot;,&quot;_id&quot;:&quot;2&quot;,&quot;_version&quot;:1}


INFO
Request complete
DEBUG
starting request { body: { query: { terms: { _id: [ 1, 2, [length]: 2 ] } } },
  timeout: 10000,
  method: &apos;POST&apos;,
  path: &apos;/test_1/test/_search&apos;,
  query: {} }

INFO
Selected alive Connection, making request
TRACE:
curl &quot;http://localhost:9200/test_1/test/_search?pretty=true&quot; -XPOST -d &quot;{\&quot;query\&quot;:{\&quot;terms\&quot;:{\&quot;_id\&quot;:[1,2]}}}&quot;
&lt;- 200
{&quot;took&quot;:1,&quot;timed_out&quot;:false,&quot;_shards&quot;:{&quot;total&quot;:5,&quot;successful&quot;:5,&quot;failed&quot;:0},&quot;hits&quot;:{&quot;total&quot;:2,&quot;max_score&quot;:0.35355338,&quot;hits&quot;:[{&quot;_index&quot;:&quot;test_1&quot;,&quot;_type&quot;:&quot;test&quot;,&quot;_id&quot;:&quot;1&quot;,&quot;_score&quot;:0.35355338, &quot;_source&quot; : {&quot;foo&quot;:&quot;bar&quot;}},{&quot;_index&quot;:&quot;test_1&quot;,&quot;_type&quot;:&quot;test&quot;,&quot;_id&quot;:&quot;2&quot;,&quot;_score&quot;:0.35355338, &quot;_source&quot; : {&quot;foo&quot;:&quot;bar&quot;}}]}}


INFO
Request complete
DEBUG
starting request { timeout: 10000,
  method: &apos;DELETE&apos;,
  path: &apos;/test_1/test/1&apos;,
  query: {} }

INFO
Selected alive Connection, making request
TRACE:
curl &quot;http://localhost:9200/test_1/test/1?pretty=true&quot; -XDELETE
&lt;- 200
{&quot;ok&quot;:true,&quot;found&quot;:true,&quot;_index&quot;:&quot;test_1&quot;,&quot;_type&quot;:&quot;test&quot;,&quot;_id&quot;:&quot;1&quot;,&quot;_version&quot;:2}


INFO
Request complete
DEBUG
starting request { body: { query: { terms: { _id: [ 1, 2, [length]: 2 ] } } },
  timeout: 10000,
  method: &apos;POST&apos;,
  path: &apos;/test_1/test/_search&apos;,
  query: {} }

INFO
Selected alive Connection, making request
TRACE:
curl &quot;http://localhost:9200/test_1/test/_search?pretty=true&quot; -XPOST -d &quot;{\&quot;query\&quot;:{\&quot;terms\&quot;:{\&quot;_id\&quot;:[1,2]}}}&quot;
&lt;- 200
{&quot;took&quot;:1,&quot;timed_out&quot;:false,&quot;_shards&quot;:{&quot;total&quot;:5,&quot;successful&quot;:5,&quot;failed&quot;:0},&quot;hits&quot;:{&quot;total&quot;:2,&quot;max_score&quot;:0.35355338,&quot;hits&quot;:[{&quot;_index&quot;:&quot;test_1&quot;,&quot;_type&quot;:&quot;test&quot;,&quot;_id&quot;:&quot;1&quot;,&quot;_score&quot;:0.35355338, &quot;_source&quot; : {&quot;foo&quot;:&quot;bar&quot;}},{&quot;_index&quot;:&quot;test_1&quot;,&quot;_type&quot;:&quot;test&quot;,&quot;_id&quot;:&quot;2&quot;,&quot;_score&quot;:0.35355338, &quot;_source&quot; : {&quot;foo&quot;:&quot;bar&quot;}}]}}


INFO
Request complete
DEBUG
starting request { timeout: 10000,
  method: &apos;DELETE&apos;,
  path: &apos;/test_1/test/2&apos;,
  query: { refresh: true } }

INFO
Selected alive Connection, making request
TRACE:
curl &quot;http://localhost:9200/test_1/test/2?refresh=true&quot; -XDELETE
&lt;- 200
{&quot;ok&quot;:true,&quot;found&quot;:true,&quot;_index&quot;:&quot;test_1&quot;,&quot;_type&quot;:&quot;test&quot;,&quot;_id&quot;:&quot;2&quot;,&quot;_version&quot;:2}


INFO
Request complete
DEBUG
starting request { body: { query: { terms: { _id: [ 1, 2, [length]: 2 ] } } },
  timeout: 10000,
  method: &apos;POST&apos;,
  path: &apos;/test_1/test/_search&apos;,
  query: {} }

INFO
Selected alive Connection, making request
TRACE:
curl &quot;http://localhost:9200/test_1/test/_search?pretty=true&quot; -XPOST -d &quot;{\&quot;query\&quot;:{\&quot;terms\&quot;:{\&quot;_id\&quot;:[1,2]}}}&quot;
&lt;- 200
{&quot;took&quot;:1,&quot;timed_out&quot;:false,&quot;_shards&quot;:{&quot;total&quot;:5,&quot;successful&quot;:5,&quot;failed&quot;:0},&quot;hits&quot;:{&quot;total&quot;:1,&quot;max_score&quot;:0.35355338,&quot;hits&quot;:[{&quot;_index&quot;:&quot;test_1&quot;,&quot;_type&quot;:&quot;test&quot;,&quot;_id&quot;:&quot;1&quot;,&quot;_score&quot;:0.35355338, &quot;_source&quot; : {&quot;foo&quot;:&quot;bar&quot;}}]}}


INFO
Request complete
DEBUG
starting request { ignore: [ 404, [length]: 1 ],
  timeout: 10000,
  method: &apos;DELETE&apos;,
  path: &apos;/*&apos;,
  query: {} }

INFO
Selected alive Connection, making request
TRACE:
curl &quot;http://localhost:9200/*?pretty=true&quot; -XDELETE
&lt;- 200
{&quot;ok&quot;:true,&quot;acknowledged&quot;:true}


INFO
Request complete
</system-out>
    <system-err></system-err>
  </testsuite>
  <testsuite package="elasticsearch-js:yaml_tests" id="25" name="delete/60_missing.yaml" timestamp="2013-11-11T20:05:43.041Z" hostname="localhost" tests="2" failures="0" errors="0" time="4.001">
    <testcase name="Missing document with catch" time="0.027" classname="delete/60_missing.yaml"/>
    <testcase name="Missing document with ignore" time="0.03" classname="delete/60_missing.yaml"/>
    <system-out>DEBUG
starting request { ignore: [ 404, [length]: 1 ],
  timeout: 10000,
  method: &apos;DELETE&apos;,
  path: &apos;/test_1/test/1&apos;,
  query: {} }

INFO
Selected alive Connection, making request
TRACE:
curl &quot;http://localhost:9200/test_1/test/1?pretty=true&quot; -XDELETE
&lt;- 404
{&quot;ok&quot;:true,&quot;found&quot;:false,&quot;_index&quot;:&quot;test_1&quot;,&quot;_type&quot;:&quot;test&quot;,&quot;_id&quot;:&quot;1&quot;,&quot;_version&quot;:1}


INFO
Request complete
DEBUG
starting request { ignore: [ 404, [length]: 1 ],
  timeout: 10000,
  method: &apos;DELETE&apos;,
  path: &apos;/*&apos;,
  query: {} }

INFO
Selected alive Connection, making request
TRACE:
curl &quot;http://localhost:9200/*?pretty=true&quot; -XDELETE
&lt;- 200
{&quot;ok&quot;:true,&quot;acknowledged&quot;:true}


INFO
Request complete
DEBUG
starting request { ignore: [ 404, [length]: 1 ],
  timeout: 10000,
[...]


INFO
Request complete
DEBUG
starting request { body: { doc: { foo: &apos;baz&apos; }, upsert: { foo: &apos;bar&apos; } },
  timeout: 10000,
  method: &apos;POST&apos;,
  path: &apos;/test_1/test/2/_update&apos;,
  query: { refresh: true } }

INFO
Selected alive Connection, making request
TRACE:
curl &quot;http://localhost:9200/test_1/test/2/_update?refresh=true&quot; -XPOST -d &quot;{\&quot;doc\&quot;:{\&quot;foo\&quot;:\&quot;baz\&quot;},\&quot;upsert\&quot;:{\&quot;foo\&quot;:\&quot;bar\&quot;}}&quot;
&lt;- 201
{&quot;ok&quot;:true,&quot;_index&quot;:&quot;test_1&quot;,&quot;_type&quot;:&quot;test&quot;,&quot;_id&quot;:&quot;2&quot;,&quot;_version&quot;:1}


INFO
Request complete
DEBUG
starting request { body: { query: { term: { _id: 2 } } },
  timeout: 10000,
  method: &apos;POST&apos;,
  path: &apos;/test_1/test/_search&apos;,
  query: {} }

INFO
Selected alive Connection, making request
TRACE:
curl &quot;http://localhost:9200/test_1/test/_search?pretty=true&quot; -XPOST -d &quot;{\&quot;query\&quot;:{\&quot;term\&quot;:{\&quot;_id\&quot;:2}}}&quot;
&lt;- 200
{&quot;took&quot;:1,&quot;timed_out&quot;:false,&quot;_shards&quot;:{&quot;total&quot;:5,&quot;successful&quot;:5,&quot;failed&quot;:0},&quot;hits&quot;:{&quot;total&quot;:1,&quot;max_score&quot;:1.0,&quot;hits&quot;:[{&quot;_index&quot;:&quot;test_1&quot;,&quot;_type&quot;:&quot;test&quot;,&quot;_id&quot;:&quot;2&quot;,&quot;_score&quot;:1.0, &quot;_source&quot; : {&quot;foo&quot;:&quot;bar&quot;}}]}}


INFO
Request complete
DEBUG
starting request { ignore: [ 404, [length]: 1 ],
  timeout: 10000,
  method: &apos;DELETE&apos;,
  path: &apos;/*&apos;,
  query: {} }

INFO
Selected alive Connection, making request
TRACE:
curl &quot;http://localhost:9200/*?pretty=true&quot; -XDELETE
&lt;- 200
{&quot;ok&quot;:true,&quot;acknowledged&quot;:true}


INFO
Request complete
</system-out>
    <system-err></system-err>
  </testsuite>
  <testsuite package="elasticsearch-js:yaml_tests" id="125" name="update/70_timestamp.yaml" timestamp="2013-11-11T20:07:03.898Z" hostname="localhost" tests="1" failures="0" errors="0" time="0.256">
    <testcase name="Timestamp" time="0.245" classname="update/70_timestamp.yaml"/>
    <system-out>DEBUG
starting request { body: { mappings: { test: { _timestamp: { enabled: 1, store: &apos;yes&apos; } } } },
  timeout: 10000,
  method: &apos;PUT&apos;,
  path: &apos;/test_1&apos;,
  query: {} }

INFO
Selected alive Connection, making request
TRACE:
curl &quot;http://localhost:9200/test_1?pretty=true&quot; -XPUT -d &quot;{\&quot;mappings\&quot;:{\&quot;test\&quot;:{\&quot;_timestamp\&quot;:{\&quot;enabled\&quot;:1,\&quot;store\&quot;:\&quot;yes\&quot;}}}}&quot;
&lt;- 200
{&quot;ok&quot;:true,&quot;acknowledged&quot;:true}


INFO
Request complete
DEBUG
starting request { timeout: 10000,
  method: &apos;GET&apos;,
  path: &apos;/_cluster/health&apos;,
  query: { wait_for_status: &apos;yellow&apos; } }

INFO
Selected alive Connection, making request
TRACE:
curl &quot;http://localhost:9200/_cluster/health?wait_for_status=yellow&quot; -XGET
&lt;- 200
{&quot;cluster_name&quot;:&quot;elasticsearch&quot;,&quot;status&quot;:&quot;yellow&quot;,&quot;timed_out&quot;:false,&quot;number_of_nodes&quot;:1,&quot;number_of_data_nodes&quot;:1,&quot;active_primary_shards&quot;:5,&quot;active_shards&quot;:5,&quot;relocating_shards&quot;:0,&quot;initializing_shards&quot;:0,&quot;unassigned_shards&quot;:5}


INFO
Request complete
DEBUG
starting request { body: { doc: { foo: &apos;baz&apos; }, upsert: { foo: &apos;bar&apos; } },
  timeout: 10000,
  method: &apos;POST&apos;,
  path: &apos;/test_1/test/1/_update&apos;,
  query: {} }

INFO
Selected alive Connection, making request
TRACE:
curl &quot;http://localhost:9200/test_1/test/1/_update?pretty=true&quot; -XPOST -d &quot;{\&quot;doc\&quot;:{\&quot;foo\&quot;:\&quot;baz\&quot;},\&quot;upsert\&quot;:{\&quot;foo\&quot;:\&quot;bar\&quot;}}&quot;
&lt;- 201
{&quot;ok&quot;:true,&quot;_index&quot;:&quot;test_1&quot;,&quot;_type&quot;:&quot;test&quot;,&quot;_id&quot;:&quot;1&quot;,&quot;_version&quot;:1}


INFO
Request complete
DEBUG
starting request { timeout: 10000,
  method: &apos;GET&apos;,
  path: &apos;/test_1/test/1&apos;,
  query: { fields: &apos;_timestamp&apos; } }

INFO
Selected alive Connection, making request
TRACE:
curl &quot;http://localhost:9200/test_1/test/1?fields=_timestamp&quot; -XGET
&lt;- 200
{&quot;_index&quot;:&quot;test_1&quot;,&quot;_type&quot;:&quot;test&quot;,&quot;_id&quot;:&quot;1&quot;,&quot;_version&quot;:1,&quot;exists&quot;:true,&quot;fields&quot;:{&quot;_timestamp&quot;:1384200424127}}


INFO
Request complete
DEBUG
starting request { body: { doc: { foo: &apos;baz&apos; }, upsert: { foo: &apos;bar&apos; } },
  timeout: 10000,
  method: &apos;POST&apos;,
  path: &apos;/test_1/test/1/_update&apos;,
  query: { timestamp: 1372011280000 } }

INFO
Selected alive Connection, making request
TRACE:
curl &quot;http://localhost:9200/test_1/test/1/_update?timestamp=1372011280000&quot; -XPOST -d &quot;{\&quot;doc\&quot;:{\&quot;foo\&quot;:\&quot;baz\&quot;},\&quot;upsert\&quot;:{\&quot;foo\&quot;:\&quot;bar\&quot;}}&quot;
&lt;- 200
{&quot;ok&quot;:true,&quot;_index&quot;:&quot;test_1&quot;,&quot;_type&quot;:&quot;test&quot;,&quot;_id&quot;:&quot;1&quot;,&quot;_version&quot;:2}


INFO
Request complete
DEBUG
starting request { timeout: 10000,
  method: &apos;GET&apos;,
  path: &apos;/test_1/test/1&apos;,
  query: { fields: &apos;_timestamp&apos; } }

INFO
Selected alive Connection, making request
TRACE:
curl &quot;http://localhost:9200/test_1/test/1?fields=_timestamp&quot; -XGET
&lt;- 200
{&quot;_index&quot;:&quot;test_1&quot;,&quot;_type&quot;:&quot;test&quot;,&quot;_id&quot;:&quot;1&quot;,&quot;_version&quot;:2,&quot;exists&quot;:true,&quot;fields&quot;:{&quot;_timestamp&quot;:1372011280000}}


INFO
Request complete
DEBUG
starting request { body: { doc: { foo: &apos;baz&apos; }, upsert: { foo: &apos;bar&apos; } },
  timeout: 10000,
  method: &apos;POST&apos;,
  path: &apos;/test_1/test/1/_update&apos;,
  query: { timestamp: &apos;2013-06-23T18:14:40.000Z&apos; } }

INFO
Selected alive Connection, making request
TRACE:
curl &quot;http://localhost:9200/test_1/test/1/_update?timestamp=2013-06-23T18%3A14%3A40.000Z&quot; -XPOST -d &quot;{\&quot;doc\&quot;:{\&quot;foo\&quot;:\&quot;baz\&quot;},\&quot;upsert\&quot;:{\&quot;foo\&quot;:\&quot;bar\&quot;}}&quot;
&lt;- 200
{&quot;ok&quot;:true,&quot;_index&quot;:&quot;test_1&quot;,&quot;_type&quot;:&quot;test&quot;,&quot;_id&quot;:&quot;1&quot;,&quot;_version&quot;:3}


INFO
Request complete
DEBUG
starting request { timeout: 10000,
  method: &apos;GET&apos;,
  path: &apos;/test_1/test/1&apos;,
  query: { fields: &apos;_timestamp&apos; } }

INFO
Selected alive Connection, making request
TRACE:
curl &quot;http://localhost:9200/test_1/test/1?fields=_timestamp&quot; -XGET
&lt;- 200
{&quot;_index&quot;:&quot;test_1&quot;,&quot;_type&quot;:&quot;test&quot;,&quot;_id&quot;:&quot;1&quot;,&quot;_version&quot;:3,&quot;exists&quot;:true,&quot;fields&quot;:{&quot;_timestamp&quot;:1372011280000}}


INFO
Request complete
DEBUG
starting request { ignore: [ 404, [length]: 1 ],
  timeout: 10000,
  method: &apos;DELETE&apos;,
  path: &apos;/*&apos;,
  query: {} }

INFO
Selected alive Connection, making request
TRACE:
curl &quot;http://localhost:9200/*?pretty=true&quot; -XDELETE
&lt;- 200
{&quot;ok&quot;:true,&quot;acknowledged&quot;:true}


INFO
Request complete
</system-out>
    <system-err></system-err>
  </testsuite>
  <testsuite package="elasticsearch-js:yaml_tests" id="126" name="update/75_ttl.yaml" timestamp="2013-11-11T20:07:04.154Z" hostname="localhost" tests="1" failures="0" errors="0" time="0.066">
    <testcase name="TTL" time="0.055" classname="update/75_ttl.yaml"/>
    <system-out>DEBUG
starting request { body: { mappings: { test: { _ttl: { enabled: 1, store: &apos;yes&apos;, default: &apos;10s&apos; } } } },
  timeout: 10000,
  method: &apos;PUT&apos;,
  path: &apos;/test_1&apos;,
  query: {} }

INFO
Selected alive Connection, making request
TRACE:
curl &quot;http://localhost:9200/test_1?pretty=true&quot; -XPUT -d &quot;{\&quot;mappings\&quot;:{\&quot;test\&quot;:{\&quot;_ttl\&quot;:{\&quot;enabled\&quot;:1,\&quot;store\&quot;:\&quot;yes\&quot;,\&quot;default\&quot;:\&quot;10s\&quot;}}}}&quot;
&lt;- 200
{&quot;ok&quot;:true,&quot;acknowledged&quot;:true}


INFO
Request complete
DEBUG
starting request { timeout: 10000,
  method: &apos;GET&apos;,
  path: &apos;/_cluster/health&apos;,
  query: { wait_for_status: &apos;yellow&apos; } }

INFO
Selected alive Connection, making request
TRACE:
curl &quot;http://localhost:9200/_cluster/health?wait_for_status=yellow&quot; -XGET
&lt;- 200
{&quot;cluster_name&quot;:&quot;elasticsearch&quot;,&quot;status&quot;:&quot;yellow&quot;,&quot;timed_out&quot;:false,&quot;number_of_nodes&quot;:1,&quot;number_of_data_nodes&quot;:1,&quot;active_primary_shards&quot;:5,&quot;active_shards&quot;:5,&quot;relocating_shards&quot;:0,&quot;initializing_shards&quot;:0,&quot;unassigned_shards&quot;:5}


INFO
Request complete
DEBUG
starting request { body: { doc: { foo: &apos;baz&apos; }, upsert: { foo: &apos;bar&apos; } },
  timeout: 10000,
  method: &apos;POST&apos;,
  path: &apos;/test_1/test/1/_update&apos;,
  query: {} }

INFO
Selected alive Connection, making request
TRACE:
curl &quot;http://localhost:9200/test_1/test/1/_update?pretty=true&quot; -XPOST -d &quot;{\&quot;doc\&quot;:{\&quot;foo\&quot;:\&quot;baz\&quot;},\&quot;upsert\&quot;:{\&quot;foo\&quot;:\&quot;bar\&quot;}}&quot;
&lt;- 201
{&quot;ok&quot;:true,&quot;_index&quot;:&quot;test_1&quot;,&quot;_type&quot;:&quot;test&quot;,&quot;_id&quot;:&quot;1&quot;,&quot;_version&quot;:1}


INFO
Request complete
DEBUG
starting request { timeout: 10000,
  method: &apos;GET&apos;,
  path: &apos;/test_1/test/1&apos;,
  query: { fields: &apos;_ttl&apos; } }

INFO
Selected alive Connection, making request
TRACE:
curl &quot;http://localhost:9200/test_1/test/1?fields=_ttl&quot; -XGET
&lt;- 200
{&quot;_index&quot;:&quot;test_1&quot;,&quot;_type&quot;:&quot;test&quot;,&quot;_id&quot;:&quot;1&quot;,&quot;_version&quot;:1,&quot;exists&quot;:true,&quot;fields&quot;:{&quot;_ttl&quot;:9996}}


INFO
Request complete
DEBUG
starting request { body: { doc: { foo: &apos;baz&apos; }, upsert: { foo: &apos;bar&apos; } },
  timeout: 10000,
  method: &apos;POST&apos;,
  path: &apos;/test_1/test/1/_update&apos;,
  query: { ttl: 100000 } }

INFO
Selected alive Connection, making request
TRACE:
curl &quot;http://localhost:9200/test_1/test/1/_update?ttl=100000&quot; -XPOST -d &quot;{\&quot;doc\&quot;:{\&quot;foo\&quot;:\&quot;baz\&quot;},\&quot;upsert\&quot;:{\&quot;foo\&quot;:\&quot;bar\&quot;}}&quot;
&lt;- 200
{&quot;ok&quot;:true,&quot;_index&quot;:&quot;test_1&quot;,&quot;_type&quot;:&quot;test&quot;,&quot;_id&quot;:&quot;1&quot;,&quot;_version&quot;:2}


INFO
Request complete
DEBUG
starting request { timeout: 10000,
  method: &apos;GET&apos;,
  path: &apos;/test_1/test/1&apos;,
  query: { fields: &apos;_ttl&apos; } }

INFO
Selected alive Connection, making request
TRACE:
curl &quot;http://localhost:9200/test_1/test/1?fields=_ttl&quot; -XGET
&lt;- 200
{&quot;_index&quot;:&quot;test_1&quot;,&quot;_type&quot;:&quot;test&quot;,&quot;_id&quot;:&quot;1&quot;,&quot;_version&quot;:2,&quot;exists&quot;:true,&quot;fields&quot;:{&quot;_ttl&quot;:99997}}


INFO
Request complete
DEBUG
starting request { body: { doc: { foo: &apos;baz&apos; }, upsert: { foo: &apos;bar&apos; } },
  timeout: 10000,
  method: &apos;POST&apos;,
  path: &apos;/test_1/test/1/_update&apos;,
  query: { ttl: &apos;20s&apos; } }

INFO
Selected alive Connection, making request
TRACE:
curl &quot;http://localhost:9200/test_1/test/1/_update?ttl=20s&quot; -XPOST -d &quot;{\&quot;doc\&quot;:{\&quot;foo\&quot;:\&quot;baz\&quot;},\&quot;upsert\&quot;:{\&quot;foo\&quot;:\&quot;bar\&quot;}}&quot;
&lt;- 200
{&quot;ok&quot;:true,&quot;_index&quot;:&quot;test_1&quot;,&quot;_type&quot;:&quot;test&quot;,&quot;_id&quot;:&quot;1&quot;,&quot;_version&quot;:3}


INFO
Request complete
DEBUG
starting request { timeout: 10000,
  method: &apos;GET&apos;,
  path: &apos;/test_1/test/1&apos;,
  query: { fields: &apos;_ttl&apos; } }

INFO
Selected alive Connection, making request
TRACE:
curl &quot;http://localhost:9200/test_1/test/1?fields=_ttl&quot; -XGET
&lt;- 200
{&quot;_index&quot;:&quot;test_1&quot;,&quot;_type&quot;:&quot;test&quot;,&quot;_id&quot;:&quot;1&quot;,&quot;_version&quot;:3,&quot;exists&quot;:true,&quot;fields&quot;:{&quot;_ttl&quot;:19997}}


INFO
Request complete
DEBUG
starting request { body: { foo: &apos;bar&apos; },
  timeout: 10000,
  method: &apos;POST&apos;,
  path: &apos;/test_1/test/1&apos;,
  query: { timestamp: &apos;2013-06-23T18:14:40.000Z&apos;, ttl: &apos;20s&apos; } }

INFO
Selected alive Connection, making request
TRACE:
curl &quot;http://localhost:9200/test_1/test/1?timestamp=2013-06-23T18%3A14%3A40.000Z&amp;ttl=20s&quot; -XPOST -d &quot;{\&quot;foo\&quot;:\&quot;bar\&quot;}&quot;
&lt;- 400
{&quot;error&quot;:&quot;MapperParsingException[failed to parse [_ttl]]; nested: AlreadyExpiredException[already expired [test_1]/[test]/[1] due to expire at [1372011300000] and was processed at [1384200424208]]; &quot;,&quot;status&quot;:400}


INFO
Request complete
DEBUG
starting request { ignore: [ 404, [length]: 1 ],
  timeout: 10000,
  method: &apos;DELETE&apos;,
  path: &apos;/*&apos;,
  query: {} }

INFO
Selected alive Connection, making request
TRACE:
curl &quot;http://localhost:9200/*?pretty=true&quot; -XDELETE
&lt;- 200
{&quot;ok&quot;:true,&quot;acknowledged&quot;:true}


INFO
Request complete
</system-out>
    <system-err></system-err>
  </testsuite>
  <testsuite package="elasticsearch-js:yaml_tests" id="127" name="update/80_fields.yaml" timestamp="2013-11-11T20:07:04.220Z" hostname="localhost" tests="1" failures="0" errors="0" time="0.038">
    <testcase name="Fields" time="0.028" classname="update/80_fields.yaml"/>
    <system-out>DEBUG
starting request { body: { doc: { foo: &apos;baz&apos; }, upsert: { foo: &apos;bar&apos; } },
  timeout: 10000,
  method: &apos;POST&apos;,
  path: &apos;/test_1/test/1/_update&apos;,
  query: { fields: &apos;foo,bar,_source&apos; } }

INFO
Selected alive Connection, making request
TRACE:
curl &quot;http://localhost:9200/test_1/test/1/_update?fields=foo%2Cbar%2C_source&quot; -XPOST -d &quot;{\&quot;doc\&quot;:{\&quot;foo\&quot;:\&quot;baz\&quot;},\&quot;upsert\&quot;:{\&quot;foo\&quot;:\&quot;bar\&quot;}}&quot;
&lt;- 201
{&quot;ok&quot;:true,&quot;_index&quot;:&quot;test_1&quot;,&quot;_type&quot;:&quot;test&quot;,&quot;_id&quot;:&quot;1&quot;,&quot;_version&quot;:1,&quot;get&quot;:{&quot;exists&quot;:true, &quot;_source&quot; : {&quot;foo&quot;:&quot;bar&quot;},&quot;fields&quot;:{&quot;foo&quot;:&quot;bar&quot;}}}


INFO
Request complete
DEBUG
starting request { ignore: [ 404, [length]: 1 ],
  timeout: 10000,
  method: &apos;DELETE&apos;,
  path: &apos;/*&apos;,
  query: {} }

INFO
Selected alive Connection, making request
TRACE:
curl &quot;http://localhost:9200/*?pretty=true&quot; -XDELETE
&lt;- 200
{&quot;ok&quot;:true,&quot;acknowledged&quot;:true}


INFO
Request complete
</system-out>
    <system-err></system-err>
  </testsuite>
  <testsuite package="elasticsearch-js:yaml_tests" id="128" name="update/85_fields_meta.yaml" timestamp="2013-11-11T20:07:04.258Z" hostname="localhost" tests="1" failures="0" errors="0" time="0.005">
    <testcase name="Metadata Fields" time="0.001" classname="update/85_fields_meta.yaml"/>
    <system-out>DEBUG
starting request { ignore: [ 404, [length]: 1 ],
  timeout: 10000,
  method: &apos;DELETE&apos;,
  path: &apos;/*&apos;,
  query: {} }

INFO
Selected alive Connection, making request
TRACE:
curl &quot;http://localhost:9200/*?pretty=true&quot; -XDELETE
&lt;- 404
{&quot;error&quot;:&quot;IndexMissingException[[*] missing]&quot;,&quot;status&quot;:404}


INFO
Request complete
</system-out>
    <system-err></system-err>
  </testsuite>
  <testsuite package="elasticsearch-js:yaml_tests" id="129" name="update/90_missing.yaml" timestamp="2013-11-11T20:07:04.263Z" hostname="localhost" tests="3" failures="1" errors="0" time="NaN">
    <testcase name="Missing document (partial doc)" time="0.032" classname="update/90_missing.yaml"/>
    <testcase name="Missing document (script)" time="0.029" classname="update/90_missing.yaml"/>
    <testcase name="&quot;after each&quot; hook" time="0.01" classname="update/90_missing.yaml">
      <failure message="Error: global leak detected: testResults" type="AssertError"/>
    </testcase>
    <system-out>DEBUG
starting request { body: { doc: { foo: &apos;bar&apos; } },
  ignore: [ 404, [length]: 1 ],
  timeout: 10000,
  method: &apos;POST&apos;,
  path: &apos;/test_1/test/1/_update&apos;,
  query: {} }

INFO
Selected alive Connection, making request
TRACE:
curl &quot;http://localhost:9200/test_1/test/1/_update?pretty=true&quot; -XPOST -d &quot;{\&quot;doc\&quot;:{\&quot;foo\&quot;:\&quot;bar\&quot;}}&quot;
&lt;- 404
{&quot;error&quot;:&quot;DocumentMissingException[[test_1][2] [test][1]: document missing]&quot;,&quot;status&quot;:404}


INFO
Request complete
DEBUG
starting request { body: { doc: { foo: &apos;bar&apos; } },
  ignore: [ 404, [length]: 1 ],
  timeout: 10000,
  method: &apos;POST&apos;,
  path: &apos;/test_1/test/1/_update&apos;,
  query: {} }

INFO
Selected alive Connection, making request
TRACE:
curl &quot;http://localhost:9200/test_1/test/1/_update?pretty=true&quot; -XPOST -d &quot;{\&quot;doc\&quot;:{\&quot;foo\&quot;:\&quot;bar\&quot;}}&quot;
&lt;- 404
{&quot;error&quot;:&quot;DocumentMissingException[[test_1][2] [test][1]: document missing]&quot;,&quot;status&quot;:404}


INFO
Request complete
DEBUG
starting request { ignore: [ 404, [length]: 1 ],
  timeout: 10000,
  method: &apos;DELETE&apos;,
  path: &apos;/*&apos;,
  query: {} }

INFO
Selected alive Connection, making request
TRACE:
curl &quot;http://localhost:9200/*?pretty=true&quot; -XDELETE
&lt;- 200
{&quot;ok&quot;:true,&quot;acknowledged&quot;:true}


INFO
Request complete
DEBUG
starting request { body: { script: &apos;ctx._source.foo = bar&apos;, params: { bar: &apos;xxx&apos; } },
  ignore: [ 404, [length]: 1 ],
  timeout: 10000,
  method: &apos;POST&apos;,
  path: &apos;/test_1/test/1/_update&apos;,
  query: {} }

INFO
Selected alive Connection, making request
TRACE:
curl &quot;http://localhost:9200/test_1/test/1/_update?pretty=true&quot; -XPOST -d &quot;{\&quot;script\&quot;:\&quot;ctx._source.foo = bar\&quot;,\&quot;params\&quot;:{\&quot;bar\&quot;:\&quot;xxx\&quot;}}&quot;
&lt;- 404
{&quot;error&quot;:&quot;DocumentMissingException[[test_1][2] [test][1]: document missing]&quot;,&quot;status&quot;:404}


INFO
Request complete
DEBUG
starting request { body: { script: &apos;ctx._source.foo = bar&apos;, params: { bar: &apos;xxx&apos; } },
  ignore: [ 404, [length]: 1 ],
  timeout: 10000,
  method: &apos;POST&apos;,
  path: &apos;/test_1/test/1/_update&apos;,
  query: {} }

INFO
Selected alive Connection, making request
TRACE:
curl &quot;http://localhost:9200/test_1/test/1/_update?pretty=true&quot; -XPOST -d &quot;{\&quot;script\&quot;:\&quot;ctx._source.foo = bar\&quot;,\&quot;params\&quot;:{\&quot;bar\&quot;:\&quot;xxx\&quot;}}&quot;
&lt;- 404
{&quot;error&quot;:&quot;DocumentMissingException[[test_1][2] [test][1]: document missing]&quot;,&quot;status&quot;:404}


INFO
Request complete
DEBUG
starting request { ignore: [ 404, [length]: 1 ],
  timeout: 10000,
  method: &apos;DELETE&apos;,
  path: &apos;/*&apos;,
  query: {} }

INFO
Selected alive Connection, making request
TRACE:
curl &quot;http://localhost:9200/*?pretty=true&quot; -XDELETE
&lt;- 200
{&quot;ok&quot;:true,&quot;acknowledged&quot;:true}


INFO
Request complete
</system-out>
    <system-err></system-err>
  </testsuite>
</testsuites>
